{"C:\\Users\\USER\\Desktop\\4twin9\\Piweb\\Novastackers\\SustainaFoodBack\\app.js": {"path":"C:\\Users\\USER\\Desktop\\4twin9\\Piweb\\Novastackers\\SustainaFoodBack\\app.js","statementMap":{"0":{"start":{"line":1,"column":16},"end":{"line":1,"column":34}},"1":{"start":{"line":2,"column":13},"end":{"line":2,"column":28}},"2":{"start":{"line":3,"column":21},"end":{"line":3,"column":45}},"3":{"start":{"line":4,"column":13},"end":{"line":4,"column":28}},"4":{"start":{"line":5,"column":19},"end":{"line":5,"column":39}},"5":{"start":{"line":6,"column":0},"end":{"line":6,"column":27}},"6":{"start":{"line":7,"column":18},"end":{"line":7,"column":44}},"7":{"start":{"line":8,"column":15},"end":{"line":8,"column":38}},"8":{"start":{"line":9,"column":23},"end":{"line":9,"column":61}},"9":{"start":{"line":10,"column":13},"end":{"line":10,"column":28}},"10":{"start":{"line":11,"column":26},"end":{"line":11,"column":58}},"11":{"start":{"line":12,"column":23},"end":{"line":12,"column":60}},"12":{"start":{"line":13,"column":22},"end":{"line":13,"column":59}},"13":{"start":{"line":14,"column":29},"end":{"line":14,"column":73}},"14":{"start":{"line":15,"column":31},"end":{"line":15,"column":77}},"15":{"start":{"line":17,"column":12},"end":{"line":17,"column":21}},"16":{"start":{"line":18,"column":15},"end":{"line":18,"column":37}},"17":{"start":{"line":19,"column":26},"end":{"line":19,"column":80}},"18":{"start":{"line":22,"column":11},"end":{"line":28,"column":2}},"19":{"start":{"line":31,"column":0},"end":{"line":43,"column":3}},"20":{"start":{"line":32,"column":2},"end":{"line":32,"column":40}},"21":{"start":{"line":35,"column":2},"end":{"line":38,"column":5}},"22":{"start":{"line":36,"column":4},"end":{"line":36,"column":24}},"23":{"start":{"line":37,"column":4},"end":{"line":37,"column":50}},"24":{"start":{"line":40,"column":2},"end":{"line":42,"column":5}},"25":{"start":{"line":41,"column":4},"end":{"line":41,"column":41}},"26":{"start":{"line":46,"column":0},"end":{"line":49,"column":3}},"27":{"start":{"line":47,"column":2},"end":{"line":47,"column":14}},"28":{"start":{"line":48,"column":2},"end":{"line":48,"column":9}},"29":{"start":{"line":51,"column":0},"end":{"line":53,"column":3}},"30":{"start":{"line":52,"column":2},"end":{"line":52,"column":41}},"31":{"start":{"line":57,"column":0},"end":{"line":57,"column":109}},"32":{"start":{"line":60,"column":0},"end":{"line":65,"column":4}},"33":{"start":{"line":66,"column":0},"end":{"line":66,"column":41}},"34":{"start":{"line":67,"column":0},"end":{"line":67,"column":24}},"35":{"start":{"line":68,"column":0},"end":{"line":68,"column":69}},"36":{"start":{"line":71,"column":0},"end":{"line":71,"column":24}},"37":{"start":{"line":72,"column":0},"end":{"line":72,"column":42}},"38":{"start":{"line":73,"column":0},"end":{"line":73,"column":42}},"39":{"start":{"line":74,"column":0},"end":{"line":74,"column":39}},"40":{"start":{"line":76,"column":0},"end":{"line":76,"column":38}},"41":{"start":{"line":78,"column":0},"end":{"line":78,"column":59}},"42":{"start":{"line":80,"column":20},"end":{"line":85,"column":1}},"43":{"start":{"line":81,"column":2},"end":{"line":81,"column":20}},"44":{"start":{"line":82,"column":2},"end":{"line":84,"column":5}},"45":{"start":{"line":83,"column":4},"end":{"line":83,"column":62}},"46":{"start":{"line":87,"column":0},"end":{"line":89,"column":1}},"47":{"start":{"line":88,"column":2},"end":{"line":88,"column":16}},"48":{"start":{"line":90,"column":0},"end":{"line":90,"column":16}},"49":{"start":{"line":91,"column":0},"end":{"line":91,"column":21}}},"fnMap":{"0":{"name":"(anonymous_0)","decl":{"start":{"line":31,"column":20},"end":{"line":31,"column":21}},"loc":{"start":{"line":31,"column":32},"end":{"line":43,"column":1}},"line":31},"1":{"name":"(anonymous_1)","decl":{"start":{"line":35,"column":20},"end":{"line":35,"column":21}},"loc":{"start":{"line":35,"column":32},"end":{"line":38,"column":3}},"line":35},"2":{"name":"(anonymous_2)","decl":{"start":{"line":40,"column":26},"end":{"line":40,"column":27}},"loc":{"start":{"line":40,"column":32},"end":{"line":42,"column":3}},"line":40},"3":{"name":"(anonymous_3)","decl":{"start":{"line":46,"column":8},"end":{"line":46,"column":9}},"loc":{"start":{"line":46,"column":28},"end":{"line":49,"column":1}},"line":46},"4":{"name":"(anonymous_4)","decl":{"start":{"line":51,"column":13},"end":{"line":51,"column":14}},"loc":{"start":{"line":51,"column":27},"end":{"line":53,"column":1}},"line":51},"5":{"name":"(anonymous_5)","decl":{"start":{"line":80,"column":20},"end":{"line":80,"column":21}},"loc":{"start":{"line":80,"column":32},"end":{"line":85,"column":1}},"line":80},"6":{"name":"(anonymous_6)","decl":{"start":{"line":82,"column":22},"end":{"line":82,"column":23}},"loc":{"start":{"line":82,"column":28},"end":{"line":84,"column":3}},"line":82}},"branchMap":{"0":{"loc":{"start":{"line":24,"column":12},"end":{"line":24,"column":43}},"type":"binary-expr","locations":[{"start":{"line":24,"column":12},"end":{"line":24,"column":36}},{"start":{"line":24,"column":40},"end":{"line":24,"column":43}}],"line":24},"1":{"loc":{"start":{"line":61,"column":10},"end":{"line":61,"column":41}},"type":"binary-expr","locations":[{"start":{"line":61,"column":10},"end":{"line":61,"column":34}},{"start":{"line":61,"column":38},"end":{"line":61,"column":41}}],"line":61},"2":{"loc":{"start":{"line":87,"column":0},"end":{"line":89,"column":1}},"type":"if","locations":[{"start":{"line":87,"column":0},"end":{"line":89,"column":1}},{"start":{},"end":{}}],"line":87}},"s":{"0":2,"1":2,"2":2,"3":2,"4":2,"5":2,"6":2,"7":2,"8":2,"9":2,"10":2,"11":2,"12":2,"13":2,"14":2,"15":2,"16":2,"17":2,"18":2,"19":2,"20":0,"21":0,"22":0,"23":0,"24":0,"25":0,"26":2,"27":6,"28":6,"29":2,"30":1,"31":2,"32":2,"33":2,"34":2,"35":2,"36":2,"37":2,"38":2,"39":2,"40":2,"41":2,"42":2,"43":0,"44":0,"45":0,"46":2,"47":0,"48":2,"49":2},"f":{"0":0,"1":0,"2":0,"3":6,"4":1,"5":0,"6":0},"b":{"0":[2,0],"1":[2,0],"2":[0,2]},"_coverageSchema":"1a1c01bbd47fc00a2c39e90264f33305004495a9","hash":"586578736cf48283b923b51b35532523a7d25e90"}
,"C:\\Users\\USER\\Desktop\\4twin9\\Piweb\\Novastackers\\SustainaFoodBack\\src\\config\\db.js": {"path":"C:\\Users\\USER\\Desktop\\4twin9\\Piweb\\Novastackers\\SustainaFoodBack\\src\\config\\db.js","statementMap":{"0":{"start":{"line":1,"column":17},"end":{"line":1,"column":36}},"1":{"start":{"line":2,"column":0},"end":{"line":2,"column":27}},"2":{"start":{"line":4,"column":18},"end":{"line":12,"column":1}},"3":{"start":{"line":5,"column":2},"end":{"line":11,"column":3}},"4":{"start":{"line":6,"column":4},"end":{"line":6,"column":52}},"5":{"start":{"line":7,"column":4},"end":{"line":7,"column":54}},"6":{"start":{"line":9,"column":4},"end":{"line":9,"column":56}},"7":{"start":{"line":10,"column":4},"end":{"line":10,"column":20}},"8":{"start":{"line":14,"column":0},"end":{"line":14,"column":27}}},"fnMap":{"0":{"name":"(anonymous_0)","decl":{"start":{"line":4,"column":18},"end":{"line":4,"column":19}},"loc":{"start":{"line":4,"column":30},"end":{"line":12,"column":1}},"line":4}},"branchMap":{},"s":{"0":2,"1":2,"2":2,"3":0,"4":0,"5":0,"6":0,"7":0,"8":2},"f":{"0":0},"b":{},"_coverageSchema":"1a1c01bbd47fc00a2c39e90264f33305004495a9","hash":"9a6cc7cafad186eae26fe187d7e8165d6bc809a2"}
,"C:\\Users\\USER\\Desktop\\4twin9\\Piweb\\Novastackers\\SustainaFoodBack\\src\\config\\mailer.js": {"path":"C:\\Users\\USER\\Desktop\\4twin9\\Piweb\\Novastackers\\SustainaFoodBack\\src\\config\\mailer.js","statementMap":{"0":{"start":{"line":1,"column":18},"end":{"line":1,"column":39}},"1":{"start":{"line":4,"column":20},"end":{"line":11,"column":14}},"2":{"start":{"line":14,"column":32},"end":{"line":19,"column":13}},"3":{"start":{"line":21,"column":12},"end":{"line":21,"column":59}},"4":{"start":{"line":23,"column":0},"end":{"line":23,"column":26}}},"fnMap":{"0":{"name":"sendMail","decl":{"start":{"line":13,"column":15},"end":{"line":13,"column":23}},"loc":{"start":{"line":13,"column":43},"end":{"line":22,"column":13}},"line":13}},"branchMap":{},"s":{"0":2,"1":2,"2":0,"3":0,"4":2},"f":{"0":0},"b":{},"_coverageSchema":"1a1c01bbd47fc00a2c39e90264f33305004495a9","hash":"dce798a989d1b181b519d646c7593afc6d5b0f82"}
,"C:\\Users\\USER\\Desktop\\4twin9\\Piweb\\Novastackers\\SustainaFoodBack\\src\\config\\stripeConfig.js": {"path":"C:\\Users\\USER\\Desktop\\4twin9\\Piweb\\Novastackers\\SustainaFoodBack\\src\\config\\stripeConfig.js","statementMap":{"0":{"start":{"line":1,"column":15},"end":{"line":1,"column":32}},"1":{"start":{"line":2,"column":0},"end":{"line":2,"column":27}},"2":{"start":{"line":4,"column":15},"end":{"line":4,"column":56}},"3":{"start":{"line":6,"column":0},"end":{"line":6,"column":24}}},"fnMap":{},"branchMap":{},"s":{"0":2,"1":2,"2":2,"3":2},"f":{},"b":{},"_coverageSchema":"1a1c01bbd47fc00a2c39e90264f33305004495a9","hash":"af6b89da020e055e1b7e672e162b11bdeb187c49"}
,"C:\\Users\\USER\\Desktop\\4twin9\\Piweb\\Novastackers\\SustainaFoodBack\\src\\controllers\\allUsers.js": {"path":"C:\\Users\\USER\\Desktop\\4twin9\\Piweb\\Novastackers\\SustainaFoodBack\\src\\controllers\\allUsers.js","statementMap":{"0":{"start":{"line":1,"column":17},"end":{"line":1,"column":36}},"1":{"start":{"line":2,"column":18},"end":{"line":2,"column":48}},"2":{"start":{"line":3,"column":15},"end":{"line":3,"column":34}},"3":{"start":{"line":4,"column":17},"end":{"line":4,"column":46}},"4":{"start":{"line":9,"column":17},"end":{"line":9,"column":27}},"5":{"start":{"line":10,"column":2},"end":{"line":22,"column":3}},"6":{"start":{"line":11,"column":17},"end":{"line":11,"column":45}},"7":{"start":{"line":13,"column":4},"end":{"line":15,"column":5}},"8":{"start":{"line":14,"column":6},"end":{"line":14,"column":33}},"9":{"start":{"line":17,"column":4},"end":{"line":21,"column":4}},"10":{"start":{"line":26,"column":26},"end":{"line":26,"column":36}},"11":{"start":{"line":28,"column":2},"end":{"line":37,"column":3}},"12":{"start":{"line":29,"column":26},"end":{"line":31,"column":31}},"13":{"start":{"line":33,"column":4},"end":{"line":33,"column":40}},"14":{"start":{"line":35,"column":4},"end":{"line":35,"column":56}},"15":{"start":{"line":36,"column":4},"end":{"line":36,"column":88}},"16":{"start":{"line":49,"column":4},"end":{"line":58,"column":5}},"17":{"start":{"line":50,"column":23},"end":{"line":50,"column":32}},"18":{"start":{"line":52,"column":21},"end":{"line":52,"column":41}},"19":{"start":{"line":53,"column":20},"end":{"line":53,"column":78}},"20":{"start":{"line":55,"column":6},"end":{"line":55,"column":34}},"21":{"start":{"line":57,"column":6},"end":{"line":57,"column":72}},"22":{"start":{"line":64,"column":4},"end":{"line":81,"column":5}},"23":{"start":{"line":65,"column":8},"end":{"line":65,"column":40}},"24":{"start":{"line":67,"column":25},"end":{"line":67,"column":47}},"25":{"start":{"line":69,"column":8},"end":{"line":74,"column":10}},"26":{"start":{"line":76,"column":8},"end":{"line":80,"column":10}},"27":{"start":{"line":87,"column":4},"end":{"line":101,"column":5}},"28":{"start":{"line":88,"column":64},"end":{"line":88,"column":72}},"29":{"start":{"line":89,"column":25},"end":{"line":89,"column":66}},"30":{"start":{"line":91,"column":28},"end":{"line":91,"column":103}},"31":{"start":{"line":93,"column":8},"end":{"line":95,"column":9}},"32":{"start":{"line":94,"column":12},"end":{"line":94,"column":87}},"33":{"start":{"line":97,"column":8},"end":{"line":97,"column":67}},"34":{"start":{"line":99,"column":8},"end":{"line":99,"column":27}},"35":{"start":{"line":100,"column":8},"end":{"line":100,"column":81}},"36":{"start":{"line":106,"column":21},"end":{"line":106,"column":31}},"37":{"start":{"line":107,"column":24},"end":{"line":107,"column":32}},"38":{"start":{"line":108,"column":4},"end":{"line":108,"column":23}},"39":{"start":{"line":109,"column":4},"end":{"line":109,"column":29}},"40":{"start":{"line":110,"column":4},"end":{"line":126,"column":5}},"41":{"start":{"line":112,"column":26},"end":{"line":114,"column":8}},"42":{"start":{"line":117,"column":6},"end":{"line":119,"column":7}},"43":{"start":{"line":118,"column":8},"end":{"line":118,"column":67}},"44":{"start":{"line":122,"column":6},"end":{"line":122,"column":40}},"45":{"start":{"line":124,"column":6},"end":{"line":124,"column":51}},"46":{"start":{"line":125,"column":6},"end":{"line":125,"column":87}},"47":{"start":{"line":129,"column":42},"end":{"line":129,"column":50}},"48":{"start":{"line":130,"column":21},"end":{"line":130,"column":31}},"49":{"start":{"line":131,"column":4},"end":{"line":148,"column":5}},"50":{"start":{"line":132,"column":21},"end":{"line":132,"column":53}},"51":{"start":{"line":133,"column":8},"end":{"line":135,"column":9}},"52":{"start":{"line":134,"column":10},"end":{"line":134,"column":69}},"53":{"start":{"line":137,"column":24},"end":{"line":137,"column":75}},"54":{"start":{"line":138,"column":8},"end":{"line":140,"column":9}},"55":{"start":{"line":139,"column":10},"end":{"line":139,"column":84}},"56":{"start":{"line":141,"column":8},"end":{"line":141,"column":36}},"57":{"start":{"line":142,"column":8},"end":{"line":142,"column":26}},"58":{"start":{"line":144,"column":8},"end":{"line":144,"column":75}},"59":{"start":{"line":146,"column":8},"end":{"line":146,"column":63}},"60":{"start":{"line":147,"column":8},"end":{"line":147,"column":89}},"61":{"start":{"line":154,"column":16},"end":{"line":173,"column":3}},"62":{"start":{"line":155,"column":4},"end":{"line":172,"column":5}},"63":{"start":{"line":156,"column":21},"end":{"line":156,"column":31}},"64":{"start":{"line":160,"column":6},"end":{"line":162,"column":7}},"65":{"start":{"line":161,"column":8},"end":{"line":161,"column":64}},"66":{"start":{"line":164,"column":19},"end":{"line":164,"column":47}},"67":{"start":{"line":165,"column":6},"end":{"line":167,"column":7}},"68":{"start":{"line":166,"column":8},"end":{"line":166,"column":75}},"69":{"start":{"line":168,"column":6},"end":{"line":168,"column":33}},"70":{"start":{"line":170,"column":6},"end":{"line":170,"column":81}},"71":{"start":{"line":171,"column":6},"end":{"line":171,"column":58}},"72":{"start":{"line":179,"column":4},"end":{"line":188,"column":5}},"73":{"start":{"line":180,"column":26},"end":{"line":180,"column":74}},"74":{"start":{"line":181,"column":6},"end":{"line":183,"column":7}},"75":{"start":{"line":182,"column":8},"end":{"line":182,"column":83}},"76":{"start":{"line":184,"column":6},"end":{"line":184,"column":84}},"77":{"start":{"line":186,"column":6},"end":{"line":186,"column":25}},"78":{"start":{"line":187,"column":6},"end":{"line":187,"column":79}},"79":{"start":{"line":192,"column":4},"end":{"line":217,"column":5}},"80":{"start":{"line":193,"column":23},"end":{"line":193,"column":33}},"81":{"start":{"line":195,"column":8},"end":{"line":197,"column":9}},"82":{"start":{"line":196,"column":12},"end":{"line":196,"column":67}},"83":{"start":{"line":200,"column":21},"end":{"line":200,"column":49}},"84":{"start":{"line":201,"column":8},"end":{"line":203,"column":9}},"85":{"start":{"line":202,"column":12},"end":{"line":202,"column":71}},"86":{"start":{"line":206,"column":8},"end":{"line":206,"column":43}},"87":{"start":{"line":207,"column":8},"end":{"line":207,"column":26}},"88":{"start":{"line":209,"column":8},"end":{"line":212,"column":11}},"89":{"start":{"line":215,"column":8},"end":{"line":215,"column":27}},"90":{"start":{"line":216,"column":8},"end":{"line":216,"column":58}},"91":{"start":{"line":221,"column":2},"end":{"line":221,"column":50}},"92":{"start":{"line":223,"column":2},"end":{"line":248,"column":3}},"93":{"start":{"line":225,"column":19},"end":{"line":225,"column":85}},"94":{"start":{"line":226,"column":70},"end":{"line":226,"column":78}},"95":{"start":{"line":228,"column":20},"end":{"line":228,"column":77}},"96":{"start":{"line":230,"column":4},"end":{"line":232,"column":5}},"97":{"start":{"line":231,"column":6},"end":{"line":231,"column":56}},"98":{"start":{"line":234,"column":24},"end":{"line":236,"column":6}},"99":{"start":{"line":238,"column":4},"end":{"line":240,"column":5}},"100":{"start":{"line":239,"column":6},"end":{"line":239,"column":65}},"101":{"start":{"line":242,"column":4},"end":{"line":242,"column":80}},"102":{"start":{"line":246,"column":4},"end":{"line":246,"column":56}},"103":{"start":{"line":247,"column":4},"end":{"line":247,"column":70}},"104":{"start":{"line":254,"column":2},"end":{"line":287,"column":3}},"105":{"start":{"line":255,"column":19},"end":{"line":255,"column":36}},"106":{"start":{"line":256,"column":29},"end":{"line":256,"column":37}},"107":{"start":{"line":259,"column":4},"end":{"line":264,"column":5}},"108":{"start":{"line":260,"column":6},"end":{"line":263,"column":9}},"109":{"start":{"line":266,"column":17},"end":{"line":266,"column":49}},"110":{"start":{"line":267,"column":4},"end":{"line":269,"column":5}},"111":{"start":{"line":268,"column":6},"end":{"line":268,"column":81}},"112":{"start":{"line":272,"column":4},"end":{"line":272,"column":41}},"113":{"start":{"line":273,"column":4},"end":{"line":273,"column":22}},"114":{"start":{"line":275,"column":4},"end":{"line":279,"column":7}},"115":{"start":{"line":281,"column":4},"end":{"line":281,"column":67}},"116":{"start":{"line":282,"column":4},"end":{"line":286,"column":7}},"117":{"start":{"line":291,"column":2},"end":{"line":313,"column":3}},"118":{"start":{"line":292,"column":19},"end":{"line":292,"column":36}},"119":{"start":{"line":294,"column":17},"end":{"line":294,"column":49}},"120":{"start":{"line":295,"column":4},"end":{"line":297,"column":5}},"121":{"start":{"line":296,"column":6},"end":{"line":296,"column":81}},"122":{"start":{"line":300,"column":25},"end":{"line":300,"column":87}},"123":{"start":{"line":302,"column":4},"end":{"line":305,"column":7}},"124":{"start":{"line":307,"column":4},"end":{"line":307,"column":67}},"125":{"start":{"line":308,"column":4},"end":{"line":312,"column":7}},"126":{"start":{"line":319,"column":0},"end":{"line":319,"column":237}}},"fnMap":{"0":{"name":"getUserById","decl":{"start":{"line":8,"column":15},"end":{"line":8,"column":26}},"loc":{"start":{"line":8,"column":35},"end":{"line":24,"column":1}},"line":8},"1":{"name":"getAssignedFoodForVolunteer","decl":{"start":{"line":25,"column":15},"end":{"line":25,"column":42}},"loc":{"start":{"line":25,"column":51},"end":{"line":38,"column":1}},"line":25},"2":{"name":"getAllVolunteers","decl":{"start":{"line":48,"column":15},"end":{"line":48,"column":31}},"loc":{"start":{"line":48,"column":40},"end":{"line":59,"column":1}},"line":48},"3":{"name":"allUsers","decl":{"start":{"line":63,"column":15},"end":{"line":63,"column":23}},"loc":{"start":{"line":63,"column":33},"end":{"line":82,"column":1}},"line":63},"4":{"name":"updateUser","decl":{"start":{"line":86,"column":15},"end":{"line":86,"column":25}},"loc":{"start":{"line":86,"column":36},"end":{"line":102,"column":1}},"line":86},"5":{"name":"updateLogedInUser","decl":{"start":{"line":105,"column":15},"end":{"line":105,"column":32}},"loc":{"start":{"line":105,"column":41},"end":{"line":127,"column":1}},"line":105},"6":{"name":"updateLogedInPassword","decl":{"start":{"line":128,"column":15},"end":{"line":128,"column":36}},"loc":{"start":{"line":128,"column":45},"end":{"line":151,"column":1}},"line":128},"7":{"name":"(anonymous_7)","decl":{"start":{"line":154,"column":16},"end":{"line":154,"column":17}},"loc":{"start":{"line":154,"column":36},"end":{"line":173,"column":3}},"line":154},"8":{"name":"deleteUser","decl":{"start":{"line":178,"column":15},"end":{"line":178,"column":25}},"loc":{"start":{"line":178,"column":36},"end":{"line":189,"column":3}},"line":178},"9":{"name":"disableUser","decl":{"start":{"line":191,"column":15},"end":{"line":191,"column":26}},"loc":{"start":{"line":191,"column":37},"end":{"line":218,"column":1}},"line":191},"10":{"name":"updateNgoProfile","decl":{"start":{"line":220,"column":15},"end":{"line":220,"column":31}},"loc":{"start":{"line":220,"column":41},"end":{"line":251,"column":1}},"line":220},"11":{"name":"updateVolunteerAvailability","decl":{"start":{"line":253,"column":15},"end":{"line":253,"column":42}},"loc":{"start":{"line":253,"column":53},"end":{"line":288,"column":1}},"line":253},"12":{"name":"getVolunteerAvailability","decl":{"start":{"line":290,"column":15},"end":{"line":290,"column":39}},"loc":{"start":{"line":290,"column":49},"end":{"line":314,"column":1}},"line":290}},"branchMap":{"0":{"loc":{"start":{"line":13,"column":4},"end":{"line":15,"column":5}},"type":"if","locations":[{"start":{"line":13,"column":4},"end":{"line":15,"column":5}},{"start":{},"end":{}}],"line":13},"1":{"loc":{"start":{"line":18,"column":15},"end":{"line":18,"column":33}},"type":"binary-expr","locations":[{"start":{"line":18,"column":15},"end":{"line":18,"column":26}},{"start":{"line":18,"column":30},"end":{"line":18,"column":33}}],"line":18},"2":{"loc":{"start":{"line":52,"column":21},"end":{"line":52,"column":41}},"type":"cond-expr","locations":[{"start":{"line":52,"column":28},"end":{"line":52,"column":36}},{"start":{"line":52,"column":39},"end":{"line":52,"column":41}}],"line":52},"3":{"loc":{"start":{"line":77,"column":21},"end":{"line":77,"column":39}},"type":"binary-expr","locations":[{"start":{"line":77,"column":21},"end":{"line":77,"column":32}},{"start":{"line":77,"column":36},"end":{"line":77,"column":39}}],"line":77},"4":{"loc":{"start":{"line":93,"column":8},"end":{"line":95,"column":9}},"type":"if","locations":[{"start":{"line":93,"column":8},"end":{"line":95,"column":9}},{"start":{},"end":{}}],"line":93},"5":{"loc":{"start":{"line":117,"column":6},"end":{"line":119,"column":7}},"type":"if","locations":[{"start":{"line":117,"column":6},"end":{"line":119,"column":7}},{"start":{},"end":{}}],"line":117},"6":{"loc":{"start":{"line":133,"column":8},"end":{"line":135,"column":9}},"type":"if","locations":[{"start":{"line":133,"column":8},"end":{"line":135,"column":9}},{"start":{},"end":{}}],"line":133},"7":{"loc":{"start":{"line":138,"column":8},"end":{"line":140,"column":9}},"type":"if","locations":[{"start":{"line":138,"column":8},"end":{"line":140,"column":9}},{"start":{},"end":{}}],"line":138},"8":{"loc":{"start":{"line":160,"column":6},"end":{"line":162,"column":7}},"type":"if","locations":[{"start":{"line":160,"column":6},"end":{"line":162,"column":7}},{"start":{},"end":{}}],"line":160},"9":{"loc":{"start":{"line":165,"column":6},"end":{"line":167,"column":7}},"type":"if","locations":[{"start":{"line":165,"column":6},"end":{"line":167,"column":7}},{"start":{},"end":{}}],"line":165},"10":{"loc":{"start":{"line":181,"column":6},"end":{"line":183,"column":7}},"type":"if","locations":[{"start":{"line":181,"column":6},"end":{"line":183,"column":7}},{"start":{},"end":{}}],"line":181},"11":{"loc":{"start":{"line":195,"column":8},"end":{"line":197,"column":9}},"type":"if","locations":[{"start":{"line":195,"column":8},"end":{"line":197,"column":9}},{"start":{},"end":{}}],"line":195},"12":{"loc":{"start":{"line":201,"column":8},"end":{"line":203,"column":9}},"type":"if","locations":[{"start":{"line":201,"column":8},"end":{"line":203,"column":9}},{"start":{},"end":{}}],"line":201},"13":{"loc":{"start":{"line":210,"column":29},"end":{"line":210,"column":69}},"type":"cond-expr","locations":[{"start":{"line":210,"column":47},"end":{"line":210,"column":57}},{"start":{"line":210,"column":60},"end":{"line":210,"column":69}}],"line":210},"14":{"loc":{"start":{"line":225,"column":19},"end":{"line":225,"column":85}},"type":"binary-expr","locations":[{"start":{"line":225,"column":19},"end":{"line":225,"column":29}},{"start":{"line":225,"column":33},"end":{"line":225,"column":48}},{"start":{"line":225,"column":52},"end":{"line":225,"column":68}},{"start":{"line":225,"column":72},"end":{"line":225,"column":85}}],"line":225},"15":{"loc":{"start":{"line":230,"column":4},"end":{"line":232,"column":5}},"type":"if","locations":[{"start":{"line":230,"column":4},"end":{"line":232,"column":5}},{"start":{},"end":{}}],"line":230},"16":{"loc":{"start":{"line":238,"column":4},"end":{"line":240,"column":5}},"type":"if","locations":[{"start":{"line":238,"column":4},"end":{"line":240,"column":5}},{"start":{},"end":{}}],"line":238},"17":{"loc":{"start":{"line":259,"column":4},"end":{"line":264,"column":5}},"type":"if","locations":[{"start":{"line":259,"column":4},"end":{"line":264,"column":5}},{"start":{},"end":{}}],"line":259},"18":{"loc":{"start":{"line":259,"column":8},"end":{"line":259,"column":71}},"type":"binary-expr","locations":[{"start":{"line":259,"column":8},"end":{"line":259,"column":25}},{"start":{"line":259,"column":29},"end":{"line":259,"column":71}}],"line":259},"19":{"loc":{"start":{"line":267,"column":4},"end":{"line":269,"column":5}},"type":"if","locations":[{"start":{"line":267,"column":4},"end":{"line":269,"column":5}},{"start":{},"end":{}}],"line":267},"20":{"loc":{"start":{"line":295,"column":4},"end":{"line":297,"column":5}},"type":"if","locations":[{"start":{"line":295,"column":4},"end":{"line":297,"column":5}},{"start":{},"end":{}}],"line":295},"21":{"loc":{"start":{"line":300,"column":25},"end":{"line":300,"column":87}},"type":"cond-expr","locations":[{"start":{"line":300,"column":45},"end":{"line":300,"column":82}},{"start":{"line":300,"column":85},"end":{"line":300,"column":87}}],"line":300}},"s":{"0":2,"1":2,"2":2,"3":2,"4":0,"5":0,"6":0,"7":0,"8":0,"9":0,"10":0,"11":0,"12":0,"13":0,"14":0,"15":0,"16":0,"17":0,"18":0,"19":0,"20":0,"21":0,"22":1,"23":1,"24":1,"25":1,"26":0,"27":1,"28":1,"29":1,"30":1,"31":1,"32":0,"33":1,"34":0,"35":0,"36":0,"37":0,"38":0,"39":0,"40":0,"41":0,"42":0,"43":0,"44":0,"45":0,"46":0,"47":0,"48":0,"49":0,"50":0,"51":0,"52":0,"53":0,"54":0,"55":0,"56":0,"57":0,"58":0,"59":0,"60":0,"61":2,"62":1,"63":1,"64":1,"65":0,"66":1,"67":1,"68":0,"69":1,"70":0,"71":0,"72":1,"73":1,"74":1,"75":0,"76":1,"77":0,"78":0,"79":0,"80":0,"81":0,"82":0,"83":0,"84":0,"85":0,"86":0,"87":0,"88":0,"89":0,"90":0,"91":0,"92":0,"93":0,"94":0,"95":0,"96":0,"97":0,"98":0,"99":0,"100":0,"101":0,"102":0,"103":0,"104":0,"105":0,"106":0,"107":0,"108":0,"109":0,"110":0,"111":0,"112":0,"113":0,"114":0,"115":0,"116":0,"117":0,"118":0,"119":0,"120":0,"121":0,"122":0,"123":0,"124":0,"125":0,"126":2},"f":{"0":0,"1":0,"2":0,"3":1,"4":1,"5":0,"6":0,"7":1,"8":1,"9":0,"10":0,"11":0,"12":0},"b":{"0":[0,0],"1":[0,0],"2":[0,0],"3":[0,0],"4":[0,1],"5":[0,0],"6":[0,0],"7":[0,0],"8":[0,1],"9":[0,1],"10":[0,1],"11":[0,0],"12":[0,0],"13":[0,0],"14":[0,0,0,0],"15":[0,0],"16":[0,0],"17":[0,0],"18":[0,0],"19":[0,0],"20":[0,0],"21":[0,0]},"_coverageSchema":"1a1c01bbd47fc00a2c39e90264f33305004495a9","hash":"59c54dbbc33e4430488b1a50b3dd5bfa64d67bb8"}
,"C:\\Users\\USER\\Desktop\\4twin9\\Piweb\\Novastackers\\SustainaFoodBack\\src\\controllers\\batchController.js": {"path":"C:\\Users\\USER\\Desktop\\4twin9\\Piweb\\Novastackers\\SustainaFoodBack\\src\\controllers\\batchController.js","statementMap":{"0":{"start":{"line":1,"column":14},"end":{"line":1,"column":40}},"1":{"start":{"line":2,"column":17},"end":{"line":2,"column":46}},"2":{"start":{"line":3,"column":21},"end":{"line":3,"column":54}},"3":{"start":{"line":4,"column":26},"end":{"line":4,"column":56}},"4":{"start":{"line":5,"column":21},"end":{"line":5,"column":54}},"5":{"start":{"line":6,"column":15},"end":{"line":6,"column":32}},"6":{"start":{"line":8,"column":0},"end":{"line":73,"column":2}},"7":{"start":{"line":9,"column":2},"end":{"line":72,"column":3}},"8":{"start":{"line":10,"column":27},"end":{"line":10,"column":37}},"9":{"start":{"line":13,"column":22},"end":{"line":17,"column":59}},"10":{"start":{"line":19,"column":4},"end":{"line":23,"column":5}},"11":{"start":{"line":20,"column":6},"end":{"line":22,"column":9}},"12":{"start":{"line":26,"column":33},"end":{"line":31,"column":5}},"13":{"start":{"line":28,"column":8},"end":{"line":30,"column":49}},"14":{"start":{"line":33,"column":4},"end":{"line":38,"column":5}},"15":{"start":{"line":34,"column":6},"end":{"line":37,"column":9}},"16":{"start":{"line":41,"column":4},"end":{"line":45,"column":7}},"17":{"start":{"line":48,"column":26},"end":{"line":48,"column":56}},"18":{"start":{"line":51,"column":25},"end":{"line":61,"column":5}},"19":{"start":{"line":53,"column":8},"end":{"line":59,"column":18}},"20":{"start":{"line":63,"column":4},"end":{"line":66,"column":7}},"21":{"start":{"line":68,"column":4},"end":{"line":68,"column":52}},"22":{"start":{"line":69,"column":4},"end":{"line":71,"column":75}},"23":{"start":{"line":76,"column":0},"end":{"line":273,"column":2}},"24":{"start":{"line":77,"column":2},"end":{"line":272,"column":3}},"25":{"start":{"line":78,"column":27},"end":{"line":78,"column":37}},"26":{"start":{"line":81,"column":20},"end":{"line":85,"column":6}},"27":{"start":{"line":87,"column":4},"end":{"line":92,"column":5}},"28":{"start":{"line":88,"column":6},"end":{"line":91,"column":9}},"29":{"start":{"line":95,"column":16},"end":{"line":95,"column":26}},"30":{"start":{"line":96,"column":25},"end":{"line":96,"column":39}},"31":{"start":{"line":97,"column":27},"end":{"line":97,"column":43}},"32":{"start":{"line":98,"column":24},"end":{"line":98,"column":115}},"33":{"start":{"line":99,"column":21},"end":{"line":99,"column":99}},"34":{"start":{"line":100,"column":27},"end":{"line":100,"column":49}},"35":{"start":{"line":103,"column":21},"end":{"line":106,"column":6}},"36":{"start":{"line":108,"column":4},"end":{"line":113,"column":5}},"37":{"start":{"line":109,"column":6},"end":{"line":112,"column":9}},"38":{"start":{"line":116,"column":29},"end":{"line":120,"column":5}},"39":{"start":{"line":123,"column":31},"end":{"line":123,"column":40}},"40":{"start":{"line":124,"column":30},"end":{"line":124,"column":32}},"41":{"start":{"line":127,"column":4},"end":{"line":254,"column":5}},"42":{"start":{"line":129,"column":34},"end":{"line":156,"column":8}},"43":{"start":{"line":131,"column":8},"end":{"line":133,"column":9}},"44":{"start":{"line":132,"column":10},"end":{"line":132,"column":23}},"45":{"start":{"line":136,"column":8},"end":{"line":138,"column":9}},"46":{"start":{"line":137,"column":10},"end":{"line":137,"column":23}},"47":{"start":{"line":140,"column":26},"end":{"line":140,"column":68}},"48":{"start":{"line":141,"column":8},"end":{"line":143,"column":9}},"49":{"start":{"line":142,"column":10},"end":{"line":142,"column":23}},"50":{"start":{"line":145,"column":31},"end":{"line":147,"column":9}},"51":{"start":{"line":146,"column":10},"end":{"line":146,"column":62}},"52":{"start":{"line":149,"column":8},"end":{"line":151,"column":9}},"53":{"start":{"line":150,"column":10},"end":{"line":150,"column":23}},"54":{"start":{"line":154,"column":34},"end":{"line":154,"column":72}},"55":{"start":{"line":155,"column":8},"end":{"line":155,"column":95}},"56":{"start":{"line":158,"column":6},"end":{"line":165,"column":7}},"57":{"start":{"line":159,"column":8},"end":{"line":163,"column":11}},"58":{"start":{"line":164,"column":8},"end":{"line":164,"column":17}},"59":{"start":{"line":168,"column":35},"end":{"line":194,"column":8}},"60":{"start":{"line":170,"column":29},"end":{"line":170,"column":30}},"61":{"start":{"line":171,"column":8},"end":{"line":179,"column":9}},"62":{"start":{"line":172,"column":27},"end":{"line":175,"column":18}},"63":{"start":{"line":178,"column":10},"end":{"line":178,"column":54}},"64":{"start":{"line":182,"column":30},"end":{"line":185,"column":9}},"65":{"start":{"line":188,"column":27},"end":{"line":188,"column":57}},"66":{"start":{"line":190,"column":8},"end":{"line":193,"column":10}},"67":{"start":{"line":197,"column":6},"end":{"line":197,"column":61}},"68":{"start":{"line":197,"column":42},"end":{"line":197,"column":59}},"69":{"start":{"line":200,"column":6},"end":{"line":253,"column":7}},"70":{"start":{"line":201,"column":26},"end":{"line":201,"column":59}},"71":{"start":{"line":204,"column":8},"end":{"line":204,"column":48}},"72":{"start":{"line":205,"column":8},"end":{"line":205,"column":35}},"73":{"start":{"line":206,"column":8},"end":{"line":206,"column":43}},"74":{"start":{"line":207,"column":8},"end":{"line":207,"column":49}},"75":{"start":{"line":208,"column":8},"end":{"line":208,"column":27}},"76":{"start":{"line":211,"column":8},"end":{"line":218,"column":10}},"77":{"start":{"line":221,"column":29},"end":{"line":226,"column":10}},"78":{"start":{"line":229,"column":8},"end":{"line":236,"column":9}},"79":{"start":{"line":230,"column":10},"end":{"line":235,"column":13}},"80":{"start":{"line":239,"column":8},"end":{"line":239,"column":57}},"81":{"start":{"line":241,"column":8},"end":{"line":246,"column":11}},"82":{"start":{"line":248,"column":8},"end":{"line":252,"column":11}},"83":{"start":{"line":257,"column":25},"end":{"line":257,"column":73}},"84":{"start":{"line":257,"column":55},"end":{"line":257,"column":65}},"85":{"start":{"line":259,"column":4},"end":{"line":264,"column":7}},"86":{"start":{"line":267,"column":4},"end":{"line":267,"column":51}},"87":{"start":{"line":268,"column":4},"end":{"line":271,"column":7}},"88":{"start":{"line":276,"column":0},"end":{"line":293,"column":2}},"89":{"start":{"line":277,"column":2},"end":{"line":292,"column":3}},"90":{"start":{"line":278,"column":27},"end":{"line":278,"column":37}},"91":{"start":{"line":280,"column":20},"end":{"line":285,"column":72}},"92":{"start":{"line":287,"column":4},"end":{"line":287,"column":34}},"93":{"start":{"line":289,"column":4},"end":{"line":291,"column":73}},"94":{"start":{"line":296,"column":0},"end":{"line":393,"column":2}},"95":{"start":{"line":297,"column":2},"end":{"line":392,"column":3}},"96":{"start":{"line":298,"column":24},"end":{"line":298,"column":34}},"97":{"start":{"line":299,"column":18},"end":{"line":299,"column":47}},"98":{"start":{"line":301,"column":4},"end":{"line":303,"column":5}},"99":{"start":{"line":302,"column":6},"end":{"line":302,"column":66}},"100":{"start":{"line":306,"column":16},"end":{"line":306,"column":26}},"101":{"start":{"line":307,"column":25},"end":{"line":307,"column":39}},"102":{"start":{"line":308,"column":27},"end":{"line":308,"column":43}},"103":{"start":{"line":309,"column":24},"end":{"line":311,"column":71}},"104":{"start":{"line":312,"column":21},"end":{"line":320,"column":5}},"105":{"start":{"line":321,"column":27},"end":{"line":321,"column":49}},"106":{"start":{"line":324,"column":21},"end":{"line":327,"column":6}},"107":{"start":{"line":329,"column":4},"end":{"line":333,"column":5}},"108":{"start":{"line":330,"column":6},"end":{"line":332,"column":66}},"109":{"start":{"line":336,"column":29},"end":{"line":340,"column":5}},"110":{"start":{"line":343,"column":32},"end":{"line":362,"column":6}},"111":{"start":{"line":345,"column":6},"end":{"line":346,"column":21}},"112":{"start":{"line":346,"column":8},"end":{"line":346,"column":21}},"113":{"start":{"line":348,"column":24},"end":{"line":348,"column":66}},"114":{"start":{"line":349,"column":6},"end":{"line":349,"column":61}},"115":{"start":{"line":349,"column":48},"end":{"line":349,"column":61}},"116":{"start":{"line":351,"column":29},"end":{"line":353,"column":7}},"117":{"start":{"line":352,"column":18},"end":{"line":352,"column":70}},"118":{"start":{"line":354,"column":6},"end":{"line":354,"column":40}},"119":{"start":{"line":354,"column":27},"end":{"line":354,"column":40}},"120":{"start":{"line":357,"column":32},"end":{"line":357,"column":70}},"121":{"start":{"line":358,"column":6},"end":{"line":361,"column":8}},"122":{"start":{"line":365,"column":4},"end":{"line":374,"column":7}},"123":{"start":{"line":366,"column":24},"end":{"line":366,"column":72}},"124":{"start":{"line":367,"column":24},"end":{"line":367,"column":72}},"125":{"start":{"line":368,"column":31},"end":{"line":368,"column":71}},"126":{"start":{"line":370,"column":6},"end":{"line":373,"column":8}},"127":{"start":{"line":376,"column":4},"end":{"line":387,"column":7}},"128":{"start":{"line":381,"column":50},"end":{"line":386,"column":7}},"129":{"start":{"line":389,"column":4},"end":{"line":391,"column":75}},"130":{"start":{"line":396,"column":0},"end":{"line":485,"column":2}},"131":{"start":{"line":397,"column":2},"end":{"line":484,"column":3}},"132":{"start":{"line":398,"column":24},"end":{"line":398,"column":34}},"133":{"start":{"line":399,"column":28},"end":{"line":399,"column":36}},"134":{"start":{"line":401,"column":4},"end":{"line":403,"column":6}},"135":{"start":{"line":405,"column":18},"end":{"line":405,"column":47}},"136":{"start":{"line":406,"column":4},"end":{"line":409,"column":5}},"137":{"start":{"line":407,"column":6},"end":{"line":407,"column":72}},"138":{"start":{"line":408,"column":6},"end":{"line":408,"column":66}},"139":{"start":{"line":410,"column":4},"end":{"line":412,"column":6}},"140":{"start":{"line":415,"column":4},"end":{"line":415,"column":42}},"141":{"start":{"line":416,"column":4},"end":{"line":416,"column":31}},"142":{"start":{"line":417,"column":4},"end":{"line":417,"column":39}},"143":{"start":{"line":418,"column":4},"end":{"line":418,"column":45}},"144":{"start":{"line":419,"column":4},"end":{"line":419,"column":23}},"145":{"start":{"line":420,"column":4},"end":{"line":422,"column":6}},"146":{"start":{"line":425,"column":25},"end":{"line":432,"column":5}},"147":{"start":{"line":433,"column":4},"end":{"line":435,"column":6}},"148":{"start":{"line":438,"column":4},"end":{"line":440,"column":6}},"149":{"start":{"line":441,"column":25},"end":{"line":446,"column":6}},"150":{"start":{"line":447,"column":4},"end":{"line":449,"column":6}},"151":{"start":{"line":452,"column":4},"end":{"line":452,"column":75}},"152":{"start":{"line":453,"column":4},"end":{"line":468,"column":5}},"153":{"start":{"line":454,"column":6},"end":{"line":456,"column":8}},"154":{"start":{"line":457,"column":6},"end":{"line":462,"column":9}},"155":{"start":{"line":463,"column":6},"end":{"line":463,"column":64}},"156":{"start":{"line":465,"column":6},"end":{"line":467,"column":8}},"157":{"start":{"line":470,"column":4},"end":{"line":475,"column":9}},"158":{"start":{"line":477,"column":4},"end":{"line":477,"column":50}},"159":{"start":{"line":478,"column":4},"end":{"line":483,"column":9}},"160":{"start":{"line":487,"column":0},"end":{"line":562,"column":2}},"161":{"start":{"line":488,"column":2},"end":{"line":561,"column":3}},"162":{"start":{"line":489,"column":24},"end":{"line":489,"column":34}},"163":{"start":{"line":490,"column":28},"end":{"line":490,"column":36}},"164":{"start":{"line":492,"column":4},"end":{"line":494,"column":6}},"165":{"start":{"line":496,"column":4},"end":{"line":498,"column":5}},"166":{"start":{"line":497,"column":6},"end":{"line":497,"column":75}},"167":{"start":{"line":500,"column":18},"end":{"line":500,"column":65}},"168":{"start":{"line":502,"column":4},"end":{"line":504,"column":5}},"169":{"start":{"line":503,"column":6},"end":{"line":503,"column":66}},"170":{"start":{"line":506,"column":4},"end":{"line":510,"column":5}},"171":{"start":{"line":507,"column":6},"end":{"line":509,"column":75}},"172":{"start":{"line":512,"column":4},"end":{"line":516,"column":5}},"173":{"start":{"line":513,"column":6},"end":{"line":515,"column":71}},"174":{"start":{"line":519,"column":4},"end":{"line":519,"column":30}},"175":{"start":{"line":520,"column":4},"end":{"line":520,"column":40}},"176":{"start":{"line":521,"column":4},"end":{"line":521,"column":23}},"177":{"start":{"line":524,"column":4},"end":{"line":530,"column":6}},"178":{"start":{"line":533,"column":21},"end":{"line":533,"column":66}},"179":{"start":{"line":534,"column":4},"end":{"line":547,"column":5}},"180":{"start":{"line":535,"column":27},"end":{"line":540,"column":8}},"181":{"start":{"line":542,"column":6},"end":{"line":546,"column":7}},"182":{"start":{"line":543,"column":8},"end":{"line":545,"column":50}},"183":{"start":{"line":549,"column":4},"end":{"line":552,"column":7}},"184":{"start":{"line":554,"column":4},"end":{"line":554,"column":51}},"185":{"start":{"line":555,"column":4},"end":{"line":560,"column":9}},"186":{"start":{"line":564,"column":0},"end":{"line":640,"column":2}},"187":{"start":{"line":565,"column":2},"end":{"line":639,"column":3}},"188":{"start":{"line":566,"column":24},"end":{"line":566,"column":34}},"189":{"start":{"line":567,"column":28},"end":{"line":567,"column":36}},"190":{"start":{"line":569,"column":4},"end":{"line":571,"column":6}},"191":{"start":{"line":573,"column":4},"end":{"line":575,"column":5}},"192":{"start":{"line":574,"column":6},"end":{"line":574,"column":75}},"193":{"start":{"line":577,"column":18},"end":{"line":577,"column":47}},"194":{"start":{"line":579,"column":4},"end":{"line":581,"column":5}},"195":{"start":{"line":580,"column":6},"end":{"line":580,"column":66}},"196":{"start":{"line":583,"column":4},"end":{"line":587,"column":5}},"197":{"start":{"line":584,"column":6},"end":{"line":586,"column":75}},"198":{"start":{"line":589,"column":4},"end":{"line":593,"column":5}},"199":{"start":{"line":590,"column":6},"end":{"line":592,"column":71}},"200":{"start":{"line":596,"column":4},"end":{"line":596,"column":31}},"201":{"start":{"line":597,"column":4},"end":{"line":597,"column":40}},"202":{"start":{"line":598,"column":4},"end":{"line":598,"column":35}},"203":{"start":{"line":599,"column":4},"end":{"line":599,"column":23}},"204":{"start":{"line":602,"column":4},"end":{"line":609,"column":6}},"205":{"start":{"line":612,"column":21},"end":{"line":612,"column":66}},"206":{"start":{"line":613,"column":4},"end":{"line":626,"column":5}},"207":{"start":{"line":614,"column":27},"end":{"line":619,"column":8}},"208":{"start":{"line":621,"column":6},"end":{"line":625,"column":7}},"209":{"start":{"line":622,"column":8},"end":{"line":624,"column":50}},"210":{"start":{"line":628,"column":4},"end":{"line":630,"column":7}},"211":{"start":{"line":632,"column":4},"end":{"line":632,"column":51}},"212":{"start":{"line":633,"column":4},"end":{"line":638,"column":9}},"213":{"start":{"line":644,"column":0},"end":{"line":665,"column":2}},"214":{"start":{"line":645,"column":2},"end":{"line":664,"column":3}},"215":{"start":{"line":646,"column":28},"end":{"line":646,"column":38}},"216":{"start":{"line":648,"column":20},"end":{"line":653,"column":6}},"217":{"start":{"line":655,"column":4},"end":{"line":655,"column":34}},"218":{"start":{"line":657,"column":4},"end":{"line":657,"column":72}},"219":{"start":{"line":658,"column":4},"end":{"line":663,"column":9}},"220":{"start":{"line":670,"column":0},"end":{"line":700,"column":2}},"221":{"start":{"line":671,"column":2},"end":{"line":699,"column":3}},"222":{"start":{"line":673,"column":18},"end":{"line":673,"column":65}},"223":{"start":{"line":675,"column":4},"end":{"line":678,"column":5}},"224":{"start":{"line":676,"column":6},"end":{"line":676,"column":64}},"225":{"start":{"line":677,"column":6},"end":{"line":677,"column":19}},"226":{"start":{"line":681,"column":25},"end":{"line":683,"column":5}},"227":{"start":{"line":682,"column":16},"end":{"line":682,"column":43}},"228":{"start":{"line":686,"column":4},"end":{"line":693,"column":5}},"229":{"start":{"line":687,"column":6},"end":{"line":687,"column":33}},"230":{"start":{"line":688,"column":6},"end":{"line":688,"column":25}},"231":{"start":{"line":689,"column":6},"end":{"line":691,"column":8}},"232":{"start":{"line":692,"column":6},"end":{"line":692,"column":18}},"233":{"start":{"line":695,"column":4},"end":{"line":695,"column":17}},"234":{"start":{"line":697,"column":4},"end":{"line":697,"column":59}},"235":{"start":{"line":698,"column":4},"end":{"line":698,"column":17}},"236":{"start":{"line":703,"column":0},"end":{"line":718,"column":2}},"237":{"start":{"line":704,"column":2},"end":{"line":717,"column":3}},"238":{"start":{"line":705,"column":24},"end":{"line":705,"column":34}},"239":{"start":{"line":706,"column":20},"end":{"line":706,"column":68}},"240":{"start":{"line":708,"column":4},"end":{"line":712,"column":5}},"241":{"start":{"line":709,"column":6},"end":{"line":709,"column":77}},"242":{"start":{"line":711,"column":6},"end":{"line":711,"column":68}},"243":{"start":{"line":714,"column":4},"end":{"line":716,"column":78}},"244":{"start":{"line":720,"column":0},"end":{"line":744,"column":2}},"245":{"start":{"line":721,"column":2},"end":{"line":743,"column":3}},"246":{"start":{"line":723,"column":18},"end":{"line":732,"column":8}},"247":{"start":{"line":734,"column":22},"end":{"line":736,"column":66}},"248":{"start":{"line":735,"column":22},"end":{"line":735,"column":80}},"249":{"start":{"line":736,"column":19},"end":{"line":736,"column":65}},"250":{"start":{"line":738,"column":16},"end":{"line":738,"column":72}},"251":{"start":{"line":740,"column":4},"end":{"line":740,"column":38}},"252":{"start":{"line":742,"column":4},"end":{"line":742,"column":100}},"253":{"start":{"line":749,"column":0},"end":{"line":810,"column":2}},"254":{"start":{"line":750,"column":22},"end":{"line":750,"column":32}},"255":{"start":{"line":751,"column":25},"end":{"line":751,"column":33}},"256":{"start":{"line":753,"column":2},"end":{"line":809,"column":3}},"257":{"start":{"line":755,"column":18},"end":{"line":759,"column":8}},"258":{"start":{"line":761,"column":4},"end":{"line":763,"column":5}},"259":{"start":{"line":762,"column":6},"end":{"line":762,"column":66}},"260":{"start":{"line":766,"column":30},"end":{"line":770,"column":5}},"261":{"start":{"line":767,"column":6},"end":{"line":769,"column":63}},"262":{"start":{"line":772,"column":4},"end":{"line":776,"column":5}},"263":{"start":{"line":773,"column":6},"end":{"line":775,"column":9}},"264":{"start":{"line":779,"column":17},"end":{"line":779,"column":67}},"265":{"start":{"line":782,"column":20},"end":{"line":782,"column":59}},"266":{"start":{"line":782,"column":50},"end":{"line":782,"column":58}},"267":{"start":{"line":783,"column":4},"end":{"line":789,"column":6}},"268":{"start":{"line":792,"column":25},"end":{"line":796,"column":6}},"269":{"start":{"line":799,"column":4},"end":{"line":801,"column":5}},"270":{"start":{"line":800,"column":6},"end":{"line":800,"column":78}},"271":{"start":{"line":803,"column":4},"end":{"line":805,"column":7}},"272":{"start":{"line":807,"column":4},"end":{"line":807,"column":52}},"273":{"start":{"line":808,"column":4},"end":{"line":808,"column":91}},"274":{"start":{"line":813,"column":0},"end":{"line":885,"column":2}},"275":{"start":{"line":814,"column":22},"end":{"line":814,"column":32}},"276":{"start":{"line":815,"column":31},"end":{"line":815,"column":39}},"277":{"start":{"line":817,"column":2},"end":{"line":884,"column":3}},"278":{"start":{"line":819,"column":18},"end":{"line":826,"column":8}},"279":{"start":{"line":828,"column":4},"end":{"line":830,"column":5}},"280":{"start":{"line":829,"column":6},"end":{"line":829,"column":66}},"281":{"start":{"line":833,"column":30},"end":{"line":837,"column":5}},"282":{"start":{"line":834,"column":6},"end":{"line":836,"column":63}},"283":{"start":{"line":839,"column":4},"end":{"line":843,"column":5}},"284":{"start":{"line":840,"column":6},"end":{"line":842,"column":9}},"285":{"start":{"line":846,"column":22},"end":{"line":846,"column":42}},"286":{"start":{"line":847,"column":4},"end":{"line":849,"column":5}},"287":{"start":{"line":848,"column":6},"end":{"line":848,"column":70}},"288":{"start":{"line":852,"column":20},"end":{"line":852,"column":59}},"289":{"start":{"line":852,"column":50},"end":{"line":852,"column":58}},"290":{"start":{"line":853,"column":4},"end":{"line":860,"column":6}},"291":{"start":{"line":863,"column":25},"end":{"line":868,"column":6}},"292":{"start":{"line":871,"column":4},"end":{"line":873,"column":5}},"293":{"start":{"line":872,"column":6},"end":{"line":872,"column":78}},"294":{"start":{"line":876,"column":4},"end":{"line":876,"column":53}},"295":{"start":{"line":878,"column":4},"end":{"line":880,"column":7}},"296":{"start":{"line":882,"column":4},"end":{"line":882,"column":53}},"297":{"start":{"line":883,"column":4},"end":{"line":883,"column":92}},"298":{"start":{"line":888,"column":0},"end":{"line":949,"column":2}},"299":{"start":{"line":889,"column":22},"end":{"line":889,"column":32}},"300":{"start":{"line":891,"column":2},"end":{"line":948,"column":3}},"301":{"start":{"line":893,"column":18},"end":{"line":902,"column":8}},"302":{"start":{"line":904,"column":4},"end":{"line":906,"column":5}},"303":{"start":{"line":905,"column":6},"end":{"line":905,"column":66}},"304":{"start":{"line":909,"column":24},"end":{"line":909,"column":78}},"305":{"start":{"line":909,"column":50},"end":{"line":909,"column":77}},"306":{"start":{"line":910,"column":4},"end":{"line":914,"column":5}},"307":{"start":{"line":911,"column":6},"end":{"line":913,"column":9}},"308":{"start":{"line":917,"column":17},"end":{"line":917,"column":67}},"309":{"start":{"line":920,"column":4},"end":{"line":920,"column":30}},"310":{"start":{"line":921,"column":4},"end":{"line":921,"column":47}},"311":{"start":{"line":922,"column":4},"end":{"line":922,"column":23}},"312":{"start":{"line":925,"column":18},"end":{"line":925,"column":46}},"313":{"start":{"line":926,"column":4},"end":{"line":928,"column":5}},"314":{"start":{"line":927,"column":6},"end":{"line":927,"column":91}},"315":{"start":{"line":931,"column":25},"end":{"line":935,"column":6}},"316":{"start":{"line":938,"column":4},"end":{"line":940,"column":5}},"317":{"start":{"line":939,"column":6},"end":{"line":939,"column":73}},"318":{"start":{"line":942,"column":4},"end":{"line":944,"column":7}},"319":{"start":{"line":946,"column":4},"end":{"line":946,"column":54}},"320":{"start":{"line":947,"column":4},"end":{"line":947,"column":93}},"321":{"start":{"line":952,"column":0},"end":{"line":1014,"column":2}},"322":{"start":{"line":953,"column":22},"end":{"line":953,"column":32}},"323":{"start":{"line":954,"column":19},"end":{"line":954,"column":27}},"324":{"start":{"line":956,"column":2},"end":{"line":1013,"column":3}},"325":{"start":{"line":958,"column":18},"end":{"line":968,"column":52}},"326":{"start":{"line":970,"column":4},"end":{"line":972,"column":5}},"327":{"start":{"line":971,"column":6},"end":{"line":971,"column":66}},"328":{"start":{"line":975,"column":4},"end":{"line":977,"column":5}},"329":{"start":{"line":976,"column":6},"end":{"line":976,"column":72}},"330":{"start":{"line":980,"column":20},"end":{"line":980,"column":53}},"331":{"start":{"line":980,"column":44},"end":{"line":980,"column":52}},"332":{"start":{"line":981,"column":4},"end":{"line":987,"column":6}},"333":{"start":{"line":990,"column":4},"end":{"line":990,"column":31}},"334":{"start":{"line":991,"column":4},"end":{"line":991,"column":35}},"335":{"start":{"line":992,"column":4},"end":{"line":992,"column":23}},"336":{"start":{"line":995,"column":25},"end":{"line":1000,"column":6}},"337":{"start":{"line":1003,"column":4},"end":{"line":1005,"column":5}},"338":{"start":{"line":1004,"column":6},"end":{"line":1004,"column":94}},"339":{"start":{"line":1007,"column":4},"end":{"line":1009,"column":7}},"340":{"start":{"line":1011,"column":4},"end":{"line":1011,"column":55}},"341":{"start":{"line":1012,"column":4},"end":{"line":1012,"column":94}}},"fnMap":{"0":{"name":"(anonymous_0)","decl":{"start":{"line":8,"column":26},"end":{"line":8,"column":27}},"loc":{"start":{"line":8,"column":46},"end":{"line":73,"column":1}},"line":8},"1":{"name":"(anonymous_1)","decl":{"start":{"line":27,"column":6},"end":{"line":27,"column":7}},"loc":{"start":{"line":28,"column":8},"end":{"line":30,"column":49}},"line":28},"2":{"name":"(anonymous_2)","decl":{"start":{"line":52,"column":24},"end":{"line":52,"column":25}},"loc":{"start":{"line":52,"column":35},"end":{"line":60,"column":7}},"line":52},"3":{"name":"(anonymous_3)","decl":{"start":{"line":76,"column":31},"end":{"line":76,"column":32}},"loc":{"start":{"line":76,"column":51},"end":{"line":273,"column":1}},"line":76},"4":{"name":"(anonymous_4)","decl":{"start":{"line":129,"column":61},"end":{"line":129,"column":62}},"loc":{"start":{"line":129,"column":74},"end":{"line":156,"column":7}},"line":129},"5":{"name":"(anonymous_5)","decl":{"start":{"line":145,"column":46},"end":{"line":145,"column":47}},"loc":{"start":{"line":146,"column":10},"end":{"line":146,"column":62}},"line":146},"6":{"name":"(anonymous_6)","decl":{"start":{"line":168,"column":59},"end":{"line":168,"column":60}},"loc":{"start":{"line":168,"column":72},"end":{"line":194,"column":7}},"line":168},"7":{"name":"(anonymous_7)","decl":{"start":{"line":197,"column":32},"end":{"line":197,"column":33}},"loc":{"start":{"line":197,"column":42},"end":{"line":197,"column":59}},"line":197},"8":{"name":"(anonymous_8)","decl":{"start":{"line":257,"column":50},"end":{"line":257,"column":51}},"loc":{"start":{"line":257,"column":55},"end":{"line":257,"column":65}},"line":257},"9":{"name":"(anonymous_9)","decl":{"start":{"line":276,"column":32},"end":{"line":276,"column":33}},"loc":{"start":{"line":276,"column":52},"end":{"line":293,"column":1}},"line":276},"10":{"name":"(anonymous_10)","decl":{"start":{"line":296,"column":41},"end":{"line":296,"column":42}},"loc":{"start":{"line":296,"column":61},"end":{"line":393,"column":1}},"line":296},"11":{"name":"(anonymous_11)","decl":{"start":{"line":343,"column":59},"end":{"line":343,"column":60}},"loc":{"start":{"line":343,"column":74},"end":{"line":362,"column":5}},"line":343},"12":{"name":"(anonymous_12)","decl":{"start":{"line":352,"column":8},"end":{"line":352,"column":9}},"loc":{"start":{"line":352,"column":18},"end":{"line":352,"column":70}},"line":352},"13":{"name":"(anonymous_13)","decl":{"start":{"line":365,"column":29},"end":{"line":365,"column":30}},"loc":{"start":{"line":365,"column":39},"end":{"line":374,"column":5}},"line":365},"14":{"name":"(anonymous_14)","decl":{"start":{"line":381,"column":42},"end":{"line":381,"column":43}},"loc":{"start":{"line":381,"column":50},"end":{"line":386,"column":7}},"line":381},"15":{"name":"(anonymous_15)","decl":{"start":{"line":396,"column":33},"end":{"line":396,"column":34}},"loc":{"start":{"line":396,"column":53},"end":{"line":485,"column":1}},"line":396},"16":{"name":"(anonymous_16)","decl":{"start":{"line":487,"column":32},"end":{"line":487,"column":33}},"loc":{"start":{"line":487,"column":52},"end":{"line":562,"column":1}},"line":487},"17":{"name":"(anonymous_17)","decl":{"start":{"line":564,"column":33},"end":{"line":564,"column":34}},"loc":{"start":{"line":564,"column":53},"end":{"line":640,"column":1}},"line":564},"18":{"name":"(anonymous_18)","decl":{"start":{"line":644,"column":39},"end":{"line":644,"column":40}},"loc":{"start":{"line":644,"column":59},"end":{"line":665,"column":1}},"line":644},"19":{"name":"(anonymous_19)","decl":{"start":{"line":670,"column":36},"end":{"line":670,"column":37}},"loc":{"start":{"line":670,"column":55},"end":{"line":700,"column":1}},"line":670},"20":{"name":"(anonymous_20)","decl":{"start":{"line":682,"column":6},"end":{"line":682,"column":7}},"loc":{"start":{"line":682,"column":16},"end":{"line":682,"column":43}},"line":682},"21":{"name":"(anonymous_21)","decl":{"start":{"line":703,"column":31},"end":{"line":703,"column":32}},"loc":{"start":{"line":703,"column":51},"end":{"line":718,"column":1}},"line":703},"22":{"name":"(anonymous_22)","decl":{"start":{"line":720,"column":25},"end":{"line":720,"column":26}},"loc":{"start":{"line":720,"column":44},"end":{"line":744,"column":1}},"line":720},"23":{"name":"(anonymous_23)","decl":{"start":{"line":735,"column":14},"end":{"line":735,"column":15}},"loc":{"start":{"line":735,"column":22},"end":{"line":735,"column":80}},"line":735},"24":{"name":"(anonymous_24)","decl":{"start":{"line":736,"column":11},"end":{"line":736,"column":12}},"loc":{"start":{"line":736,"column":19},"end":{"line":736,"column":65}},"line":736},"25":{"name":"(anonymous_25)","decl":{"start":{"line":749,"column":27},"end":{"line":749,"column":28}},"loc":{"start":{"line":749,"column":47},"end":{"line":810,"column":1}},"line":749},"26":{"name":"(anonymous_26)","decl":{"start":{"line":766,"column":49},"end":{"line":766,"column":50}},"loc":{"start":{"line":767,"column":6},"end":{"line":769,"column":63}},"line":767},"27":{"name":"(anonymous_27)","decl":{"start":{"line":782,"column":42},"end":{"line":782,"column":43}},"loc":{"start":{"line":782,"column":50},"end":{"line":782,"column":58}},"line":782},"28":{"name":"(anonymous_28)","decl":{"start":{"line":813,"column":28},"end":{"line":813,"column":29}},"loc":{"start":{"line":813,"column":48},"end":{"line":885,"column":1}},"line":813},"29":{"name":"(anonymous_29)","decl":{"start":{"line":833,"column":49},"end":{"line":833,"column":50}},"loc":{"start":{"line":834,"column":6},"end":{"line":836,"column":63}},"line":834},"30":{"name":"(anonymous_30)","decl":{"start":{"line":852,"column":42},"end":{"line":852,"column":43}},"loc":{"start":{"line":852,"column":50},"end":{"line":852,"column":58}},"line":852},"31":{"name":"(anonymous_31)","decl":{"start":{"line":888,"column":29},"end":{"line":888,"column":30}},"loc":{"start":{"line":888,"column":49},"end":{"line":949,"column":1}},"line":888},"32":{"name":"(anonymous_32)","decl":{"start":{"line":909,"column":42},"end":{"line":909,"column":43}},"loc":{"start":{"line":909,"column":50},"end":{"line":909,"column":77}},"line":909},"33":{"name":"(anonymous_33)","decl":{"start":{"line":952,"column":30},"end":{"line":952,"column":31}},"loc":{"start":{"line":952,"column":50},"end":{"line":1014,"column":1}},"line":952},"34":{"name":"(anonymous_34)","decl":{"start":{"line":980,"column":36},"end":{"line":980,"column":37}},"loc":{"start":{"line":980,"column":44},"end":{"line":980,"column":52}},"line":980}},"branchMap":{"0":{"loc":{"start":{"line":19,"column":4},"end":{"line":23,"column":5}},"type":"if","locations":[{"start":{"line":19,"column":4},"end":{"line":23,"column":5}},{"start":{},"end":{}}],"line":19},"1":{"loc":{"start":{"line":28,"column":8},"end":{"line":30,"column":49}},"type":"binary-expr","locations":[{"start":{"line":28,"column":8},"end":{"line":28,"column":25}},{"start":{"line":29,"column":8},"end":{"line":29,"column":49}},{"start":{"line":30,"column":8},"end":{"line":30,"column":49}}],"line":28},"2":{"loc":{"start":{"line":33,"column":4},"end":{"line":38,"column":5}},"type":"if","locations":[{"start":{"line":33,"column":4},"end":{"line":38,"column":5}},{"start":{},"end":{}}],"line":33},"3":{"loc":{"start":{"line":87,"column":4},"end":{"line":92,"column":5}},"type":"if","locations":[{"start":{"line":87,"column":4},"end":{"line":92,"column":5}},{"start":{},"end":{}}],"line":87},"4":{"loc":{"start":{"line":108,"column":4},"end":{"line":113,"column":5}},"type":"if","locations":[{"start":{"line":108,"column":4},"end":{"line":113,"column":5}},{"start":{},"end":{}}],"line":108},"5":{"loc":{"start":{"line":108,"column":8},"end":{"line":108,"column":77}},"type":"binary-expr","locations":[{"start":{"line":108,"column":8},"end":{"line":108,"column":17}},{"start":{"line":108,"column":21},"end":{"line":108,"column":41}},{"start":{"line":108,"column":45},"end":{"line":108,"column":77}}],"line":108},"6":{"loc":{"start":{"line":131,"column":8},"end":{"line":133,"column":9}},"type":"if","locations":[{"start":{"line":131,"column":8},"end":{"line":133,"column":9}},{"start":{},"end":{}}],"line":131},"7":{"loc":{"start":{"line":136,"column":8},"end":{"line":138,"column":9}},"type":"if","locations":[{"start":{"line":136,"column":8},"end":{"line":138,"column":9}},{"start":{},"end":{}}],"line":136},"8":{"loc":{"start":{"line":136,"column":12},"end":{"line":136,"column":72}},"type":"binary-expr","locations":[{"start":{"line":136,"column":12},"end":{"line":136,"column":35}},{"start":{"line":136,"column":39},"end":{"line":136,"column":72}}],"line":136},"9":{"loc":{"start":{"line":141,"column":8},"end":{"line":143,"column":9}},"type":"if","locations":[{"start":{"line":141,"column":8},"end":{"line":143,"column":9}},{"start":{},"end":{}}],"line":141},"10":{"loc":{"start":{"line":141,"column":12},"end":{"line":141,"column":48}},"type":"binary-expr","locations":[{"start":{"line":141,"column":12},"end":{"line":141,"column":22}},{"start":{"line":141,"column":26},"end":{"line":141,"column":48}}],"line":141},"11":{"loc":{"start":{"line":146,"column":10},"end":{"line":146,"column":62}},"type":"binary-expr","locations":[{"start":{"line":146,"column":10},"end":{"line":146,"column":35}},{"start":{"line":146,"column":39},"end":{"line":146,"column":62}}],"line":146},"12":{"loc":{"start":{"line":149,"column":8},"end":{"line":151,"column":9}},"type":"if","locations":[{"start":{"line":149,"column":8},"end":{"line":151,"column":9}},{"start":{},"end":{}}],"line":149},"13":{"loc":{"start":{"line":154,"column":34},"end":{"line":154,"column":72}},"type":"binary-expr","locations":[{"start":{"line":154,"column":34},"end":{"line":154,"column":61}},{"start":{"line":154,"column":65},"end":{"line":154,"column":72}}],"line":154},"14":{"loc":{"start":{"line":158,"column":6},"end":{"line":165,"column":7}},"type":"if","locations":[{"start":{"line":158,"column":6},"end":{"line":165,"column":7}},{"start":{},"end":{}}],"line":158},"15":{"loc":{"start":{"line":171,"column":8},"end":{"line":179,"column":9}},"type":"if","locations":[{"start":{"line":171,"column":8},"end":{"line":179,"column":9}},{"start":{},"end":{}}],"line":171},"16":{"loc":{"start":{"line":171,"column":12},"end":{"line":171,"column":63}},"type":"binary-expr","locations":[{"start":{"line":171,"column":12},"end":{"line":171,"column":25}},{"start":{"line":171,"column":29},"end":{"line":171,"column":42}},{"start":{"line":171,"column":46},"end":{"line":171,"column":63}}],"line":171},"17":{"loc":{"start":{"line":183,"column":27},"end":{"line":183,"column":65}},"type":"binary-expr","locations":[{"start":{"line":183,"column":27},"end":{"line":183,"column":54}},{"start":{"line":183,"column":58},"end":{"line":183,"column":65}}],"line":183},"18":{"loc":{"start":{"line":200,"column":6},"end":{"line":253,"column":7}},"type":"if","locations":[{"start":{"line":200,"column":6},"end":{"line":253,"column":7}},{"start":{"line":247,"column":13},"end":{"line":253,"column":7}}],"line":200},"19":{"loc":{"start":{"line":229,"column":8},"end":{"line":236,"column":9}},"type":"if","locations":[{"start":{"line":229,"column":8},"end":{"line":236,"column":9}},{"start":{},"end":{}}],"line":229},"20":{"loc":{"start":{"line":301,"column":4},"end":{"line":303,"column":5}},"type":"if","locations":[{"start":{"line":301,"column":4},"end":{"line":303,"column":5}},{"start":{},"end":{}}],"line":301},"21":{"loc":{"start":{"line":329,"column":4},"end":{"line":333,"column":5}},"type":"if","locations":[{"start":{"line":329,"column":4},"end":{"line":333,"column":5}},{"start":{},"end":{}}],"line":329},"22":{"loc":{"start":{"line":329,"column":8},"end":{"line":329,"column":77}},"type":"binary-expr","locations":[{"start":{"line":329,"column":8},"end":{"line":329,"column":17}},{"start":{"line":329,"column":21},"end":{"line":329,"column":41}},{"start":{"line":329,"column":45},"end":{"line":329,"column":77}}],"line":329},"23":{"loc":{"start":{"line":345,"column":6},"end":{"line":346,"column":21}},"type":"if","locations":[{"start":{"line":345,"column":6},"end":{"line":346,"column":21}},{"start":{},"end":{}}],"line":345},"24":{"loc":{"start":{"line":345,"column":10},"end":{"line":345,"column":70}},"type":"binary-expr","locations":[{"start":{"line":345,"column":10},"end":{"line":345,"column":33}},{"start":{"line":345,"column":37},"end":{"line":345,"column":70}}],"line":345},"25":{"loc":{"start":{"line":349,"column":6},"end":{"line":349,"column":61}},"type":"if","locations":[{"start":{"line":349,"column":6},"end":{"line":349,"column":61}},{"start":{},"end":{}}],"line":349},"26":{"loc":{"start":{"line":349,"column":10},"end":{"line":349,"column":46}},"type":"binary-expr","locations":[{"start":{"line":349,"column":10},"end":{"line":349,"column":20}},{"start":{"line":349,"column":24},"end":{"line":349,"column":46}}],"line":349},"27":{"loc":{"start":{"line":352,"column":18},"end":{"line":352,"column":70}},"type":"binary-expr","locations":[{"start":{"line":352,"column":18},"end":{"line":352,"column":43}},{"start":{"line":352,"column":47},"end":{"line":352,"column":70}}],"line":352},"28":{"loc":{"start":{"line":354,"column":6},"end":{"line":354,"column":40}},"type":"if","locations":[{"start":{"line":354,"column":6},"end":{"line":354,"column":40}},{"start":{},"end":{}}],"line":354},"29":{"loc":{"start":{"line":357,"column":32},"end":{"line":357,"column":70}},"type":"binary-expr","locations":[{"start":{"line":357,"column":32},"end":{"line":357,"column":59}},{"start":{"line":357,"column":63},"end":{"line":357,"column":70}}],"line":357},"30":{"loc":{"start":{"line":366,"column":41},"end":{"line":366,"column":71}},"type":"binary-expr","locations":[{"start":{"line":366,"column":41},"end":{"line":366,"column":60}},{"start":{"line":366,"column":64},"end":{"line":366,"column":71}}],"line":366},"31":{"loc":{"start":{"line":367,"column":41},"end":{"line":367,"column":71}},"type":"binary-expr","locations":[{"start":{"line":367,"column":41},"end":{"line":367,"column":60}},{"start":{"line":367,"column":64},"end":{"line":367,"column":71}}],"line":367},"32":{"loc":{"start":{"line":378,"column":8},"end":{"line":380,"column":42}},"type":"cond-expr","locations":[{"start":{"line":379,"column":12},"end":{"line":379,"column":40}},{"start":{"line":380,"column":12},"end":{"line":380,"column":42}}],"line":378},"33":{"loc":{"start":{"line":406,"column":4},"end":{"line":409,"column":5}},"type":"if","locations":[{"start":{"line":406,"column":4},"end":{"line":409,"column":5}},{"start":{},"end":{}}],"line":406},"34":{"loc":{"start":{"line":452,"column":52},"end":{"line":452,"column":73}},"type":"cond-expr","locations":[{"start":{"line":452,"column":61},"end":{"line":452,"column":66}},{"start":{"line":452,"column":69},"end":{"line":452,"column":73}}],"line":452},"35":{"loc":{"start":{"line":453,"column":4},"end":{"line":468,"column":5}},"type":"if","locations":[{"start":{"line":453,"column":4},"end":{"line":468,"column":5}},{"start":{"line":464,"column":11},"end":{"line":468,"column":5}}],"line":453},"36":{"loc":{"start":{"line":496,"column":4},"end":{"line":498,"column":5}},"type":"if","locations":[{"start":{"line":496,"column":4},"end":{"line":498,"column":5}},{"start":{},"end":{}}],"line":496},"37":{"loc":{"start":{"line":502,"column":4},"end":{"line":504,"column":5}},"type":"if","locations":[{"start":{"line":502,"column":4},"end":{"line":504,"column":5}},{"start":{},"end":{}}],"line":502},"38":{"loc":{"start":{"line":506,"column":4},"end":{"line":510,"column":5}},"type":"if","locations":[{"start":{"line":506,"column":4},"end":{"line":510,"column":5}},{"start":{},"end":{}}],"line":506},"39":{"loc":{"start":{"line":512,"column":4},"end":{"line":516,"column":5}},"type":"if","locations":[{"start":{"line":512,"column":4},"end":{"line":516,"column":5}},{"start":{},"end":{}}],"line":512},"40":{"loc":{"start":{"line":512,"column":8},"end":{"line":512,"column":76}},"type":"binary-expr","locations":[{"start":{"line":512,"column":8},"end":{"line":512,"column":36}},{"start":{"line":512,"column":40},"end":{"line":512,"column":76}}],"line":512},"41":{"loc":{"start":{"line":534,"column":4},"end":{"line":547,"column":5}},"type":"if","locations":[{"start":{"line":534,"column":4},"end":{"line":547,"column":5}},{"start":{},"end":{}}],"line":534},"42":{"loc":{"start":{"line":534,"column":8},"end":{"line":534,"column":34}},"type":"binary-expr","locations":[{"start":{"line":534,"column":8},"end":{"line":534,"column":16}},{"start":{"line":534,"column":20},"end":{"line":534,"column":34}}],"line":534},"43":{"loc":{"start":{"line":542,"column":6},"end":{"line":546,"column":7}},"type":"if","locations":[{"start":{"line":542,"column":6},"end":{"line":546,"column":7}},{"start":{},"end":{}}],"line":542},"44":{"loc":{"start":{"line":573,"column":4},"end":{"line":575,"column":5}},"type":"if","locations":[{"start":{"line":573,"column":4},"end":{"line":575,"column":5}},{"start":{},"end":{}}],"line":573},"45":{"loc":{"start":{"line":579,"column":4},"end":{"line":581,"column":5}},"type":"if","locations":[{"start":{"line":579,"column":4},"end":{"line":581,"column":5}},{"start":{},"end":{}}],"line":579},"46":{"loc":{"start":{"line":583,"column":4},"end":{"line":587,"column":5}},"type":"if","locations":[{"start":{"line":583,"column":4},"end":{"line":587,"column":5}},{"start":{},"end":{}}],"line":583},"47":{"loc":{"start":{"line":589,"column":4},"end":{"line":593,"column":5}},"type":"if","locations":[{"start":{"line":589,"column":4},"end":{"line":593,"column":5}},{"start":{},"end":{}}],"line":589},"48":{"loc":{"start":{"line":589,"column":8},"end":{"line":589,"column":76}},"type":"binary-expr","locations":[{"start":{"line":589,"column":8},"end":{"line":589,"column":36}},{"start":{"line":589,"column":40},"end":{"line":589,"column":76}}],"line":589},"49":{"loc":{"start":{"line":613,"column":4},"end":{"line":626,"column":5}},"type":"if","locations":[{"start":{"line":613,"column":4},"end":{"line":626,"column":5}},{"start":{},"end":{}}],"line":613},"50":{"loc":{"start":{"line":613,"column":8},"end":{"line":613,"column":34}},"type":"binary-expr","locations":[{"start":{"line":613,"column":8},"end":{"line":613,"column":16}},{"start":{"line":613,"column":20},"end":{"line":613,"column":34}}],"line":613},"51":{"loc":{"start":{"line":621,"column":6},"end":{"line":625,"column":7}},"type":"if","locations":[{"start":{"line":621,"column":6},"end":{"line":625,"column":7}},{"start":{},"end":{}}],"line":621},"52":{"loc":{"start":{"line":675,"column":4},"end":{"line":678,"column":5}},"type":"if","locations":[{"start":{"line":675,"column":4},"end":{"line":678,"column":5}},{"start":{},"end":{}}],"line":675},"53":{"loc":{"start":{"line":675,"column":8},"end":{"line":675,"column":58}},"type":"binary-expr","locations":[{"start":{"line":675,"column":8},"end":{"line":675,"column":14}},{"start":{"line":675,"column":18},"end":{"line":675,"column":30}},{"start":{"line":675,"column":34},"end":{"line":675,"column":58}}],"line":675},"54":{"loc":{"start":{"line":686,"column":4},"end":{"line":693,"column":5}},"type":"if","locations":[{"start":{"line":686,"column":4},"end":{"line":693,"column":5}},{"start":{},"end":{}}],"line":686},"55":{"loc":{"start":{"line":686,"column":8},"end":{"line":686,"column":52}},"type":"binary-expr","locations":[{"start":{"line":686,"column":8},"end":{"line":686,"column":20}},{"start":{"line":686,"column":24},"end":{"line":686,"column":52}}],"line":686},"56":{"loc":{"start":{"line":708,"column":4},"end":{"line":712,"column":5}},"type":"if","locations":[{"start":{"line":708,"column":4},"end":{"line":712,"column":5}},{"start":{"line":710,"column":11},"end":{"line":712,"column":5}}],"line":708},"57":{"loc":{"start":{"line":735,"column":22},"end":{"line":735,"column":80}},"type":"binary-expr","locations":[{"start":{"line":735,"column":22},"end":{"line":735,"column":49}},{"start":{"line":735,"column":53},"end":{"line":735,"column":80}}],"line":735},"58":{"loc":{"start":{"line":761,"column":4},"end":{"line":763,"column":5}},"type":"if","locations":[{"start":{"line":761,"column":4},"end":{"line":763,"column":5}},{"start":{},"end":{}}],"line":761},"59":{"loc":{"start":{"line":767,"column":6},"end":{"line":769,"column":63}},"type":"binary-expr","locations":[{"start":{"line":767,"column":6},"end":{"line":767,"column":23}},{"start":{"line":768,"column":6},"end":{"line":768,"column":53}},{"start":{"line":769,"column":7},"end":{"line":769,"column":33}},{"start":{"line":769,"column":37},"end":{"line":769,"column":62}}],"line":767},"60":{"loc":{"start":{"line":772,"column":4},"end":{"line":776,"column":5}},"type":"if","locations":[{"start":{"line":772,"column":4},"end":{"line":776,"column":5}},{"start":{},"end":{}}],"line":772},"61":{"loc":{"start":{"line":799,"column":4},"end":{"line":801,"column":5}},"type":"if","locations":[{"start":{"line":799,"column":4},"end":{"line":801,"column":5}},{"start":{},"end":{}}],"line":799},"62":{"loc":{"start":{"line":828,"column":4},"end":{"line":830,"column":5}},"type":"if","locations":[{"start":{"line":828,"column":4},"end":{"line":830,"column":5}},{"start":{},"end":{}}],"line":828},"63":{"loc":{"start":{"line":834,"column":6},"end":{"line":836,"column":63}},"type":"binary-expr","locations":[{"start":{"line":834,"column":6},"end":{"line":834,"column":23}},{"start":{"line":835,"column":6},"end":{"line":835,"column":53}},{"start":{"line":836,"column":7},"end":{"line":836,"column":33}},{"start":{"line":836,"column":37},"end":{"line":836,"column":62}}],"line":834},"64":{"loc":{"start":{"line":839,"column":4},"end":{"line":843,"column":5}},"type":"if","locations":[{"start":{"line":839,"column":4},"end":{"line":843,"column":5}},{"start":{},"end":{}}],"line":839},"65":{"loc":{"start":{"line":847,"column":4},"end":{"line":849,"column":5}},"type":"if","locations":[{"start":{"line":847,"column":4},"end":{"line":849,"column":5}},{"start":{},"end":{}}],"line":847},"66":{"loc":{"start":{"line":865,"column":80},"end":{"line":865,"column":141}},"type":"binary-expr","locations":[{"start":{"line":865,"column":80},"end":{"line":865,"column":117}},{"start":{"line":865,"column":121},"end":{"line":865,"column":141}}],"line":865},"67":{"loc":{"start":{"line":871,"column":4},"end":{"line":873,"column":5}},"type":"if","locations":[{"start":{"line":871,"column":4},"end":{"line":873,"column":5}},{"start":{},"end":{}}],"line":871},"68":{"loc":{"start":{"line":904,"column":4},"end":{"line":906,"column":5}},"type":"if","locations":[{"start":{"line":904,"column":4},"end":{"line":906,"column":5}},{"start":{},"end":{}}],"line":904},"69":{"loc":{"start":{"line":910,"column":4},"end":{"line":914,"column":5}},"type":"if","locations":[{"start":{"line":910,"column":4},"end":{"line":914,"column":5}},{"start":{},"end":{}}],"line":910},"70":{"loc":{"start":{"line":926,"column":4},"end":{"line":928,"column":5}},"type":"if","locations":[{"start":{"line":926,"column":4},"end":{"line":928,"column":5}},{"start":{},"end":{}}],"line":926},"71":{"loc":{"start":{"line":938,"column":4},"end":{"line":940,"column":5}},"type":"if","locations":[{"start":{"line":938,"column":4},"end":{"line":940,"column":5}},{"start":{},"end":{}}],"line":938},"72":{"loc":{"start":{"line":970,"column":4},"end":{"line":972,"column":5}},"type":"if","locations":[{"start":{"line":970,"column":4},"end":{"line":972,"column":5}},{"start":{},"end":{}}],"line":970},"73":{"loc":{"start":{"line":975,"column":4},"end":{"line":977,"column":5}},"type":"if","locations":[{"start":{"line":975,"column":4},"end":{"line":977,"column":5}},{"start":{},"end":{}}],"line":975},"74":{"loc":{"start":{"line":997,"column":82},"end":{"line":997,"column":134}},"type":"binary-expr","locations":[{"start":{"line":997,"column":82},"end":{"line":997,"column":115}},{"start":{"line":997,"column":119},"end":{"line":997,"column":134}}],"line":997},"75":{"loc":{"start":{"line":1003,"column":4},"end":{"line":1005,"column":5}},"type":"if","locations":[{"start":{"line":1003,"column":4},"end":{"line":1005,"column":5}},{"start":{},"end":{}}],"line":1003}},"s":{"0":2,"1":2,"2":2,"3":2,"4":2,"5":2,"6":2,"7":0,"8":0,"9":0,"10":0,"11":0,"12":0,"13":0,"14":0,"15":0,"16":0,"17":0,"18":0,"19":0,"20":0,"21":0,"22":0,"23":2,"24":0,"25":0,"26":0,"27":0,"28":0,"29":0,"30":0,"31":0,"32":0,"33":0,"34":0,"35":0,"36":0,"37":0,"38":0,"39":0,"40":0,"41":0,"42":0,"43":0,"44":0,"45":0,"46":0,"47":0,"48":0,"49":0,"50":0,"51":0,"52":0,"53":0,"54":0,"55":0,"56":0,"57":0,"58":0,"59":0,"60":0,"61":0,"62":0,"63":0,"64":0,"65":0,"66":0,"67":0,"68":0,"69":0,"70":0,"71":0,"72":0,"73":0,"74":0,"75":0,"76":0,"77":0,"78":0,"79":0,"80":0,"81":0,"82":0,"83":0,"84":0,"85":0,"86":0,"87":0,"88":2,"89":0,"90":0,"91":0,"92":0,"93":0,"94":2,"95":0,"96":0,"97":0,"98":0,"99":0,"100":0,"101":0,"102":0,"103":0,"104":0,"105":0,"106":0,"107":0,"108":0,"109":0,"110":0,"111":0,"112":0,"113":0,"114":0,"115":0,"116":0,"117":0,"118":0,"119":0,"120":0,"121":0,"122":0,"123":0,"124":0,"125":0,"126":0,"127":0,"128":0,"129":0,"130":2,"131":0,"132":0,"133":0,"134":0,"135":0,"136":0,"137":0,"138":0,"139":0,"140":0,"141":0,"142":0,"143":0,"144":0,"145":0,"146":0,"147":0,"148":0,"149":0,"150":0,"151":0,"152":0,"153":0,"154":0,"155":0,"156":0,"157":0,"158":0,"159":0,"160":2,"161":0,"162":0,"163":0,"164":0,"165":0,"166":0,"167":0,"168":0,"169":0,"170":0,"171":0,"172":0,"173":0,"174":0,"175":0,"176":0,"177":0,"178":0,"179":0,"180":0,"181":0,"182":0,"183":0,"184":0,"185":0,"186":2,"187":0,"188":0,"189":0,"190":0,"191":0,"192":0,"193":0,"194":0,"195":0,"196":0,"197":0,"198":0,"199":0,"200":0,"201":0,"202":0,"203":0,"204":0,"205":0,"206":0,"207":0,"208":0,"209":0,"210":0,"211":0,"212":0,"213":2,"214":0,"215":0,"216":0,"217":0,"218":0,"219":0,"220":2,"221":0,"222":0,"223":0,"224":0,"225":0,"226":0,"227":0,"228":0,"229":0,"230":0,"231":0,"232":0,"233":0,"234":0,"235":0,"236":2,"237":0,"238":0,"239":0,"240":0,"241":0,"242":0,"243":0,"244":2,"245":0,"246":0,"247":0,"248":0,"249":0,"250":0,"251":0,"252":0,"253":2,"254":0,"255":0,"256":0,"257":0,"258":0,"259":0,"260":0,"261":0,"262":0,"263":0,"264":0,"265":0,"266":0,"267":0,"268":0,"269":0,"270":0,"271":0,"272":0,"273":0,"274":2,"275":0,"276":0,"277":0,"278":0,"279":0,"280":0,"281":0,"282":0,"283":0,"284":0,"285":0,"286":0,"287":0,"288":0,"289":0,"290":0,"291":0,"292":0,"293":0,"294":0,"295":0,"296":0,"297":0,"298":2,"299":0,"300":0,"301":0,"302":0,"303":0,"304":0,"305":0,"306":0,"307":0,"308":0,"309":0,"310":0,"311":0,"312":0,"313":0,"314":0,"315":0,"316":0,"317":0,"318":0,"319":0,"320":0,"321":2,"322":0,"323":0,"324":0,"325":0,"326":0,"327":0,"328":0,"329":0,"330":0,"331":0,"332":0,"333":0,"334":0,"335":0,"336":0,"337":0,"338":0,"339":0,"340":0,"341":0},"f":{"0":0,"1":0,"2":0,"3":0,"4":0,"5":0,"6":0,"7":0,"8":0,"9":0,"10":0,"11":0,"12":0,"13":0,"14":0,"15":0,"16":0,"17":0,"18":0,"19":0,"20":0,"21":0,"22":0,"23":0,"24":0,"25":0,"26":0,"27":0,"28":0,"29":0,"30":0,"31":0,"32":0,"33":0,"34":0},"b":{"0":[0,0],"1":[0,0,0],"2":[0,0],"3":[0,0],"4":[0,0],"5":[0,0,0],"6":[0,0],"7":[0,0],"8":[0,0],"9":[0,0],"10":[0,0],"11":[0,0],"12":[0,0],"13":[0,0],"14":[0,0],"15":[0,0],"16":[0,0,0],"17":[0,0],"18":[0,0],"19":[0,0],"20":[0,0],"21":[0,0],"22":[0,0,0],"23":[0,0],"24":[0,0],"25":[0,0],"26":[0,0],"27":[0,0],"28":[0,0],"29":[0,0],"30":[0,0],"31":[0,0],"32":[0,0],"33":[0,0],"34":[0,0],"35":[0,0],"36":[0,0],"37":[0,0],"38":[0,0],"39":[0,0],"40":[0,0],"41":[0,0],"42":[0,0],"43":[0,0],"44":[0,0],"45":[0,0],"46":[0,0],"47":[0,0],"48":[0,0],"49":[0,0],"50":[0,0],"51":[0,0],"52":[0,0],"53":[0,0,0],"54":[0,0],"55":[0,0],"56":[0,0],"57":[0,0],"58":[0,0],"59":[0,0,0,0],"60":[0,0],"61":[0,0],"62":[0,0],"63":[0,0,0,0],"64":[0,0],"65":[0,0],"66":[0,0],"67":[0,0],"68":[0,0],"69":[0,0],"70":[0,0],"71":[0,0],"72":[0,0],"73":[0,0],"74":[0,0],"75":[0,0]},"_coverageSchema":"1a1c01bbd47fc00a2c39e90264f33305004495a9","hash":"cb224c05cf9b20c0aab995b6d342fc3bc6c62d73"}
[...]
}},"21":{"start":{"line":44,"column":26},"end":{"line":44,"column":60}},"22":{"start":{"line":47,"column":22},"end":{"line":47,"column":24}},"23":{"start":{"line":48,"column":6},"end":{"line":60,"column":7}},"24":{"start":{"line":48,"column":19},"end":{"line":48,"column":20}},"25":{"start":{"line":49,"column":27},"end":{"line":49,"column":72}},"26":{"start":{"line":50,"column":8},"end":{"line":59,"column":11}},"27":{"start":{"line":51,"column":42},"end":{"line":51,"column":50}},"28":{"start":{"line":61,"column":6},"end":{"line":61,"column":21}},"29":{"start":{"line":65,"column":24},"end":{"line":84,"column":5}},"30":{"start":{"line":67,"column":26},"end":{"line":69,"column":9}},"31":{"start":{"line":68,"column":10},"end":{"line":68,"column":43}},"32":{"start":{"line":70,"column":27},"end":{"line":72,"column":9}},"33":{"start":{"line":71,"column":10},"end":{"line":71,"column":43}},"34":{"start":{"line":74,"column":10},"end":{"line":74,"column":73}},"35":{"start":{"line":74,"column":41},"end":{"line":74,"column":50}},"36":{"start":{"line":76,"column":10},"end":{"line":76,"column":75}},"37":{"start":{"line":76,"column":42},"end":{"line":76,"column":51}},"38":{"start":{"line":78,"column":8},"end":{"line":82,"column":10}},"39":{"start":{"line":87,"column":20},"end":{"line":87,"column":22}},"40":{"start":{"line":88,"column":32},"end":{"line":88,"column":48}},"41":{"start":{"line":90,"column":4},"end":{"line":255,"column":5}},"42":{"start":{"line":92,"column":27},"end":{"line":92,"column":53}},"43":{"start":{"line":93,"column":32},"end":{"line":93,"column":67}},"44":{"start":{"line":94,"column":6},"end":{"line":94,"column":41}},"45":{"start":{"line":97,"column":28},"end":{"line":97,"column":32}},"46":{"start":{"line":99,"column":6},"end":{"line":162,"column":7}},"47":{"start":{"line":104,"column":8},"end":{"line":104,"column":32}},"48":{"start":{"line":107,"column":27},"end":{"line":107,"column":29}},"49":{"start":{"line":108,"column":26},"end":{"line":108,"column":34}},"50":{"start":{"line":110,"column":8},"end":{"line":145,"column":9}},"51":{"start":{"line":110,"column":21},"end":{"line":110,"column":22}},"52":{"start":{"line":111,"column":29},"end":{"line":111,"column":53}},"53":{"start":{"line":114,"column":23},"end":{"line":114,"column":27}},"54":{"start":{"line":115,"column":10},"end":{"line":126,"column":11}},"55":{"start":{"line":117,"column":14},"end":{"line":120,"column":22}},"56":{"start":{"line":122,"column":12},"end":{"line":125,"column":13}},"57":{"start":{"line":123,"column":14},"end":{"line":123,"column":29}},"58":{"start":{"line":124,"column":14},"end":{"line":124,"column":20}},"59":{"start":{"line":128,"column":10},"end":{"line":144,"column":11}},"60":{"start":{"line":130,"column":32},"end":{"line":130,"column":33}},"61":{"start":{"line":131,"column":12},"end":{"line":137,"column":13}},"62":{"start":{"line":132,"column":14},"end":{"line":136,"column":25}},"63":{"start":{"line":138,"column":32},"end":{"line":138,"column":67}},"64":{"start":{"line":140,"column":12},"end":{"line":143,"column":13}},"65":{"start":{"line":141,"column":14},"end":{"line":141,"column":40}},"66":{"start":{"line":142,"column":14},"end":{"line":142,"column":31}},"67":{"start":{"line":148,"column":8},"end":{"line":161,"column":9}},"68":{"start":{"line":149,"column":33},"end":{"line":149,"column":68}},"69":{"start":{"line":152,"column":10},"end":{"line":160,"column":11}},"70":{"start":{"line":156,"column":12},"end":{"line":156,"column":46}},"71":{"start":{"line":157,"column":12},"end":{"line":157,"column":60}},"72":{"start":{"line":158,"column":12},"end":{"line":158,"column":58}},"73":{"start":{"line":159,"column":12},"end":{"line":159,"column":35}},"74":{"start":{"line":165,"column":6},"end":{"line":254,"column":7}},"75":{"start":{"line":167,"column":26},"end":{"line":169,"column":9}},"76":{"start":{"line":168,"column":20},"end":{"line":168,"column":41}},"77":{"start":{"line":170,"column":26},"end":{"line":172,"column":9}},"78":{"start":{"line":171,"column":20},"end":{"line":171,"column":41}},"79":{"start":{"line":174,"column":10},"end":{"line":174,"column":73}},"80":{"start":{"line":174,"column":41},"end":{"line":174,"column":50}},"81":{"start":{"line":176,"column":10},"end":{"line":176,"column":73}},"82":{"start":{"line":176,"column":41},"end":{"line":176,"column":50}},"83":{"start":{"line":178,"column":8},"end":{"line":184,"column":11}},"84":{"start":{"line":179,"column":49},"end":{"line":179,"column":57}},"85":{"start":{"line":188,"column":8},"end":{"line":253,"column":9}},"86":{"start":{"line":189,"column":34},"end":{"line":189,"column":35}},"87":{"start":{"line":190,"column":33},"end":{"line":190,"column":41}},"88":{"start":{"line":192,"column":33},"end":{"line":203,"column":11}},"89":{"start":{"line":195,"column":31},"end":{"line":195,"column":58}},"90":{"start":{"line":200,"column":31},"end":{"line":200,"column":58}},"91":{"start":{"line":205,"column":10},"end":{"line":222,"column":11}},"92":{"start":{"line":205,"column":23},"end":{"line":205,"column":24}},"93":{"start":{"line":206,"column":34},"end":{"line":209,"column":13}},"94":{"start":{"line":212,"column":14},"end":{"line":212,"column":70}},"95":{"start":{"line":214,"column":12},"end":{"line":221,"column":13}},"96":{"start":{"line":219,"column":14},"end":{"line":219,"column":42}},"97":{"start":{"line":220,"column":14},"end":{"line":220,"column":36}},"98":{"start":{"line":225,"column":10},"end":{"line":252,"column":11}},"99":{"start":{"line":227,"column":32},"end":{"line":227,"column":58}},"100":{"start":{"line":228,"column":12},"end":{"line":231,"column":14}},"101":{"start":{"line":230,"column":49},"end":{"line":230,"column":57}},"102":{"start":{"line":232,"column":12},"end":{"line":235,"column":14}},"103":{"start":{"line":236,"column":12},"end":{"line":236,"column":62}},"104":{"start":{"line":237,"column":12},"end":{"line":239,"column":14}},"105":{"start":{"line":242,"column":28},"end":{"line":244,"column":13}},"106":{"start":{"line":243,"column":24},"end":{"line":243,"column":45}},"107":{"start":{"line":245,"column":28},"end":{"line":247,"column":13}},"108":{"start":{"line":246,"column":24},"end":{"line":246,"column":45}},"109":{"start":{"line":248,"column":12},"end":{"line":251,"column":14}},"110":{"start":{"line":249,"column":43},"end":{"line":249,"column":52}},"111":{"start":{"line":250,"column":43},"end":{"line":250,"column":52}},"112":{"start":{"line":257,"column":4},"end":{"line":257,"column":19}},"113":{"start":{"line":259,"column":4},"end":{"line":259,"column":50}},"114":{"start":{"line":260,"column":4},"end":{"line":260,"column":16}},"115":{"start":{"line":265,"column":31},"end":{"line":272,"column":1}},"116":{"start":{"line":266,"column":2},"end":{"line":270,"column":3}},"117":{"start":{"line":266,"column":27},"end":{"line":266,"column":48}},"118":{"start":{"line":267,"column":4},"end":{"line":267,"column":19}},"119":{"start":{"line":268,"column":9},"end":{"line":270,"column":3}},"120":{"start":{"line":268,"column":34},"end":{"line":268,"column":56}},"121":{"start":{"line":269,"column":4},"end":{"line":269,"column":20}},"122":{"start":{"line":271,"column":2},"end":{"line":271,"column":17}}},"fnMap":{"0":{"name":"(anonymous_0)","decl":{"start":{"line":5,"column":24},"end":{"line":5,"column":25}},"loc":{"start":{"line":5,"column":45},"end":{"line":262,"column":1}},"line":5},"1":{"name":"(anonymous_1)","decl":{"start":{"line":9,"column":6},"end":{"line":9,"column":7}},"loc":{"start":{"line":10,"column":8},"end":{"line":14,"column":37}},"line":10},"2":{"name":"(anonymous_2)","decl":{"start":{"line":28,"column":23},"end":{"line":28,"column":24}},"loc":{"start":{"line":28,"column":33},"end":{"line":34,"column":5}},"line":28},"3":{"name":"(anonymous_3)","decl":{"start":{"line":51,"column":32},"end":{"line":51,"column":33}},"loc":{"start":{"line":51,"column":42},"end":{"line":51,"column":50}},"line":51},"4":{"name":"(anonymous_4)","decl":{"start":{"line":66,"column":6},"end":{"line":66,"column":7}},"loc":{"start":{"line":66,"column":33},"end":{"line":83,"column":7}},"line":66},"5":{"name":"(anonymous_5)","decl":{"start":{"line":67,"column":36},"end":{"line":67,"column":37}},"loc":{"start":{"line":68,"column":10},"end":{"line":68,"column":43}},"line":68},"6":{"name":"(anonymous_6)","decl":{"start":{"line":70,"column":37},"end":{"line":70,"column":38}},"loc":{"start":{"line":71,"column":10},"end":{"line":71,"column":43}},"line":71},"7":{"name":"(anonymous_7)","decl":{"start":{"line":74,"column":27},"end":{"line":74,"column":28}},"loc":{"start":{"line":74,"column":41},"end":{"line":74,"column":50}},"line":74},"8":{"name":"(anonymous_8)","decl":{"start":{"line":76,"column":28},"end":{"line":76,"column":29}},"loc":{"start":{"line":76,"column":42},"end":{"line":76,"column":51}},"line":76},"9":{"name":"(anonymous_9)","decl":{"start":{"line":168,"column":10},"end":{"line":168,"column":11}},"loc":{"start":{"line":168,"column":20},"end":{"line":168,"column":41}},"line":168},"10":{"name":"(anonymous_10)","decl":{"start":{"line":171,"column":10},"end":{"line":171,"column":11}},"loc":{"start":{"line":171,"column":20},"end":{"line":171,"column":41}},"line":171},"11":{"name":"(anonymous_11)","decl":{"start":{"line":174,"column":27},"end":{"line":174,"column":28}},"loc":{"start":{"line":174,"column":41},"end":{"line":174,"column":50}},"line":174},"12":{"name":"(anonymous_12)","decl":{"start":{"line":176,"column":27},"end":{"line":176,"column":28}},"loc":{"start":{"line":176,"column":41},"end":{"line":176,"column":50}},"line":176},"13":{"name":"(anonymous_13)","decl":{"start":{"line":179,"column":39},"end":{"line":179,"column":40}},"loc":{"start":{"line":179,"column":49},"end":{"line":179,"column":57}},"line":179},"14":{"name":"(anonymous_14)","decl":{"start":{"line":195,"column":16},"end":{"line":195,"column":17}},"loc":{"start":{"line":195,"column":31},"end":{"line":195,"column":58}},"line":195},"15":{"name":"(anonymous_15)","decl":{"start":{"line":200,"column":16},"end":{"line":200,"column":17}},"loc":{"start":{"line":200,"column":31},"end":{"line":200,"column":58}},"line":200},"16":{"name":"(anonymous_16)","decl":{"start":{"line":230,"column":39},"end":{"line":230,"column":40}},"loc":{"start":{"line":230,"column":49},"end":{"line":230,"column":57}},"line":230},"17":{"name":"(anonymous_17)","decl":{"start":{"line":243,"column":14},"end":{"line":243,"column":15}},"loc":{"start":{"line":243,"column":24},"end":{"line":243,"column":45}},"line":243},"18":{"name":"(anonymous_18)","decl":{"start":{"line":246,"column":14},"end":{"line":246,"column":15}},"loc":{"start":{"line":246,"column":24},"end":{"line":246,"column":45}},"line":246},"19":{"name":"(anonymous_19)","decl":{"start":{"line":249,"column":29},"end":{"line":249,"column":30}},"loc":{"start":{"line":249,"column":43},"end":{"line":249,"column":52}},"line":249},"20":{"name":"(anonymous_20)","decl":{"start":{"line":250,"column":29},"end":{"line":250,"column":30}},"loc":{"start":{"line":250,"column":43},"end":{"line":250,"column":52}},"line":250},"21":{"name":"(anonymous_21)","decl":{"start":{"line":265,"column":31},"end":{"line":265,"column":32}},"loc":{"start":{"line":265,"column":42},"end":{"line":272,"column":1}},"line":265},"22":{"name":"(anonymous_22)","decl":{"start":{"line":266,"column":17},"end":{"line":266,"column":18}},"loc":{"start":{"line":266,"column":27},"end":{"line":266,"column":48}},"line":266},"23":{"name":"(anonymous_23)","decl":{"start":{"line":268,"column":24},"end":{"line":268,"column":25}},"loc":{"start":{"line":268,"column":34},"end":{"line":268,"column":56}},"line":268}},"branchMap":{"0":{"loc":{"start":{"line":10,"column":8},"end":{"line":14,"column":37}},"type":"binary-expr","locations":[{"start":{"line":10,"column":8},"end":{"line":10,"column":25}},{"start":{"line":11,"column":8},"end":{"line":11,"column":49}},{"start":{"line":12,"column":8},"end":{"line":12,"column":37}},{"start":{"line":13,"column":8},"end":{"line":13,"column":49}},{"start":{"line":14,"column":8},"end":{"line":14,"column":37}}],"line":10},"1":{"loc":{"start":{"line":21,"column":4},"end":{"line":24,"column":5}},"type":"if","locations":[{"start":{"line":21,"column":4},"end":{"line":24,"column":5}},{"start":{},"end":{}}],"line":21},"2":{"loc":{"start":{"line":30,"column":6},"end":{"line":32,"column":7}},"type":"if","locations":[{"start":{"line":30,"column":6},"end":{"line":32,"column":7}},{"start":{},"end":{}}],"line":30},"3":{"loc":{"start":{"line":42,"column":4},"end":{"line":62,"column":5}},"type":"if","locations":[{"start":{"line":42,"column":4},"end":{"line":62,"column":5}},{"start":{},"end":{}}],"line":42},"4":{"loc":{"start":{"line":100,"column":8},"end":{"line":102,"column":40}},"type":"binary-expr","locations":[{"start":{"line":100,"column":8},"end":{"line":100,"column":23}},{"start":{"line":101,"column":8},"end":{"line":101,"column":54}},{"start":{"line":102,"column":8},"end":{"line":102,"column":40}}],"line":100},"5":{"loc":{"start":{"line":122,"column":12},"end":{"line":125,"column":13}},"type":"if","locations":[{"start":{"line":122,"column":12},"end":{"line":125,"column":13}},{"start":{},"end":{}}],"line":122},"6":{"loc":{"start":{"line":128,"column":10},"end":{"line":144,"column":11}},"type":"if","locations":[{"start":{"line":128,"column":10},"end":{"line":144,"column":11}},{"start":{},"end":{}}],"line":128},"7":{"loc":{"start":{"line":140,"column":12},"end":{"line":143,"column":13}},"type":"if","locations":[{"start":{"line":140,"column":12},"end":{"line":143,"column":13}},{"start":{},"end":{}}],"line":140},"8":{"loc":{"start":{"line":148,"column":8},"end":{"line":161,"column":9}},"type":"if","locations":[{"start":{"line":148,"column":8},"end":{"line":161,"column":9}},{"start":{},"end":{}}],"line":148},"9":{"loc":{"start":{"line":152,"column":10},"end":{"line":160,"column":11}},"type":"if","locations":[{"start":{"line":152,"column":10},"end":{"line":160,"column":11}},{"start":{},"end":{}}],"line":152},"10":{"loc":{"start":{"line":165,"column":6},"end":{"line":254,"column":7}},"type":"if","locations":[{"start":{"line":165,"column":6},"end":{"line":254,"column":7}},{"start":{"line":185,"column":13},"end":{"line":254,"column":7}}],"line":165},"11":{"loc":{"start":{"line":188,"column":8},"end":{"line":253,"column":9}},"type":"if","locations":[{"start":{"line":188,"column":8},"end":{"line":253,"column":9}},{"start":{},"end":{}}],"line":188},"12":{"loc":{"start":{"line":188,"column":12},"end":{"line":188,"column":62}},"type":"binary-expr","locations":[{"start":{"line":188,"column":12},"end":{"line":188,"column":30}},{"start":{"line":188,"column":34},"end":{"line":188,"column":62}}],"line":188},"13":{"loc":{"start":{"line":214,"column":12},"end":{"line":221,"column":13}},"type":"if","locations":[{"start":{"line":214,"column":12},"end":{"line":221,"column":13}},{"start":{},"end":{}}],"line":214},"14":{"loc":{"start":{"line":215,"column":14},"end":{"line":217,"column":35}},"type":"binary-expr","locations":[{"start":{"line":215,"column":14},"end":{"line":215,"column":41}},{"start":{"line":216,"column":14},"end":{"line":217,"column":35}}],"line":215},"15":{"loc":{"start":{"line":225,"column":10},"end":{"line":252,"column":11}},"type":"if","locations":[{"start":{"line":225,"column":10},"end":{"line":252,"column":11}},{"start":{},"end":{}}],"line":225},"16":{"loc":{"start":{"line":266,"column":2},"end":{"line":270,"column":3}},"type":"if","locations":[{"start":{"line":266,"column":2},"end":{"line":270,"column":3}},{"start":{"line":268,"column":9},"end":{"line":270,"column":3}}],"line":266},"17":{"loc":{"start":{"line":268,"column":9},"end":{"line":270,"column":3}},"type":"if","locations":[{"start":{"line":268,"column":9},"end":{"line":270,"column":3}},{"start":{},"end":{}}],"line":268}},"s":{"0":2,"1":2,"2":2,"3":0,"4":0,"5":0,"6":0,"7":0,"8":0,"9":0,"10":0,"11":0,"12":0,"13":0,"14":0,"15":0,"16":0,"17":0,"18":0,"19":0,"20":0,"21":0,"22":0,"23":0,"24":0,"25":0,"26":0,"27":0,"28":0,"29":0,"30":0,"31":0,"32":0,"33":0,"34":0,"35":0,"36":0,"37":0,"38":0,"39":0,"40":0,"41":0,"42":0,"43":0,"44":0,"45":0,"46":0,"47":0,"48":0,"49":0,"50":0,"51":0,"52":0,"53":0,"54":0,"55":0,"56":0,"57":0,"58":0,"59":0,"60":0,"61":0,"62":0,"63":0,"64":0,"65":0,"66":0,"67":0,"68":0,"69":0,"70":0,"71":0,"72":0,"73":0,"74":0,"75":0,"76":0,"77":0,"78":0,"79":0,"80":0,"81":0,"82":0,"83":0,"84":0,"85":0,"86":0,"87":0,"88":0,"89":0,"90":0,"91":0,"92":0,"93":0,"94":0,"95":0,"96":0,"97":0,"98":0,"99":0,"100":0,"101":0,"102":0,"103":0,"104":0,"105":0,"106":0,"107":0,"108":0,"109":0,"110":0,"111":0,"112":0,"113":0,"114":0,"115":2,"116":0,"117":0,"118":0,"119":0,"120":0,"121":0,"122":0},"f":{"0":0,"1":0,"2":0,"3":0,"4":0,"5":0,"6":0,"7":0,"8":0,"9":0,"10":0,"11":0,"12":0,"13":0,"14":0,"15":0,"16":0,"17":0,"18":0,"19":0,"20":0,"21":0,"22":0,"23":0},"b":{"0":[0,0,0,0,0],"1":[0,0],"2":[0,0],"3":[0,0],"4":[0,0,0],"5":[0,0],"6":[0,0],"7":[0,0],"8":[0,0],"9":[0,0],"10":[0,0],"11":[0,0],"12":[0,0],"13":[0,0],"14":[0,0],"15":[0,0],"16":[0,0],"17":[0,0]},"_coverageSchema":"1a1c01bbd47fc00a2c39e90264f33305004495a9","hash":"2d6a8d3911c5dfc5bcebb3704bcba8c190dc5065"}
,"C:\\Users\\USER\\Desktop\\4twin9\\Piweb\\Novastackers\\SustainaFoodBack\\src\\utils\\scheduler.js": {"path":"C:\\Users\\USER\\Desktop\\4twin9\\Piweb\\Novastackers\\SustainaFoodBack\\src\\utils\\scheduler.js","statementMap":{"0":{"start":{"line":1,"column":13},"end":{"line":1,"column":33}},"1":{"start":{"line":2,"column":14},"end":{"line":2,"column":40}},"2":{"start":{"line":3,"column":17},"end":{"line":3,"column":46}},"3":{"start":{"line":4,"column":21},"end":{"line":4,"column":54}},"4":{"start":{"line":7,"column":37},"end":{"line":60,"column":1}},"5":{"start":{"line":8,"column":2},"end":{"line":59,"column":3}},"6":{"start":{"line":9,"column":4},"end":{"line":9,"column":61}},"7":{"start":{"line":12,"column":23},"end":{"line":12,"column":60}},"8":{"start":{"line":15,"column":27},"end":{"line":19,"column":6}},"9":{"start":{"line":21,"column":4},"end":{"line":21,"column":76}},"10":{"start":{"line":24,"column":4},"end":{"line":56,"column":5}},"11":{"start":{"line":26,"column":26},"end":{"line":26,"column":49}},"12":{"start":{"line":29,"column":6},"end":{"line":29,"column":33}},"13":{"start":{"line":30,"column":6},"end":{"line":30,"column":36}},"14":{"start":{"line":31,"column":6},"end":{"line":31,"column":37}},"15":{"start":{"line":32,"column":6},"end":{"line":32,"column":41}},"16":{"start":{"line":33,"column":6},"end":{"line":33,"column":25}},"17":{"start":{"line":36,"column":6},"end":{"line":43,"column":8}},"18":{"start":{"line":46,"column":6},"end":{"line":53,"column":7}},"19":{"start":{"line":47,"column":8},"end":{"line":52,"column":11}},"20":{"start":{"line":55,"column":6},"end":{"line":55,"column":54}},"21":{"start":{"line":58,"column":4},"end":{"line":58,"column":70}},"22":{"start":{"line":63,"column":22},"end":{"line":66,"column":1}},"23":{"start":{"line":64,"column":2},"end":{"line":64,"column":61}},"24":{"start":{"line":65,"column":2},"end":{"line":65,"column":67}},"25":{"start":{"line":68,"column":0},"end":{"line":68,"column":35}}},"fnMap":{"0":{"name":"(anonymous_0)","decl":{"start":{"line":7,"column":37},"end":{"line":7,"column":38}},"loc":{"start":{"line":7,"column":49},"end":{"line":60,"column":1}},"line":7},"1":{"name":"(anonymous_1)","decl":{"start":{"line":63,"column":22},"end":{"line":63,"column":23}},"loc":{"start":{"line":63,"column":28},"end":{"line":66,"column":1}},"line":63}},"branchMap":{"0":{"loc":{"start":{"line":46,"column":6},"end":{"line":53,"column":7}},"type":"if","locations":[{"start":{"line":46,"column":6},"end":{"line":53,"column":7}},{"start":{},"end":{}}],"line":46}},"s":{"0":2,"1":2,"2":2,"3":2,"4":2,"5":0,"6":0,"7":0,"8":0,"9":0,"10":0,"11":0,"12":0,"13":0,"14":0,"15":0,"16":0,"17":0,"18":0,"19":0,"20":0,"21":0,"22":2,"23":2,"24":2,"25":2},"f":{"0":0,"1":2},"b":{"0":[0,0]},"_coverageSchema":"1a1c01bbd47fc00a2c39e90264f33305004495a9","hash":"8da81b3a205ee9917d970eb23c4fdf379dd6d6be"}
}
