TN:
SF:app.js
FN:31,(anonymous_0)
FN:35,(anonymous_1)
FN:40,(anonymous_2)
FN:46,(anonymous_3)
FN:51,(anonymous_4)
FN:80,(anonymous_5)
FN:82,(anonymous_6)
FNF:7
FNH:2
FNDA:0,(anonymous_0)
FNDA:0,(anonymous_1)
FNDA:0,(anonymous_2)
FNDA:6,(anonymous_3)
FNDA:1,(anonymous_4)
FNDA:0,(anonymous_5)
FNDA:0,(anonymous_6)
DA:1,2
DA:2,2
DA:3,2
DA:4,2
DA:5,2
DA:6,2
DA:7,2
DA:8,2
DA:9,2
DA:10,2
DA:11,2
DA:12,2
DA:13,2
DA:14,2
DA:15,2
DA:17,2
DA:18,2
DA:19,2
DA:22,2
DA:31,2
DA:32,0
DA:35,0
DA:36,0
DA:37,0
DA:40,0
DA:41,0
DA:46,2
DA:47,6
DA:48,6
DA:51,2
DA:52,1
DA:57,2
DA:60,2
DA:66,2
DA:67,2
DA:68,2
DA:71,2
DA:72,2
DA:73,2
DA:74,2
DA:76,2
DA:78,2
DA:80,2
DA:81,0
DA:82,0
DA:83,0
DA:87,2
DA:88,0
DA:90,2
DA:91,2
LF:50
LH:40
BRDA:24,0,0,2
BRDA:24,0,1,0
BRDA:61,1,0,2
BRDA:61,1,1,0
BRDA:87,2,0,0
BRDA:87,2,1,2
BRF:6
BRH:3
end_of_record
TN:
SF:src\config\db.js
FN:4,(anonymous_0)
FNF:1
FNH:0
FNDA:0,(anonymous_0)
DA:1,2
DA:2,2
DA:4,2
DA:5,0
DA:6,0
DA:7,0
DA:9,0
DA:10,0
DA:14,2
LF:9
LH:4
BRF:0
BRH:0
end_of_record
TN:
SF:src\config\mailer.js
FN:13,sendMail
FNF:1
FNH:0
FNDA:0,sendMail
DA:1,2
DA:4,2
DA:14,0
DA:21,0
DA:23,2
LF:5
LH:3
BRF:0
BRH:0
end_of_record
TN:
SF:src\config\stripeConfig.js
FNF:0
FNH:0
DA:1,2
DA:2,2
DA:4,2
DA:6,2
LF:4
LH:4
BRF:0
BRH:0
end_of_record
TN:
SF:src\controllers\allUsers.js
FN:8,getUserById
FN:25,getAssignedFoodForVolunteer
FN:48,getAllVolunteers
FN:63,allUsers
FN:86,updateUser
FN:105,updateLogedInUser
FN:128,updateLogedInPassword
FN:154,(anonymous_7)
FN:178,deleteUser
FN:191,disableUser
FN:220,updateNgoProfile
FN:253,updateVolunteerAvailability
FN:290,getVolunteerAvailability
FNF:13
FNH:4
FNDA:0,getUserById
FNDA:0,getAssignedFoodForVolunteer
FNDA:0,getAllVolunteers
FNDA:1,allUsers
FNDA:1,updateUser
FNDA:0,updateLogedInUser
FNDA:0,updateLogedInPassword
FNDA:1,(anonymous_7)
FNDA:1,deleteUser
FNDA:0,disableUser
FNDA:0,updateNgoProfile
FNDA:0,updateVolunteerAvailability
FNDA:0,getVolunteerAvailability
DA:1,2
DA:2,2
DA:3,2
DA:4,2
DA:9,0
DA:10,0
DA:11,0
DA:13,0
DA:14,0
DA:17,0
DA:26,0
DA:28,0
DA:29,0
DA:33,0
DA:35,0
DA:36,0
DA:49,0
DA:50,0
DA:52,0
DA:53,0
DA:55,0
DA:57,0
DA:64,1
DA:65,1
DA:67,1
DA:69,1
DA:76,0
DA:87,1
DA:88,1
DA:89,1
DA:91,1
DA:93,1
DA:94,0
DA:97,1
DA:99,0
DA:100,0
DA:106,0
DA:107,0
DA:108,0
DA:109,0
DA:110,0
DA:112,0
DA:117,0
DA:118,0
DA:122,0
DA:124,0
DA:125,0
DA:129,0
DA:130,0
DA:131,0
DA:132,0
DA:133,0
DA:134,0
DA:137,0
DA:138,0
DA:139,0
DA:141,0
DA:142,0
DA:144,0
DA:146,0
DA:147,0
DA:154,2
DA:155,1
DA:156,1
DA:160,1
DA:161,0
DA:164,1
DA:165,1
DA:166,0
DA:168,1
DA:170,0
DA:171,0
DA:179,1
DA:180,1
DA:181,1
DA:182,0
DA:184,1
DA:186,0
DA:187,0
DA:192,0
DA:193,0
DA:195,0
DA:196,0
DA:200,0
DA:201,0
DA:202,0
DA:206,0
DA:207,0
DA:209,0
DA:215,0
DA:216,0
DA:221,0
DA:223,0
DA:225,0
DA:226,0
DA:228,0
DA:230,0
DA:231,0
DA:234,0
DA:238,0
DA:239,0
DA:242,0
DA:246,0
DA:247,0
DA:254,0
DA:255,0
DA:256,0
DA:259,0
DA:260,0
DA:266,0
DA:267,0
DA:268,0
DA:272,0
DA:273,0
DA:275,0
DA:281,0
DA:282,0
DA:291,0
DA:292,0
DA:294,0
DA:295,0
DA:296,0
DA:300,0
DA:302,0
DA:307,0
DA:308,0
DA:319,2
LF:127
LH:26
BRDA:13,0,0,0
BRDA:13,0,1,0
BRDA:18,1,0,0
BRDA:18,1,1,0
BRDA:52,2,0,0
BRDA:52,2,1,0
BRDA:77,3,0,0
BRDA:77,3,1,0
BRDA:93,4,0,0
BRDA:93,4,1,1
BRDA:117,5,0,0
BRDA:117,5,1,0
BRDA:133,6,0,0
BRDA:133,6,1,0
BRDA:138,7,0,0
BRDA:138,7,1,0
BRDA:160,8,0,0
BRDA:160,8,1,1
BRDA:165,9,0,0
BRDA:165,9,1,1
BRDA:181,10,0,0
BRDA:181,10,1,1
BRDA:195,11,0,0
BRDA:195,11,1,0
BRDA:201,12,0,0
BRDA:201,12,1,0
BRDA:210,13,0,0
BRDA:210,13,1,0
BRDA:225,14,0,0
BRDA:225,14,1,0
BRDA:225,14,2,0
BRDA:225,14,3,0
BRDA:230,15,0,0
BRDA:230,15,1,0
BRDA:238,16,0,0
BRDA:238,16,1,0
BRDA:259,17,0,0
BRDA:259,17,1,0
BRDA:259,18,0,0
BRDA:259,18,1,0
BRDA:267,19,0,0
BRDA:267,19,1,0
BRDA:295,20,0,0
BRDA:295,20,1,0
BRDA:300,21,0,0
BRDA:300,21,1,0
BRF:46
BRH:4
end_of_record
TN:
SF:src\controllers\batchController.js
FN:8,(anonymous_0)
FN:27,(anonymous_1)
FN:52,(anonymous_2)
FN:76,(anonymous_3)
FN:129,(anonymous_4)
FN:145,(anonymous_5)
FN:168,(anonymous_6)
FN:197,(anonymous_7)
FN:257,(anonymous_8)
FN:276,(anonymous_9)
FN:296,(anonymous_10)
FN:343,(anonymous_11)
FN:352,(anonymous_12)
FN:365,(anonymous_13)
FN:381,(anonymous_14)
FN:396,(anonymous_15)
FN:487,(anonymous_16)
FN:564,(anonymous_17)
FN:644,(anonymous_18)
FN:670,(anonymous_19)
FN:682,(anonymous_20)
FN:703,(anonymous_21)
FN:720,(anonymous_22)
FN:735,(anonymous_23)
FN:736,(anonymous_24)
FN:749,(anonymous_25)
FN:766,(anonymous_26)
FN:782,(anonymous_27)
FN:813,(anonymous_28)
FN:833,(anonymous_29)
FN:852,(anonymous_30)
FN:888,(anonymous_31)
FN:909,(anonymous_32)
FN:952,(anonymous_33)
FN:980,(anonymous_34)
FNF:35
FNH:0
FNDA:0,(anonymous_0)
FNDA:0,(anonymous_1)
FNDA:0,(anonymous_2)
FNDA:0,(anonymous_3)
FNDA:0,(anonymous_4)
FNDA:0,(anonymous_5)
FNDA:0,(anonymous_6)
FNDA:0,(anonymous_7)
FNDA:0,(anonymous_8)
FNDA:0,(anonymous_9)
FNDA:0,(anonymous_10)
FNDA:0,(anonymous_11)
FNDA:0,(anonymous_12)
FNDA:0,(anonymous_13)
FNDA:0,(anonymous_14)
FNDA:0,(anonymous_15)
FNDA:0,(anonymous_16)
FNDA:0,(anonymous_17)
FNDA:0,(anonymous_18)
FNDA:0,(anonymous_19)
FNDA:0,(anonymous_20)
FNDA:0,(anonymous_21)
FNDA:0,(anonymous_22)
FNDA:0,(anonymous_23)
FNDA:0,(anonymous_24)
FNDA:0,(anonymous_25)
FNDA:0,(anonymous_26)
FNDA:0,(anonymous_27)
FNDA:0,(anonymous_28)
FNDA:0,(anonymous_29)
FNDA:0,(anonymous_30)
FNDA:0,(anonymous_31)
FNDA:0,(anonymous_32)
FNDA:0,(anonymous_33)
FNDA:0,(anonymous_34)
DA:1,2
DA:2,2
DA:3,2
DA:4,2
DA:5,2
DA:6,2
DA:8,2
DA:9,0
DA:10,0
DA:13,0
DA:19,0
DA:20,0
DA:26,0
DA:28,0
DA:33,0
DA:34,0
DA:41,0
DA:48,0
DA:51,0
DA:53,0
DA:63,0
DA:68,0
DA:69,0
DA:76,2
DA:77,0
DA:78,0
DA:81,0
DA:87,0
DA:88,0
DA:95,0
DA:96,0
DA:97,0
DA:98,0
DA:99,0
DA:100,0
DA:103,0
DA:108,0
DA:109,0
DA:116,0
DA:123,0
DA:124,0
DA:127,0
DA:129,0
DA:131,0
DA:132,0
DA:136,0
DA:137,0
DA:140,0
DA:141,0
DA:142,0
DA:145,0
DA:146,0
DA:149,0
DA:150,0
DA:154,0
DA:155,0
DA:158,0
DA:159,0
DA:164,0
DA:168,0
DA:170,0
DA:171,0
DA:172,0
DA:178,0
DA:182,0
DA:188,0
DA:190,0
DA:197,0
DA:200,0
DA:201,0
DA:204,0
DA:205,0
DA:206,0
DA:207,0
DA:208,0
DA:211,0
DA:221,0
DA:229,0
DA:230,0
DA:239,0
DA:241,0
DA:248,0
DA:257,0
DA:259,0
DA:267,0
DA:268,0
DA:276,2
DA:277,0
DA:278,0
DA:280,0
DA:287,0
DA:289,0
DA:296,2
DA:297,0
DA:298,0
DA:299,0
DA:301,0
DA:302,0
DA:306,0
DA:307,0
DA:308,0
DA:309,0
DA:312,0
DA:321,0
DA:324,0
DA:329,0
DA:330,0
DA:336,0
DA:343,0
DA:345,0
DA:346,0
DA:348,0
DA:349,0
DA:351,0
DA:352,0
DA:354,0
DA:357,0
DA:358,0
DA:365,0
DA:366,0
DA:367,0
DA:368,0
DA:370,0
DA:376,0
DA:381,0
DA:389,0
DA:396,2
DA:397,0
DA:398,0
DA:399,0
DA:401,0
DA:405,0
DA:406,0
DA:407,0
DA:408,0
DA:410,0
DA:415,0
DA:416,0
DA:417,0
DA:418,0
DA:419,0
DA:420,0
DA:425,0
DA:433,0
DA:438,0
DA:441,0
DA:447,0
DA:452,0
DA:453,0
DA:454,0
DA:457,0
DA:463,0
DA:465,0
DA:470,0
DA:477,0
DA:478,0
DA:487,2
DA:488,0
DA:489,0
DA:490,0
DA:492,0
DA:496,0
DA:497,0
DA:500,0
DA:502,0
DA:503,0
DA:506,0
DA:507,0
DA:512,0
DA:513,0
DA:519,0
DA:520,0
DA:521,0
DA:524,0
DA:533,0
DA:534,0
DA:535,0
DA:542,0
DA:543,0
DA:549,0
DA:554,0
DA:555,0
DA:564,2
DA:565,0
DA:566,0
DA:567,0
DA:569,0
DA:573,0
DA:574,0
DA:577,0
DA:579,0
DA:580,0
DA:583,0
DA:584,0
DA:589,0
DA:590,0
DA:596,0
DA:597,0
DA:598,0
DA:599,0
DA:602,0
DA:612,0
DA:613,0
DA:614,0
DA:621,0
DA:622,0
DA:628,0
DA:632,0
DA:633,0
DA:644,2
DA:645,0
DA:646,0
DA:648,0
DA:655,0
DA:657,0
DA:658,0
DA:670,2
DA:671,0
DA:673,0
DA:675,0
DA:676,0
DA:677,0
DA:681,0
DA:682,0
DA:686,0
DA:687,0
DA:688,0
DA:689,0
DA:692,0
DA:695,0
DA:697,0
DA:698,0
DA:703,2
DA:704,0
DA:705,0
DA:706,0
DA:708,0
DA:709,0
DA:711,0
DA:714,0
DA:720,2
DA:721,0
DA:723,0
DA:734,0
DA:735,0
DA:736,0
DA:738,0
DA:740,0
DA:742,0
DA:749,2
DA:750,0
DA:751,0
DA:753,0
DA:755,0
DA:761,0
DA:762,0
DA:766,0
DA:767,0
DA:772,0
DA:773,0
DA:779,0
DA:782,0
DA:783,0
DA:792,0
DA:799,0
DA:800,0
DA:803,0
DA:807,0
DA:808,0
DA:813,2
DA:814,0
DA:815,0
DA:817,0
DA:819,0
DA:828,0
DA:829,0
DA:833,0
DA:834,0
DA:839,0
DA:840,0
DA:846,0
DA:847,0
DA:848,0
DA:852,0
DA:853,0
DA:863,0
DA:871,0
DA:872,0
DA:876,0
DA:878,0
DA:882,0
DA:883,0
DA:888,2
DA:889,0
DA:891,0
DA:893,0
DA:904,0
DA:905,0
DA:909,0
DA:910,0
DA:911,0
DA:917,0
DA:920,0
DA:921,0
DA:922,0
DA:925,0
DA:926,0
DA:927,0
DA:931,0
DA:938,0
DA:939,0
DA:942,0
DA:946,0
DA:947,0
DA:952,2
DA:953,0
DA:954,0
DA:956,0
DA:958,0
DA:970,0
DA:971,0
DA:975,0
DA:976,0
DA:980,0
DA:981,0
DA:990,0
DA:991,0
DA:992,0
DA:995,0
DA:1003,0
DA:1004,0
DA:1007,0
DA:1011,0
DA:1012,0
LF:334
LH:21
BRDA:19,0,0,0
BRDA:19,0,1,0
BRDA:28,1,0,0
BRDA:28,1,1,0
BRDA:28,1,2,0
BRDA:33,2,0,0
BRDA:33,2,1,0
BRDA:87,3,0,0
BRDA:87,3,1,0
BRDA:108,4,0,0
BRDA:108,4,1,0
BRDA:108,5,0,0
BRDA:108,5,1,0
BRDA:108,5,2,0
BRDA:131,6,0,0
BRDA:131,6,1,0
BRDA:136,7,0,0
BRDA:136,7,1,0
BRDA:136,8,0,0
BRDA:136,8,1,0
BRDA:141,9,0,0
BRDA:141,9,1,0
BRDA:141,10,0,0
BRDA:141,10,1,0
BRDA:146,11,0,0
BRDA:146,11,1,0
BRDA:149,12,0,0
BRDA:149,12,1,0
BRDA:154,13,0,0
BRDA:154,13,1,0
BRDA:158,14,0,0
BRDA:158,14,1,0
BRDA:171,15,0,0
BRDA:171,15,1,0
BRDA:171,16,0,0
BRDA:171,16,1,0
BRDA:171,16,2,0
BRDA:183,17,0,0
BRDA:183,17,1,0
BRDA:200,18,0,0
BRDA:200,18,1,0
BRDA:229,19,0,0
BRDA:229,19,1,0
BRDA:301,20,0,0
BRDA:301,20,1,0
BRDA:329,21,0,0
BRDA:329,21,1,0
BRDA:329,22,0,0
BRDA:329,22,1,0
BRDA:329,22,2,0
BRDA:345,23,0,0
BRDA:345,23,1,0
BRDA:345,24,0,0
BRDA:345,24,1,0
BRDA:349,25,0,0
BRDA:349,25,1,0
BRDA:349,26,0,0
BRDA:349,26,1,0
BRDA:352,27,0,0
BRDA:352,27,1,0
BRDA:354,28,0,0
BRDA:354,28,1,0
BRDA:357,29,0,0
BRDA:357,29,1,0
BRDA:366,30,0,0
BRDA:366,30,1,0
BRDA:367,31,0,0
BRDA:367,31,1,0
BRDA:378,32,0,0
BRDA:378,32,1,0
BRDA:406,33,0,0
BRDA:406,33,1,0
BRDA:452,34,0,0
BRDA:452,34,1,0
BRDA:453,35,0,0
BRDA:453,35,1,0
BRDA:496,36,0,0
BRDA:496,36,1,0
BRDA:502,37,0,0
BRDA:502,37,1,0
BRDA:506,38,0,0
BRDA:506,38,1,0
BRDA:512,39,0,0
BRDA:512,39,1,0
BRDA:512,40,0,0
BRDA:512,40,1,0
BRDA:534,41,0,0
BRDA:534,41,1,0
BRDA:534,42,0,0
BRDA:534,42,1,0
BRDA:542,43,0,0
BRDA:542,43,1,0
BRDA:573,44,0,0
BRDA:573,44,1,0
BRDA:579,45,0,0
BRDA:579,45,1,0
BRDA:583,46,0,0
BRDA:583,46,1,0
BRDA:589,47,0,0
BRDA:589,47,1,0
BRDA:589,48,0,0
BRDA:589,48,1,0
BRDA:613,49,0,0
BRDA:613,49,1,0
BRDA:613,50,0,0
BRDA:613,50,1,0
BRDA:621,51,0,0
BRDA:621,51,1,0
BRDA:675,52,0,0
BRDA:675,52,1,0
BRDA:675,53,0,0
BRDA:675,53,1,0
BRDA:675,53,2,0
BRDA:686,54,0,0
BRDA:686,54,1,0
BRDA:686,55,0,0
BRDA:686,55,1,0
BRDA:708,56,0,0
BRDA:708,56,1,0
BRDA:735,57,0,0
BRDA:735,57,1,0
BRDA:761,58,0,0
BRDA:761,58,1,0
BRDA:767,59,0,0
BRDA:767,59,1,0
BRDA:767,59,2,0
BRDA:767,59,3,0
BRDA:772,60,0,0
BRDA:772,60,1,0
BRDA:799,61,0,0
BRDA:799,61,1,0
BRDA:828,62,0,0
BRDA:828,62,1,0
BRDA:834,63,0,0
BRDA:834,63,1,0
BRDA:834,63,2,0
BRDA:834,63,3,0
BRDA:839,64,0,0
BRDA:839,64,1,0
BRDA:847,65,0,0
BRDA:847,65,1,0
BRDA:865,66,0,0
BRDA:865,66,1,0
BRDA:871,67,0,0
BRDA:871,67,1,0
BRDA:904,68,0,0
BRDA:904,68,1,0
BRDA:910,69,0,0
BRDA:910,69,1,0
BRDA:926,70,0,0
BRDA:926,70,1,0
BRDA:938,71,0,0
BRDA:938,71,1,0
BRDA:970,72,0,0
BRDA:970,72,1,0
BRDA:975,73,0,0
BRDA:975,73,1,0
BRDA:997,74,0,0
BRDA:997,74,1,0
BRDA:1003,75,0,0
BRDA:1003,75,1,0
BRF:161
BRH:0
end_of_record
TN:
SF:src\controllers\recommendationController.js
FN:6,(anonymous_0)
FN:30,(anonymous_1)
FN:50,(anonymous_2)
FN:93,(anonymous_3)
FN:109,(anonymous_4)
FNF:5
FNH:0
FNDA:0,(anonymous_0)
FNDA:0,(anonymous_1)
FNDA:0,(anonymous_2)
FNDA:0,(anonymous_3)
FNDA:0,(anonymous_4)
DA:1,2
DA:2,2
DA:3,2
DA:4,2
DA:6,2
DA:7,0
DA:9,0
DA:10,0
DA:16,0
DA:17,0
DA:21,0
DA:23,0
DA:30,2
DA:31,0
DA:33,0
DA:34,0
DA:40,0
DA:42,0
DA:46,0
DA:49,0
DA:51,0
DA:54,0
DA:55,0
DA:60,0
DA:61,0
DA:70,0
DA:72,0
DA:74,0
DA:75,0
DA:76,0
DA:80,0
DA:88,0
DA:89,0
DA:93,0
DA:95,0
DA:101,0
DA:102,0
DA:109,2
DA:110,0
DA:112,0
DA:113,0
DA:119,0
DA:120,0
DA:124,0
DA:126,0
LF:45
LH:7
BRDA:9,0,0,0
BRDA:9,0,1,0
BRDA:25,1,0,0
BRDA:25,1,1,0
BRDA:33,2,0,0
BRDA:33,2,1,0
BRDA:54,3,0,0
BRDA:54,3,1,0
BRDA:60,4,0,0
BRDA:60,4,1,0
BRDA:72,5,0,0
BRDA:72,5,1,0
BRDA:83,6,0,0
BRDA:83,6,1,0
BRDA:84,7,0,0
BRDA:84,7,1,0
BRDA:104,8,0,0
BRDA:104,8,1,0
BRDA:112,9,0,0
BRDA:112,9,1,0
BRDA:128,10,0,0
BRDA:128,10,1,0
BRF:22
BRH:0
end_of_record
TN:
SF:src\controllers\roleVerification.js
FN:6,(anonymous_0)
FN:54,(anonymous_1)
FN:88,(anonymous_2)
FN:129,(anonymous_3)
FN:143,(anonymous_4)
FNF:5
FNH:0
FNDA:0,(anonymous_0)
FNDA:0,(anonymous_1)
FNDA:0,(anonymous_2)
FNDA:0,(anonymous_3)
FNDA:0,(anonymous_4)
DA:1,2
DA:2,2
DA:3,2
DA:4,2
DA:5,2
DA:6,2
DA:7,0
DA:8,0
DA:11,0
DA:12,0
DA:13,0
DA:17,0
DA:18,0
DA:21,0
DA:24,0
DA:25,0
DA:28,0
DA:31,0
DA:33,0
DA:44,0
DA:49,0
DA:50,0
DA:54,2
DA:55,0
DA:56,0
DA:59,0
DA:60,0
DA:61,0
DA:65,0
DA:66,0
DA:69,0
DA:79,0
DA:84,0
DA:85,0
DA:88,2
DA:89,0
DA:91,0
DA:93,0
DA:94,0
DA:95,0
DA:99,0
DA:100,0
DA:101,0
DA:105,0
DA:106,0
DA:107,0
DA:108,0
DA:109,0
DA:110,0
DA:112,0
DA:116,0
DA:117,0
DA:119,0
DA:121,0
DA:122,0
DA:129,2
DA:130,0
DA:131,0
DA:134,0
DA:136,0
DA:137,0
DA:143,2
DA:144,0
DA:146,0
DA:147,0
DA:151,0
DA:154,0
DA:157,0
DA:170,0
DA:173,0
DA:175,0
DA:176,0
LF:72
LH:10
BRDA:12,0,0,0
BRDA:12,0,1,0
BRDA:12,1,0,0
BRDA:12,1,1,0
BRDA:17,2,0,0
BRDA:17,2,1,0
BRDA:24,3,0,0
BRDA:24,3,1,0
BRDA:31,4,0,0
BRDA:31,4,1,0
BRDA:60,5,0,0
BRDA:60,5,1,0
BRDA:60,6,0,0
BRDA:60,6,1,0
BRDA:94,7,0,0
BRDA:94,7,1,0
BRDA:100,8,0,0
BRDA:100,8,1,0
BRDA:105,9,0,0
BRDA:105,9,1,0
BRDA:108,10,0,0
BRDA:108,10,1,0
BRDA:146,11,0,0
BRDA:146,11,1,0
BRDA:146,12,0,0
BRDA:146,12,1,0
BRF:26
BRH:0
end_of_record
TN:
SF:src\controllers\suggestedProductController.js
FN:4,(anonymous_0)
FN:49,(anonymous_1)
FNF:2
FNH:0
FNDA:0,(anonymous_0)
FNDA:0,(anonymous_1)
DA:1,2
DA:4,2
DA:5,0
DA:6,0
DA:9,0
DA:10,0
DA:13,0
DA:16,0
DA:18,0
DA:19,0
DA:21,0
DA:22,0
DA:23,0
DA:24,0
DA:27,0
DA:29,0
DA:38,0
DA:39,0
DA:41,0
DA:43,0
DA:44,0
DA:49,2
DA:50,0
DA:51,0
DA:52,0
DA:54,0
DA:55,0
DA:59,2
LF:28
LH:4
BRDA:9,0,0,0
BRDA:9,0,1,0
BRDA:18,1,0,0
BRDA:18,1,1,0
BRF:4
BRH:0
end_of_record
TN:
SF:src\controllers\auth\userDetails.js
FN:3,userDetailsController
FNF:1
FNH:0
FNDA:0,userDetailsController
DA:1,2
DA:4,0
DA:5,0
DA:6,0
DA:13,0
DA:21,2
LF:6
LH:2
BRDA:14,0,0,0
BRDA:14,0,1,0
BRF:2
BRH:0
end_of_record
TN:
SF:src\controllers\auth\userLogout.js
FN:1,(anonymous_0)
FNF:1
FNH:0
FNDA:0,(anonymous_0)
DA:1,2
DA:2,0
DA:5,2
LF:3
LH:2
BRF:0
BRH:0
end_of_record
TN:
SF:src\controllers\auth\userSignIn.js
FN:5,userSignInController
FNF:1
FNH:0
FNDA:0,userSignInController
DA:1,2
DA:2,2
DA:3,2
DA:6,0
DA:7,0
DA:10,0
DA:11,0
DA:17,0
DA:19,0
DA:20,0
DA:26,0
DA:27,0
DA:33,0
DA:35,0
DA:36,0
DA:43,0
DA:50,0
DA:57,0
DA:64,0
DA:71,0
DA:72,0
DA:79,2
LF:22
LH:4
BRDA:10,0,0,0
BRDA:10,0,1,0
BRDA:10,1,0,0
BRDA:10,1,1,0
BRDA:19,2,0,0
BRDA:19,2,1,0
BRDA:26,3,0,0
BRDA:26,3,1,0
BRDA:35,4,0,0
BRDA:35,4,1,0
BRDA:60,5,0,0
BRDA:60,5,1,0
BRF:12
BRH:0
end_of_record
TN:
SF:src\controllers\auth\userSignUp.js
FN:7,createVerification
FN:21,generateVerificationCode
FN:33,generateOtp
FN:90,userSendVerificationMail
FN:131,registerVerification
FN:162,verifyOtp
FN:207,resetPassword
FNF:7
FNH:0
FNDA:0,createVerification
FNDA:0,generateVerificationCode
FNDA:0,generateOtp
FNDA:0,userSendVerificationMail
FNDA:0,registerVerification
FNDA:0,verifyOtp
FNDA:0,resetPassword
DA:1,2
DA:2,2
DA:3,2
DA:4,2
DA:5,2
DA:6,2
DA:8,0
DA:9,0
DA:10,0
DA:12,0
DA:13,0
DA:15,0
DA:17,0
DA:22,0
DA:23,0
DA:25,0
DA:26,0
DA:27,0
DA:30,0
DA:34,0
DA:36,0
DA:38,0
DA:40,0
DA:41,0
DA:48,0
DA:51,0
DA:54,0
DA:56,0
DA:58,0
DA:59,0
DA:62,0
DA:69,0
DA:72,0
DA:73,0
DA:75,0
DA:77,0
DA:82,0
DA:83,0
DA:91,0
DA:93,0
DA:94,0
DA:97,0
DA:99,0
DA:100,0
DA:104,0
DA:105,0
DA:106,0
DA:108,0
DA:113,0
DA:132,0
DA:134,0
DA:135,0
DA:136,0
DA:137,0
DA:139,0
DA:141,0
DA:142,0
DA:144,0
DA:145,0
DA:148,0
DA:149,0
DA:152,0
DA:154,0
DA:157,0
DA:158,0
DA:163,0
DA:164,0
DA:166,0
DA:168,0
DA:169,0
DA:176,0
DA:177,0
DA:184,0
DA:185,0
DA:192,0
DA:194,0
DA:199,0
DA:200,0
DA:208,0
DA:210,0
DA:211,0
DA:213,0
DA:214,0
DA:220,0
DA:221,0
DA:223,0
DA:228,0
DA:229,0
DA:239,2
LF:89
LH:7
BRDA:40,0,0,0
BRDA:40,0,1,0
BRDA:56,1,0,0
BRDA:56,1,1,0
BRDA:99,2,0,0
BRDA:99,2,1,0
BRDA:114,3,0,0
BRDA:114,3,1,0
BRDA:141,4,0,0
BRDA:141,4,1,0
BRDA:144,5,0,0
BRDA:144,5,1,0
BRDA:168,6,0,0
BRDA:168,6,1,0
BRDA:176,7,0,0
BRDA:176,7,1,0
BRDA:184,8,0,0
BRDA:184,8,1,0
BRDA:213,9,0,0
BRDA:213,9,1,0
BRF:20
BRH:0
end_of_record
TN:
SF:src\controllers\donations\donationController.js
FN:7,(anonymous_0)
FN:45,(anonymous_1)
FN:76,(anonymous_2)
FN:90,(anonymous_3)
FN:104,(anonymous_4)
FN:127,(anonymous_5)
FN:163,(anonymous_6)
FN:197,(anonymous_7)
FN:233,(anonymous_8)
FN:270,(anonymous_9)
FN:291,(anonymous_10)
FN:325,(anonymous_11)
FN:344,(anonymous_12)
FN:357,(anonymous_13)
FN:375,(anonymous_14)
FN:389,(anonymous_15)
FN:430,(anonymous_16)
FN:450,(anonymous_17)
FN:521,(anonymous_18)
FN:541,(anonymous_19)
FN:572,(anonymous_20)
FN:594,(anonymous_21)
FN:611,(anonymous_22)
FN:638,(anonymous_23)
FN:650,(anonymous_24)
FN:663,(anonymous_25)
FNF:26
FNH:0
FNDA:0,(anonymous_0)
FNDA:0,(anonymous_1)
FNDA:0,(anonymous_2)
FNDA:0,(anonymous_3)
FNDA:0,(anonymous_4)
FNDA:0,(anonymous_5)
FNDA:0,(anonymous_6)
FNDA:0,(anonymous_7)
FNDA:0,(anonymous_8)
FNDA:0,(anonymous_9)
FNDA:0,(anonymous_10)
FNDA:0,(anonymous_11)
FNDA:0,(anonymous_12)
FNDA:0,(anonymous_13)
FNDA:0,(anonymous_14)
FNDA:0,(anonymous_15)
FNDA:0,(anonymous_16)
FNDA:0,(anonymous_17)
FNDA:0,(anonymous_18)
FNDA:0,(anonymous_19)
FNDA:0,(anonymous_20)
FNDA:0,(anonymous_21)
FNDA:0,(anonymous_22)
FNDA:0,(anonymous_23)
FNDA:0,(anonymous_24)
FNDA:0,(anonymous_25)
DA:1,2
DA:2,2
DA:3,2
DA:4,2
DA:5,2
DA:7,2
DA:8,0
DA:9,0
DA:14,0
DA:25,0
DA:34,0
DA:35,0
DA:40,0
DA:41,0
DA:45,2
DA:46,0
DA:47,0
DA:48,0
DA:49,0
DA:57,0
DA:59,0
DA:61,0
DA:62,0
DA:64,0
DA:66,0
DA:67,0
DA:69,0
DA:76,2
DA:77,0
DA:78,0
DA:82,0
DA:84,0
DA:85,0
DA:86,0
DA:90,0
DA:94,0
DA:98,0
DA:100,0
DA:104,2
DA:105,0
DA:107,0
DA:108,0
DA:110,0
DA:111,0
DA:116,0
DA:118,0
DA:119,0
DA:127,2
DA:128,0
DA:130,0
DA:131,0
DA:147,0
DA:148,0
DA:151,0
DA:153,0
DA:155,0
DA:156,0
DA:163,2
DA:164,0
DA:165,0
DA:167,0
DA:168,0
DA:171,0
DA:173,0
DA:174,0
DA:175,0
DA:176,0
DA:178,0
DA:187,0
DA:189,0
DA:191,0
DA:192,0
DA:197,2
DA:198,0
DA:200,0
DA:201,0
DA:206,0
DA:208,0
DA:209,0
DA:210,0
DA:213,0
DA:214,0
DA:221,0
DA:226,0
DA:228,0
DA:229,0
DA:233,2
DA:234,0
DA:236,0
DA:237,0
DA:242,0
DA:244,0
DA:245,0
DA:246,0
DA:247,0
DA:250,0
DA:251,0
DA:258,0
DA:263,0
DA:265,0
DA:266,0
DA:270,2
DA:271,0
DA:273,0
DA:274,0
DA:275,0
DA:277,0
DA:279,0
DA:280,0
DA:283,0
DA:284,0
DA:286,0
DA:291,2
DA:292,0
DA:293,0
DA:295,0
DA:296,0
DA:297,0
DA:298,0
DA:301,0
DA:302,0
DA:306,0
DA:307,0
DA:308,0
DA:312,0
DA:314,0
DA:316,0
DA:318,0
DA:319,0
DA:325,2
DA:326,0
DA:327,0
DA:329,0
DA:333,0
DA:334,0
DA:337,0
DA:339,0
DA:340,0
DA:344,2
DA:345,0
DA:346,0
DA:347,0
DA:350,0
DA:352,0
DA:353,0
DA:357,2
DA:358,0
DA:359,0
DA:360,0
DA:362,0
DA:365,0
DA:370,0
DA:371,0
DA:372,0
DA:375,0
DA:378,0
DA:382,0
DA:384,0
DA:385,0
DA:389,2
DA:390,0
DA:391,0
DA:393,0
DA:394,0
DA:396,0
DA:397,0
DA:400,0
DA:401,0
DA:402,0
DA:409,0
DA:411,0
DA:413,0
DA:419,0
DA:426,0
DA:427,0
DA:430,2
DA:431,0
DA:432,0
DA:439,0
DA:440,0
DA:443,0
DA:445,0
DA:446,0
DA:450,2
DA:451,0
DA:452,0
DA:453,0
DA:454,0
DA:456,0
DA:457,0
DA:458,0
DA:459,0
DA:463,0
DA:472,0
DA:474,0
DA:475,0
DA:478,0
DA:479,0
DA:480,0
DA:481,0
DA:482,0
DA:483,0
DA:484,0
DA:485,0
DA:487,0
DA:492,0
DA:498,0
DA:499,0
DA:502,0
DA:503,0
DA:509,0
DA:514,0
DA:521,0
DA:522,0
DA:525,0
DA:526,0
DA:527,0
DA:530,0
DA:531,0
DA:532,0
DA:533,0
DA:536,0
DA:541,0
DA:542,0
DA:543,0
DA:546,0
DA:549,0
DA:550,0
DA:551,0
DA:555,0
DA:556,0
DA:561,0
DA:563,0
DA:565,0
DA:568,0
DA:570,0
DA:572,0
DA:573,0
DA:574,0
DA:577,0
DA:579,0
DA:581,0
DA:582,0
DA:585,0
DA:589,0
DA:594,0
DA:604,0
DA:605,0
DA:611,2
DA:612,0
DA:613,0
DA:615,0
DA:616,0
DA:622,0
DA:626,0
DA:628,0
DA:629,0
DA:638,2
DA:639,0
DA:640,0
DA:641,0
DA:643,0
DA:645,0
DA:646,0
DA:650,0
DA:653,0
DA:657,0
DA:659,0
DA:663,2
DA:664,0
DA:665,0
DA:666,0
DA:667,0
DA:670,0
DA:671,0
DA:677,0
DA:684,0
DA:685,0
LF:278
LH:24
BRDA:14,0,0,0
BRDA:14,0,1,0
BRDA:14,1,0,0
BRDA:14,1,1,0
BRDA:61,2,0,0
BRDA:61,2,1,0
BRDA:78,3,0,0
BRDA:78,3,1,0
BRDA:84,4,0,0
BRDA:84,4,1,0
BRDA:110,5,0,0
BRDA:110,5,1,0
BRDA:110,6,0,0
BRDA:110,6,1,0
BRDA:121,7,0,0
BRDA:121,7,1,0
BRDA:147,8,0,0
BRDA:147,8,1,0
BRDA:158,9,0,0
BRDA:158,9,1,0
BRDA:171,10,0,0
BRDA:171,10,1,0
BRDA:181,11,0,0
BRDA:181,11,1,0
BRDA:206,12,0,0
BRDA:206,12,1,0
BRDA:213,13,0,0
BRDA:213,13,1,0
BRDA:242,14,0,0
BRDA:242,14,1,0
BRDA:250,15,0,0
BRDA:250,15,1,0
BRDA:275,16,0,0
BRDA:275,16,1,0
BRDA:279,17,0,0
BRDA:279,17,1,0
BRDA:297,18,0,0
BRDA:297,18,1,0
BRDA:301,19,0,0
BRDA:301,19,1,0
BRDA:307,20,0,0
BRDA:307,20,1,0
BRDA:333,21,0,0
BRDA:333,21,1,0
BRDA:372,22,0,0
BRDA:372,22,1,0
BRDA:373,23,0,0
BRDA:373,23,1,0
BRDA:391,24,0,0
BRDA:391,25,0,0
BRDA:396,26,0,0
BRDA:396,26,1,0
BRDA:396,27,0,0
BRDA:396,27,1,0
BRDA:400,28,0,0
BRDA:400,28,1,0
BRDA:439,29,0,0
BRDA:439,29,1,0
BRDA:479,30,0,0
BRDA:479,30,1,0
BRDA:483,31,0,0
BRDA:483,31,1,0
BRDA:484,32,0,0
BRDA:484,32,1,0
BRDA:498,33,0,0
BRDA:498,33,1,0
BRDA:502,34,0,0
BRDA:502,34,1,0
BRDA:502,35,0,0
BRDA:502,35,1,0
BRDA:525,36,0,0
BRDA:525,36,1,0
BRDA:525,37,0,0
BRDA:525,37,1,0
BRDA:531,38,0,0
BRDA:531,38,1,0
BRDA:531,39,0,0
BRDA:531,39,1,0
BRDA:542,40,0,0
BRDA:542,40,1,0
BRDA:549,41,0,0
BRDA:549,41,1,0
BRDA:555,42,0,0
BRDA:555,42,1,0
BRDA:570,43,0,0
BRDA:570,43,1,0
BRDA:573,44,0,0
BRDA:573,44,1,0
BRDA:574,45,0,0
BRDA:574,45,1,0
BRDA:581,46,0,0
BRDA:581,46,1,0
BRDA:581,47,0,0
BRDA:581,47,1,0
BRDA:591,48,0,0
BRDA:591,48,1,0
BRDA:615,49,0,0
BRDA:615,49,1,0
BRDA:640,50,0,0
BRDA:640,50,1,0
BRDA:645,51,0,0
BRDA:645,51,1,0
BRDA:666,52,0,0
BRDA:666,52,1,0
BRDA:670,53,0,0
BRDA:670,53,1,0
BRDA:688,54,0,0
BRDA:688,54,1,0
BRF:108
BRH:0
end_of_record
TN:
SF:src\controllers\food\foodItem.js
FN:7,(anonymous_0)
FN:22,(anonymous_1)
FN:37,(anonymous_2)
FN:70,(anonymous_3)
FN:108,(anonymous_4)
FN:143,(anonymous_5)
FN:194,(anonymous_6)
FNF:7
FNH:0
FNDA:0,(anonymous_0)
FNDA:0,(anonymous_1)
FNDA:0,(anonymous_2)
FNDA:0,(anonymous_3)
FNDA:0,(anonymous_4)
FNDA:0,(anonymous_5)
FNDA:0,(anonymous_6)
DA:1,2
DA:2,2
DA:3,2
DA:4,2
DA:5,2
DA:7,2
DA:9,0
DA:11,0
DA:13,0
DA:14,0
DA:15,0
DA:17,0
DA:22,2
DA:23,0
DA:25,0
DA:26,0
DA:28,0
DA:29,0
DA:31,0
DA:33,0
DA:37,2
DA:38,0
DA:39,0
DA:40,0
DA:41,0
DA:44,0
DA:45,0
DA:46,0
DA:47,0
DA:50,0
DA:52,0
DA:59,0
DA:60,0
DA:63,0
DA:65,0
DA:66,0
DA:70,2
DA:71,0
DA:72,0
DA:74,0
DA:75,0
DA:76,0
DA:79,0
DA:80,0
DA:84,0
DA:85,0
DA:86,0
DA:88,0
DA:91,0
DA:99,0
DA:101,0
DA:103,0
DA:104,0
DA:108,2
DA:109,0
DA:110,0
DA:111,0
DA:113,0
DA:116,0
DA:117,0
DA:118,0
DA:119,0
DA:122,0
DA:123,0
DA:124,0
DA:125,0
DA:132,0
DA:133,0
DA:136,0
DA:138,0
DA:139,0
DA:143,2
DA:144,0
DA:145,0
DA:147,0
DA:148,0
DA:152,0
DA:154,0
DA:155,0
DA:158,0
DA:159,0
DA:160,0
DA:163,0
DA:167,0
DA:169,0
DA:170,0
DA:174,0
DA:182,0
DA:184,0
DA:187,0
DA:189,0
DA:190,0
DA:194,2
DA:195,0
DA:196,0
DA:197,0
DA:203,0
DA:204,0
LF:98
LH:12
BRDA:28,0,0,0
BRDA:28,0,1,0
BRDA:41,1,0,0
BRDA:41,1,1,0
BRDA:59,2,0,0
BRDA:59,2,1,0
BRDA:76,3,0,0
BRDA:76,3,1,0
BRDA:79,4,0,0
BRDA:79,4,1,0
BRDA:113,5,0,0
BRDA:113,5,1,0
BRDA:132,6,0,0
BRDA:132,6,1,0
BRDA:152,7,0,0
BRDA:152,7,1,0
BRDA:154,8,0,0
BRDA:154,8,1,0
BRDA:167,9,0,0
BRDA:167,9,1,0
BRDA:182,10,0,0
BRDA:182,10,1,0
BRF:22
BRH:0
end_of_record
TN:
SF:src\controllers\notifications\notificationController.js
FN:7,(anonymous_0)
FN:28,(anonymous_1)
FN:38,(anonymous_2)
FNF:3
FNH:0
FNDA:0,(anonymous_0)
FNDA:0,(anonymous_1)
FNDA:0,(anonymous_2)
DA:1,2
DA:2,2
DA:3,2
DA:4,2
DA:7,2
DA:8,0
DA:10,0
DA:11,0
DA:12,0
DA:20,0
DA:21,0
DA:28,2
DA:29,0
DA:30,0
DA:31,0
DA:33,0
DA:38,2
DA:39,0
DA:40,0
DA:41,0
DA:43,0
LF:21
LH:7
BRDA:23,0,0,0
BRDA:23,0,1,0
BRF:2
BRH:0
end_of_record
TN:
SF:src\controllers\payment\paymentController.js
FN:6,(anonymous_0)
FN:129,(anonymous_1)
FN:179,(anonymous_2)
FN:207,(anonymous_3)
FN:253,(anonymous_4)
FNF:5
FNH:0
FNDA:0,(anonymous_0)
FNDA:0,(anonymous_1)
FNDA:0,(anonymous_2)
FNDA:0,(anonymous_3)
FNDA:0,(anonymous_4)
DA:1,2
DA:2,2
DA:3,2
DA:4,2
DA:6,2
DA:7,0
DA:8,0
DA:11,0
DA:12,0
DA:19,0
DA:20,0
DA:21,0
DA:28,0
DA:31,0
DA:32,0
DA:39,0
DA:40,0
DA:43,0
DA:48,0
DA:49,0
DA:59,0
DA:67,0
DA:68,0
DA:69,0
DA:72,0
DA:82,0
DA:83,0
DA:87,0
DA:95,0
DA:102,0
DA:111,0
DA:113,0
DA:119,0
DA:120,0
DA:129,2
DA:130,0
DA:132,0
DA:134,0
DA:135,0
DA:136,0
DA:139,0
DA:142,0
DA:143,0
DA:145,0
DA:147,0
DA:148,0
DA:149,0
DA:153,0
DA:154,0
DA:155,0
DA:159,0
DA:160,0
DA:161,0
DA:163,0
DA:166,0
DA:167,0
DA:168,0
DA:169,0
DA:170,0
DA:171,0
DA:175,0
DA:179,2
DA:180,0
DA:181,0
DA:186,0
DA:188,0
DA:190,0
DA:191,0
DA:195,0
DA:198,0
DA:199,0
DA:200,0
DA:204,0
DA:207,2
DA:208,0
DA:209,0
DA:212,0
DA:215,0
DA:218,0
DA:219,0
DA:220,0
DA:222,0
DA:223,0
DA:224,0
DA:226,0
DA:229,0
DA:230,0
DA:231,0
DA:232,0
DA:237,0
DA:243,0
DA:244,0
DA:253,2
DA:254,0
DA:255,0
DA:258,0
DA:261,0
DA:266,0
DA:271,0
DA:272,0
LF:100
LH:9
BRDA:11,0,0,0
BRDA:11,0,1,0
BRDA:11,1,0,0
BRDA:11,1,1,0
BRDA:20,2,0,0
BRDA:20,2,1,0
BRDA:31,3,0,0
BRDA:31,3,1,0
BRDA:39,4,0,0
BRDA:39,4,1,0
BRDA:48,5,0,0
BRDA:48,5,1,0
BRDA:67,6,0,0
BRDA:67,6,1,0
BRDA:73,7,0,0
BRDA:73,7,1,0
BRDA:89,8,0,0
BRDA:89,8,1,0
BRDA:134,9,0,0
BRDA:134,9,1,0
BRDA:147,10,0,0
BRDA:147,10,1,0
BRDA:153,11,0,0
BRDA:153,11,1,0
BRDA:166,12,0,0
BRDA:166,12,1,0
BRDA:168,13,0,0
BRDA:168,13,1,0
BRDA:198,14,0,0
BRDA:198,14,1,0
BRDA:218,15,0,0
BRDA:218,15,1,0
BRDA:220,16,0,0
BRDA:220,16,1,0
BRDA:220,17,0,0
BRDA:220,17,1,0
BRDA:230,18,0,0
BRDA:230,18,1,0
BRF:38
BRH:0
end_of_record
TN:
SF:src\controllers\sales\foodSaleController.js
FN:6,(anonymous_0)
FN:84,(anonymous_1)
FN:110,(anonymous_2)
FN:125,(anonymous_3)
FN:154,(anonymous_4)
FN:174,(anonymous_5)
FN:202,(anonymous_6)
FN:224,(anonymous_7)
FN:243,(anonymous_8)
FN:272,(anonymous_9)
FN:314,(anonymous_10)
FN:330,(anonymous_11)
FNF:12
FNH:0
FNDA:0,(anonymous_0)
FNDA:0,(anonymous_1)
FNDA:0,(anonymous_2)
FNDA:0,(anonymous_3)
FNDA:0,(anonymous_4)
FNDA:0,(anonymous_5)
FNDA:0,(anonymous_6)
FNDA:0,(anonymous_7)
FNDA:0,(anonymous_8)
FNDA:0,(anonymous_9)
FNDA:0,(anonymous_10)
FNDA:0,(anonymous_11)
DA:1,2
DA:2,2
DA:3,2
DA:4,2
DA:6,2
DA:7,0
DA:19,0
DA:21,0
DA:22,0
DA:25,0
DA:26,0
DA:27,0
DA:29,0
DA:33,0
DA:34,0
DA:40,0
DA:51,0
DA:53,0
DA:64,0
DA:66,0
DA:75,0
DA:76,0
DA:84,2
DA:85,0
DA:87,0
DA:88,0
DA:89,0
DA:92,0
DA:95,0
DA:96,0
DA:97,0
DA:98,0
DA:103,0
DA:105,0
DA:110,0
DA:111,0
DA:115,0
DA:122,0
DA:125,0
DA:126,0
DA:127,0
DA:129,0
DA:132,0
DA:145,0
DA:146,0
DA:154,2
DA:155,0
DA:156,0
DA:159,0
DA:161,0
DA:162,0
DA:169,0
DA:173,0
DA:174,0
DA:178,0
DA:193,0
DA:194,0
DA:202,2
DA:203,0
DA:204,0
DA:205,0
DA:206,0
DA:207,0
DA:210,0
DA:213,0
DA:214,0
DA:215,0
DA:224,0
DA:227,0
DA:237,0
DA:243,0
DA:244,0
DA:245,0
DA:247,0
DA:250,0
DA:263,0
DA:264,0
DA:272,2
DA:273,0
DA:275,0
DA:276,0
DA:283,0
DA:293,0
DA:294,0
DA:300,0
DA:305,0
DA:306,0
DA:314,2
DA:315,0
DA:317,0
DA:319,0
DA:320,0
DA:322,0
DA:323,0
DA:330,0
DA:331,0
DA:332,0
DA:334,0
DA:337,0
DA:344,0
DA:345,0
LF:101
LH:10
BRDA:26,0,0,0
BRDA:26,0,1,0
BRDA:33,1,0,0
BRDA:33,1,1,0
BRDA:33,2,0,0
BRDA:33,2,1,0
BRDA:33,2,2,0
BRDA:43,3,0,0
BRDA:43,3,1,0
BRDA:47,4,0,0
BRDA:47,4,1,0
BRDA:57,5,0,0
BRDA:57,5,1,0
BRDA:87,6,0,0
BRDA:87,6,1,0
BRDA:88,7,0,0
BRDA:88,7,1,0
BRDA:95,8,0,0
BRDA:95,8,1,0
BRDA:97,9,0,0
BRDA:97,9,1,0
BRDA:103,10,0,0
BRDA:103,10,1,0
BRDA:126,11,0,0
BRDA:126,11,1,0
BRDA:161,12,0,0
BRDA:161,12,1,0
BRDA:187,13,0,0
BRDA:187,13,1,0
BRDA:205,14,0,0
BRDA:205,14,1,0
BRDA:206,15,0,0
BRDA:206,15,1,0
BRDA:214,16,0,0
BRDA:214,16,1,0
BRDA:244,17,0,0
BRDA:244,17,1,0
BRDA:275,18,0,0
BRDA:275,18,1,0
BRDA:293,19,0,0
BRDA:293,19,1,0
BRDA:322,20,0,0
BRDA:322,20,1,0
BRDA:331,21,0,0
BRDA:331,21,1,0
BRF:45
BRH:0
end_of_record
TN:
SF:src\middleware\authToken.js
FN:2,authToken
FNF:1
FNH:0
FNDA:0,authToken
DA:1,2
DA:3,0
DA:4,0
DA:5,0
DA:6,0
DA:9,0
DA:10,0
DA:11,0
DA:13,0
DA:20,2
LF:10
LH:2
BRDA:5,0,0,0
BRDA:5,0,1,0
BRDA:14,1,0,0
BRDA:14,1,1,0
BRF:4
BRH:0
end_of_record
TN:
SF:src\middleware\upload.js
FN:7,(anonymous_0)
FN:10,(anonymous_1)
FN:17,(anonymous_2)
FNF:3
FNH:0
FNDA:0,(anonymous_0)
FNDA:0,(anonymous_1)
FNDA:0,(anonymous_2)
DA:1,2
DA:2,2
DA:3,2
DA:6,2
DA:8,0
DA:11,0
DA:12,0
DA:17,2
DA:18,0
DA:19,0
DA:20,0
DA:22,0
DA:27,2
DA:33,2
LF:14
LH:7
BRDA:19,0,0,0
BRDA:19,0,1,0
BRF:2
BRH:0
end_of_record
TN:
SF:src\middleware\userValidator.js
FNF:0
FNH:0
DA:1,2
DA:4,2
DA:79,2
LF:3
LH:3
BRF:0
BRH:0
end_of_record
TN:
SF:src\middleware\validateRequest.js
FN:1,(anonymous_0)
FN:2,(anonymous_1)
FN:9,(anonymous_2)
FNF:3
FNH:1
FNDA:2,(anonymous_0)
FNDA:0,(anonymous_1)
FNDA:0,(anonymous_2)
DA:1,2
DA:2,2
DA:3,0
DA:5,0
DA:6,0
DA:9,0
DA:13,0
DA:17,2
LF:8
LH:3
BRDA:5,0,0,0
BRDA:5,0,1,0
BRF:2
BRH:0
end_of_record
TN:
SF:src\models\SuggestedProduct.js
FNF:0
FNH:0
DA:1,2
DA:3,2
DA:31,2
LF:3
LH:3
BRF:0
BRH:0
end_of_record
TN:
SF:src\models\Verification.js
FNF:0
FNH:0
DA:2,2
DA:5,2
DA:11,2
DA:12,2
LF:4
LH:4
BRF:0
BRH:0
end_of_record
TN:
SF:src\models\batch.js
FNF:0
FNH:0
DA:1,2
DA:3,2
DA:52,2
LF:3
LH:3
BRF:0
BRH:0
end_of_record
TN:
SF:src\models\foodDonation.js
FNF:0
FNH:0
DA:1,2
DA:3,2
DA:15,2
DA:16,2
LF:4
LH:4
BRF:0
BRH:0
end_of_record
TN:
SF:src\models\foodItem.js
FNF:0
FNH:0
DA:1,2
DA:3,2
DA:53,2
DA:54,2
LF:4
LH:4
BRF:0
BRH:0
end_of_record
TN:
SF:src\models\notification.js
FNF:0
FNH:0
DA:1,2
DA:3,2
DA:32,2
DA:33,2
LF:4
LH:4
BRF:0
BRH:0
end_of_record
TN:
SF:src\models\roleVerification.js
FNF:0
FNH:0
DA:1,2
DA:4,2
DA:29,2
DA:30,2
LF:4
LH:4
BRF:0
BRH:0
end_of_record
TN:
SF:src\models\userModel.js
FN:103,(anonymous_0)
FNF:1
FNH:1
FNDA:1,(anonymous_0)
DA:1,2
DA:2,2
DA:4,2
DA:5,2
DA:7,2
DA:103,2
DA:104,1
DA:106,1
DA:107,1
DA:108,1
DA:109,1
DA:110,1
DA:111,1
DA:113,0
DA:117,2
LF:15
LH:14
BRDA:106,0,0,0
BRDA:106,0,1,1
BRF:2
BRH:1
end_of_record
TN:
SF:src\models\sales\FoodSaleItem.js
FNF:0
FNH:0
DA:1,2
DA:3,2
DA:41,2
LF:3
LH:3
BRF:0
BRH:0
end_of_record
TN:
SF:src\models\sales\Order.js
FNF:0
FNH:0
DA:1,2
DA:3,2
DA:47,2
LF:3
LH:3
BRF:0
BRH:0
end_of_record
TN:
SF:src\models\sales\PaymentIntent.js
FNF:0
FNH:0
DA:1,2
DA:3,2
DA:42,2
LF:3
LH:3
BRF:0
BRH:0
end_of_record
TN:
SF:src\routes\donationRouter.js
FNF:0
FNH:0
DA:1,2
DA:2,2
DA:3,2
DA:4,2
DA:5,2
DA:7,2
DA:12,2
DA:16,2
DA:17,2
DA:21,2
DA:25,2
DA:26,2
DA:30,2
DA:34,2
DA:38,2
DA:42,2
DA:46,2
DA:50,2
DA:54,2
DA:58,2
DA:62,2
DA:66,2
DA:67,2
DA:75,2
DA:81,2
DA:87,2
DA:93,2
DA:100,2
DA:104,2
DA:110,2
DA:118,2
DA:130,2
DA:131,2
DA:136,2
DA:142,2
DA:148,2
DA:154,2
DA:159,2
LF:38
LH:38
BRF:0
BRH:0
end_of_record
TN:
SF:src\routes\foodSaleRoute.js
FN:21,(anonymous_0)
FNF:1
FNH:0
FNDA:0,(anonymous_0)
DA:1,2
DA:2,2
DA:3,2
DA:4,2
DA:7,2
DA:8,2
DA:11,2
DA:12,2
DA:15,2
DA:18,2
DA:21,2
DA:22,0
DA:23,0
DA:24,0
DA:29,0
DA:32,0
DA:38,0
DA:39,0
DA:47,2
LF:19
LH:12
BRDA:23,0,0,0
BRDA:23,0,1,0
BRF:2
BRH:0
end_of_record
TN:
SF:src\routes\index.js
FN:28,(anonymous_0)
FN:72,(anonymous_1)
FN:85,(anonymous_2)
FN:176,(anonymous_3)
FN:196,(anonymous_4)
FN:233,(anonymous_5)
FN:276,(anonymous_6)
FN:301,(anonymous_7)
FN:328,(anonymous_8)
FN:335,(anonymous_9)
FN:341,(anonymous_10)
FN:370,(anonymous_11)
FN:371,(anonymous_12)
FNF:13
FNH:0
FNDA:0,(anonymous_0)
FNDA:0,(anonymous_1)
FNDA:0,(anonymous_2)
FNDA:0,(anonymous_3)
FNDA:0,(anonymous_4)
FNDA:0,(anonymous_5)
FNDA:0,(anonymous_6)
FNDA:0,(anonymous_7)
FNDA:0,(anonymous_8)
FNDA:0,(anonymous_9)
FNDA:0,(anonymous_10)
FNDA:0,(anonymous_11)
FNDA:0,(anonymous_12)
DA:1,2
DA:2,2
DA:3,2
DA:4,2
DA:5,2
DA:6,2
DA:7,2
DA:8,2
DA:9,2
DA:10,2
DA:11,2
DA:12,2
DA:13,2
DA:14,2
DA:15,2
DA:16,2
DA:17,2
DA:18,2
DA:19,2
DA:20,2
DA:21,2
DA:22,2
DA:23,2
DA:24,2
DA:25,2
DA:28,2
DA:29,0
DA:32,2
DA:33,2
DA:34,2
DA:35,2
DA:36,2
DA:37,2
DA:40,2
DA:41,2
DA:42,2
DA:43,2
DA:44,2
DA:46,2
DA:47,2
DA:49,2
DA:53,2
DA:60,2
DA:61,2
DA:63,2
DA:64,2
DA:65,2
DA:69,2
DA:70,2
DA:72,2
DA:73,0
DA:81,0
DA:82,0
DA:85,2
DA:86,0
DA:88,0
DA:89,0
DA:92,0
DA:94,0
DA:95,0
DA:96,0
DA:97,0
DA:98,0
DA:99,0
DA:101,0
DA:105,0
DA:108,0
DA:113,0
DA:114,0
DA:115,0
DA:122,0
DA:123,0
DA:126,0
DA:130,0
DA:132,0
DA:133,0
DA:140,0
DA:141,0
DA:143,0
DA:144,0
DA:148,0
DA:153,0
DA:158,0
DA:165,0
DA:168,0
DA:171,0
DA:172,0
DA:176,2
DA:177,0
DA:178,0
DA:179,0
DA:181,0
DA:182,0
DA:191,0
DA:196,2
DA:197,0
DA:198,0
DA:199,0
DA:200,0
DA:201,0
DA:203,0
DA:206,2
DA:210,2
DA:211,2
DA:212,2
DA:213,2
DA:217,2
DA:218,2
DA:220,2
DA:221,2
DA:222,2
DA:223,2
DA:224,2
DA:233,2
DA:234,0
DA:235,0
DA:237,0
DA:239,0
DA:240,0
DA:241,0
DA:244,0
DA:245,0
DA:246,0
DA:250,0
DA:251,0
DA:258,0
DA:259,0
DA:261,0
DA:262,0
DA:264,0
DA:267,0
DA:269,0
DA:270,0
DA:271,0
DA:276,2
DA:277,0
DA:279,0
DA:280,0
DA:293,0
DA:294,0
DA:296,0
DA:297,0
DA:301,2
DA:302,0
DA:304,0
DA:305,0
DA:314,0
DA:316,0
DA:317,0
DA:323,2
DA:324,2
DA:328,2
DA:329,0
DA:330,0
DA:332,0
DA:335,0
DA:337,0
DA:341,0
DA:348,0
DA:356,0
DA:367,0
DA:369,0
DA:370,0
DA:371,0
DA:373,0
DA:376,0
DA:387,0
DA:389,0
DA:395,0
DA:396,0
DA:403,2
DA:406,2
DA:409,2
DA:414,2
LF:174
LH:74
BRDA:88,0,0,0
BRDA:88,0,1,0
BRDA:122,1,0,0
BRDA:122,1,1,0
BRDA:122,2,0,0
BRDA:122,2,1,0
BRDA:126,3,0,0
BRDA:126,3,1,0
BRDA:132,4,0,0
BRDA:132,4,1,0
BRDA:141,5,0,0
BRDA:141,5,1,0
BRDA:141,6,0,0
BRDA:141,6,1,0
BRDA:171,7,0,0
BRDA:171,7,1,0
BRDA:179,8,0,0
BRDA:179,8,1,0
BRDA:199,9,0,0
BRDA:199,9,1,0
BRDA:239,10,0,0
BRDA:239,10,1,0
BRDA:261,11,0,0
BRDA:261,11,1,0
BRDA:270,12,0,0
BRDA:270,12,1,0
BRDA:277,13,0,0
BRDA:296,14,0,0
BRDA:296,14,1,0
BRDA:302,15,0,0
BRDA:332,16,0,0
BRDA:332,16,1,0
BRDA:333,17,0,0
BRDA:333,17,1,0
BRDA:333,17,2,0
BRDA:333,17,3,0
BRDA:333,17,4,0
BRDA:333,17,5,0
BRDA:335,18,0,0
BRDA:335,18,1,0
BRDA:395,19,0,0
BRDA:395,19,1,0
BRDA:398,20,0,0
BRDA:398,20,1,0
BRF:44
BRH:0
end_of_record
TN:
SF:src\routes\paymentRoutes.js
FNF:0
FNH:0
DA:1,2
DA:2,2
DA:3,2
DA:6,2
DA:7,2
DA:8,2
DA:10,2
LF:7
LH:7
BRF:0
BRH:0
end_of_record
TN:
SF:src\routes\recommendationRoutes.js
FNF:0
FNH:0
DA:1,2
DA:2,2
DA:3,2
DA:6,2
DA:9,2
DA:11,2
LF:6
LH:6
BRF:0
BRH:0
end_of_record
TN:
SF:src\routes\suggestedProductRoutes.js
FNF:0
FNH:0
DA:1,2
DA:2,2
DA:3,2
DA:6,2
DA:9,2
DA:11,2
LF:6
LH:6
BRF:0
BRH:0
end_of_record
TN:
SF:src\utils\clustering.js
FN:5,(anonymous_0)
FN:9,(anonymous_1)
FN:28,(anonymous_2)
FN:51,(anonymous_3)
FN:66,(anonymous_4)
FN:67,(anonymous_5)
FN:70,(anonymous_6)
FN:74,(anonymous_7)
FN:76,(anonymous_8)
FN:168,(anonymous_9)
FN:171,(anonymous_10)
FN:174,(anonymous_11)
FN:176,(anonymous_12)
FN:179,(anonymous_13)
FN:195,(anonymous_14)
FN:200,(anonymous_15)
FN:230,(anonymous_16)
FN:243,(anonymous_17)
FN:246,(anonymous_18)
FN:249,(anonymous_19)
FN:250,(anonymous_20)
FN:265,(anonymous_21)
FN:266,(anonymous_22)
FN:268,(anonymous_23)
FNF:24
FNH:0
FNDA:0,(anonymous_0)
FNDA:0,(anonymous_1)
FNDA:0,(anonymous_2)
FNDA:0,(anonymous_3)
FNDA:0,(anonymous_4)
FNDA:0,(anonymous_5)
FNDA:0,(anonymous_6)
FNDA:0,(anonymous_7)
FNDA:0,(anonymous_8)
FNDA:0,(anonymous_9)
FNDA:0,(anonymous_10)
FNDA:0,(anonymous_11)
FNDA:0,(anonymous_12)
FNDA:0,(anonymous_13)
FNDA:0,(anonymous_14)
FNDA:0,(anonymous_15)
FNDA:0,(anonymous_16)
FNDA:0,(anonymous_17)
FNDA:0,(anonymous_18)
FNDA:0,(anonymous_19)
FNDA:0,(anonymous_20)
FNDA:0,(anonymous_21)
FNDA:0,(anonymous_22)
FNDA:0,(anonymous_23)
DA:1,2
DA:2,2
DA:5,2
DA:6,0
DA:8,0
DA:10,0
DA:17,0
DA:21,0
DA:22,0
DA:23,0
DA:27,0
DA:28,0
DA:29,0
DA:30,0
DA:31,0
DA:33,0
DA:37,0
DA:38,0
DA:39,0
DA:42,0
DA:43,0
DA:44,0
DA:47,0
DA:48,0
DA:49,0
DA:50,0
DA:51,0
DA:61,0
DA:65,0
DA:67,0
DA:68,0
DA:70,0
DA:71,0
DA:74,0
DA:76,0
DA:78,0
DA:87,0
DA:88,0
DA:90,0
DA:92,0
DA:93,0
DA:94,0
DA:97,0
DA:99,0
DA:104,0
DA:107,0
DA:108,0
DA:110,0
DA:111,0
DA:114,0
DA:115,0
DA:117,0
DA:122,0
DA:123,0
DA:124,0
DA:128,0
DA:130,0
DA:131,0
DA:132,0
DA:138,0
DA:140,0
DA:141,0
DA:142,0
DA:148,0
DA:149,0
DA:152,0
DA:156,0
DA:157,0
DA:158,0
DA:159,0
DA:165,0
DA:167,0
DA:168,0
DA:170,0
DA:171,0
DA:174,0
DA:176,0
DA:178,0
DA:179,0
DA:188,0
DA:189,0
DA:190,0
DA:192,0
DA:195,0
DA:200,0
DA:205,0
DA:206,0
DA:212,0
DA:214,0
DA:219,0
DA:220,0
DA:225,0
DA:227,0
DA:228,0
DA:230,0
DA:232,0
DA:236,0
DA:237,0
DA:242,0
DA:243,0
DA:245,0
DA:246,0
DA:248,0
DA:249,0
DA:250,0
DA:257,0
DA:259,0
DA:260,0
DA:265,2
DA:266,0
DA:267,0
DA:268,0
DA:269,0
DA:271,0
LF:114
LH:4
BRDA:10,0,0,0
BRDA:10,0,1,0
BRDA:10,0,2,0
BRDA:10,0,3,0
BRDA:10,0,4,0
BRDA:21,1,0,0
BRDA:21,1,1,0
BRDA:30,2,0,0
BRDA:30,2,1,0
BRDA:42,3,0,0
BRDA:42,3,1,0
BRDA:100,4,0,0
BRDA:100,4,1,0
BRDA:100,4,2,0
BRDA:122,5,0,0
BRDA:122,5,1,0
BRDA:128,6,0,0
BRDA:128,6,1,0
BRDA:140,7,0,0
BRDA:140,7,1,0
BRDA:148,8,0,0
BRDA:148,8,1,0
BRDA:152,9,0,0
BRDA:152,9,1,0
BRDA:165,10,0,0
BRDA:165,10,1,0
BRDA:188,11,0,0
BRDA:188,11,1,0
BRDA:188,12,0,0
BRDA:188,12,1,0
BRDA:214,13,0,0
BRDA:214,13,1,0
BRDA:215,14,0,0
BRDA:215,14,1,0
BRDA:225,15,0,0
BRDA:225,15,1,0
BRDA:266,16,0,0
BRDA:266,16,1,0
BRDA:268,17,0,0
BRDA:268,17,1,0
BRF:40
BRH:0
end_of_record
TN:
SF:src\utils\scheduler.js
FN:7,(anonymous_0)
FN:63,(anonymous_1)
FNF:2
FNH:1
FNDA:0,(anonymous_0)
FNDA:2,(anonymous_1)
DA:1,2
DA:2,2
DA:3,2
DA:4,2
DA:7,2
DA:8,0
DA:9,0
DA:12,0
DA:15,0
DA:21,0
DA:24,0
DA:26,0
DA:29,0
DA:30,0
DA:31,0
DA:32,0
DA:33,0
DA:36,0
DA:46,0
DA:47,0
DA:55,0
DA:58,0
DA:63,2
DA:64,2
DA:65,2
DA:68,2
LF:26
LH:9
BRDA:46,0,0,0
BRDA:46,0,1,0
BRF:2
BRH:0
end_of_record
