{"C:\\Users\\USER\\Desktop\\4twin9\\Piweb\\Novastackers\\SustainaFoodFront\\src\\components\\AdminUserTab.jsx": {"path":"C:\\Users\\USER\\Desktop\\4twin9\\Piweb\\Novastackers\\SustainaFoodFront\\src\\components\\AdminUserTab.jsx","statementMap":{"0":{"start":{"line":9,"column":22},"end":{"line":335,"column":1}},"1":{"start":{"line":11,"column":54},"end":{"line":17,"column":4}},"2":{"start":{"line":19,"column":28},"end":{"line":19,"column":40}},"3":{"start":{"line":20,"column":28},"end":{"line":20,"column":42}},"4":{"start":{"line":21,"column":32},"end":{"line":21,"column":46}},"5":{"start":{"line":22,"column":38},"end":{"line":22,"column":50}},"6":{"start":{"line":23,"column":42},"end":{"line":23,"column":57}},"7":{"start":{"line":24,"column":40},"end":{"line":24,"column":54}},"8":{"start":{"line":26,"column":19},"end":{"line":26,"column":32}},"9":{"start":{"line":28,"column":2},"end":{"line":42,"column":9}},"10":{"start":{"line":29,"column":23},"end":{"line":39,"column":5}},"11":{"start":{"line":30,"column":6},"end":{"line":38,"column":7}},"12":{"start":{"line":31,"column":25},"end":{"line":31,"column":58}},"13":{"start":{"line":32,"column":8},"end":{"line":32,"column":37}},"14":{"start":{"line":33,"column":8},"end":{"line":33,"column":26}},"15":{"start":{"line":35,"column":8},"end":{"line":35,"column":52}},"16":{"start":{"line":36,"column":8},"end":{"line":36,"column":57}},"17":{"start":{"line":37,"column":8},"end":{"line":37,"column":26}},"18":{"start":{"line":41,"column":4},"end":{"line":41,"column":17}},"19":{"start":{"line":44,"column":27},"end":{"line":52,"column":3}},"20":{"start":{"line":45,"column":4},"end":{"line":51,"column":7}},"21":{"start":{"line":54,"column":24},"end":{"line":72,"column":3}},"22":{"start":{"line":55,"column":4},"end":{"line":71,"column":5}},"23":{"start":{"line":56,"column":6},"end":{"line":56,"column":23}},"24":{"start":{"line":57,"column":6},"end":{"line":67,"column":7}},"25":{"start":{"line":59,"column":10},"end":{"line":59,"column":54}},"26":{"start":{"line":60,"column":10},"end":{"line":60,"column":16}},"27":{"start":{"line":62,"column":10},"end":{"line":62,"column":90}},"28":{"start":{"line":63,"column":10},"end":{"line":63,"column":16}},"29":{"start":{"line":65,"column":10},"end":{"line":65,"column":88}},"30":{"start":{"line":66,"column":10},"end":{"line":66,"column":16}},"31":{"start":{"line":69,"column":6},"end":{"line":69,"column":71}},"32":{"start":{"line":70,"column":6},"end":{"line":70,"column":24}},"33":{"start":{"line":74,"column":21},"end":{"line":77,"column":3}},"34":{"start":{"line":75,"column":23},"end":{"line":75,"column":64}},"35":{"start":{"line":75,"column":44},"end":{"line":75,"column":63}},"36":{"start":{"line":76,"column":4},"end":{"line":76,"column":31}},"37":{"start":{"line":79,"column":23},"end":{"line":91,"column":3}},"38":{"start":{"line":80,"column":4},"end":{"line":90,"column":5}},"39":{"start":{"line":81,"column":23},"end":{"line":81,"column":74}},"40":{"start":{"line":82,"column":6},"end":{"line":87,"column":7}},"41":{"start":{"line":83,"column":8},"end":{"line":83,"column":67}},"42":{"start":{"line":83,"column":25},"end":{"line":83,"column":65}},"43":{"start":{"line":83,"column":45},"end":{"line":83,"column":64}},"44":{"start":{"line":84,"column":8},"end":{"line":84,"column":52}},"45":{"start":{"line":86,"column":8},"end":{"line":86,"column":70}},"46":{"start":{"line":89,"column":6},"end":{"line":89,"column":56}},"47":{"start":{"line":93,"column":24},"end":{"line":113,"column":3}},"48":{"start":{"line":94,"column":4},"end":{"line":112,"column":5}},"49":{"start":{"line":95,"column":23},"end":{"line":95,"column":72}},"50":{"start":{"line":97,"column":6},"end":{"line":109,"column":7}},"51":{"start":{"line":98,"column":8},"end":{"line":102,"column":10}},"52":{"start":{"line":99,"column":10},"end":{"line":101,"column":11}},"53":{"start":{"line":100,"column":12},"end":{"line":100,"column":80}},"54":{"start":{"line":104,"column":8},"end":{"line":106,"column":10}},"55":{"start":{"line":108,"column":8},"end":{"line":108,"column":72}},"56":{"start":{"line":111,"column":6},"end":{"line":111,"column":62}},"57":{"start":{"line":115,"column":21},"end":{"line":134,"column":3}},"58":{"start":{"line":116,"column":4},"end":{"line":133,"column":5}},"59":{"start":{"line":117,"column":23},"end":{"line":117,"column":84}},"60":{"start":{"line":119,"column":6},"end":{"line":129,"column":7}},"61":{"start":{"line":120,"column":8},"end":{"line":124,"column":10}},"62":{"start":{"line":121,"column":10},"end":{"line":123,"column":11}},"63":{"start":{"line":122,"column":12},"end":{"line":122,"column":68}},"64":{"start":{"line":125,"column":8},"end":{"line":125,"column":29}},"65":{"start":{"line":126,"column":8},"end":{"line":126,"column":52}},"66":{"start":{"line":128,"column":8},"end":{"line":128,"column":67}},"67":{"start":{"line":131,"column":6},"end":{"line":131,"column":51}},"68":{"start":{"line":132,"column":6},"end":{"line":132,"column":57}},"69":{"start":{"line":136,"column":27},"end":{"line":138,"column":3}},"70":{"start":{"line":137,"column":4},"end":{"line":137,"column":25}},"71":{"start":{"line":140,"column":24},"end":{"line":156,"column":4}},"72":{"start":{"line":141,"column":24},"end":{"line":141,"column":48}},"73":{"start":{"line":142,"column":4},"end":{"line":155,"column":5}},"74":{"start":{"line":144,"column":8},"end":{"line":144,"column":65}},"75":{"start":{"line":146,"column":8},"end":{"line":146,"column":62}},"76":{"start":{"line":148,"column":8},"end":{"line":148,"column":61}},"77":{"start":{"line":150,"column":8},"end":{"line":150,"column":71}},"78":{"start":{"line":152,"column":8},"end":{"line":154,"column":10}},"79":{"start":{"line":153,"column":10},"end":{"line":153,"column":59}},"80":{"start":{"line":158,"column":2},"end":{"line":166,"column":3}},"81":{"start":{"line":159,"column":4},"end":{"line":165,"column":6}},"82":{"start":{"line":162,"column":10},"end":{"line":162,"column":83}},"83":{"start":{"line":168,"column":2},"end":{"line":179,"column":3}},"84":{"start":{"line":169,"column":4},"end":{"line":178,"column":6}},"85":{"start":{"line":181,"column":2},"end":{"line":334,"column":4}},"86":{"start":{"line":194,"column":29},"end":{"line":194,"column":58}},"87":{"start":{"line":202,"column":27},"end":{"line":202,"column":58}},"88":{"start":{"line":221,"column":16},"end":{"line":227,"column":21}},"89":{"start":{"line":240,"column":16},"end":{"line":294,"column":21}},"90":{"start":{"line":273,"column":45},"end":{"line":273,"column":65}},"91":{"start":{"line":278,"column":45},"end":{"line":278,"column":149}},"92":{"start":{"line":283,"column":45},"end":{"line":283,"column":243}},"93":{"start":{"line":313,"column":39},"end":{"line":313,"column":103}},"94":{"start":{"line":329,"column":39},"end":{"line":329,"column":153}}},"fnMap":{"0":{"name":"(anonymous_0)","decl":{"start":{"line":9,"column":22},"end":{"line":9,"column":23}},"loc":{"start":{"line":9,"column":43},"end":{"line":335,"column":1}},"line":9},"1":{"name":"(anonymous_1)","decl":{"start":{"line":28,"column":12},"end":{"line":28,"column":13}},"loc":{"start":{"line":28,"column":18},"end":{"line":42,"column":3}},"line":28},"2":{"name":"(anonymous_2)","decl":{"start":{"line":29,"column":23},"end":{"line":29,"column":24}},"loc":{"start":{"line":29,"column":35},"end":{"line":39,"column":5}},"line":29},"3":{"name":"(anonymous_3)","decl":{"start":{"line":44,"column":27},"end":{"line":44,"column":28}},"loc":{"start":{"line":44,"column":61},"end":{"line":52,"column":3}},"line":44},"4":{"name":"(anonymous_4)","decl":{"start":{"line":54,"column":24},"end":{"line":54,"column":25}},"loc":{"start":{"line":54,"column":36},"end":{"line":72,"column":3}},"line":54},"5":{"name":"(anonymous_5)","decl":{"start":{"line":74,"column":21},"end":{"line":74,"column":22}},"loc":{"start":{"line":74,"column":33},"end":{"line":77,"column":3}},"line":74},"6":{"name":"(anonymous_6)","decl":{"start":{"line":75,"column":34},"end":{"line":75,"column":35}},"loc":{"start":{"line":75,"column":44},"end":{"line":75,"column":63}},"line":75},"7":{"name":"(anonymous_7)","decl":{"start":{"line":79,"column":23},"end":{"line":79,"column":24}},"loc":{"start":{"line":79,"column":41},"end":{"line":91,"column":3}},"line":79},"8":{"name":"(anonymous_8)","decl":{"start":{"line":83,"column":17},"end":{"line":83,"column":18}},"loc":{"start":{"line":83,"column":25},"end":{"line":83,"column":65}},"line":83},"9":{"name":"(anonymous_9)","decl":{"start":{"line":83,"column":37},"end":{"line":83,"column":38}},"loc":{"start":{"line":83,"column":45},"end":{"line":83,"column":64}},"line":83},"10":{"name":"(anonymous_10)","decl":{"start":{"line":93,"column":24},"end":{"line":93,"column":25}},"loc":{"start":{"line":93,"column":57},"end":{"line":113,"column":3}},"line":93},"11":{"name":"(anonymous_11)","decl":{"start":{"line":98,"column":17},"end":{"line":98,"column":18}},"loc":{"start":{"line":99,"column":10},"end":{"line":101,"column":11}},"line":99},"12":{"name":"(anonymous_12)","decl":{"start":{"line":99,"column":19},"end":{"line":99,"column":20}},"loc":{"start":{"line":100,"column":12},"end":{"line":100,"column":80}},"line":100},"13":{"name":"(anonymous_13)","decl":{"start":{"line":115,"column":21},"end":{"line":115,"column":22}},"loc":{"start":{"line":115,"column":52},"end":{"line":134,"column":3}},"line":115},"14":{"name":"(anonymous_14)","decl":{"start":{"line":120,"column":17},"end":{"line":120,"column":18}},"loc":{"start":{"line":121,"column":10},"end":{"line":123,"column":11}},"line":121},"15":{"name":"(anonymous_15)","decl":{"start":{"line":121,"column":24},"end":{"line":121,"column":25}},"loc":{"start":{"line":122,"column":12},"end":{"line":122,"column":68}},"line":122},"16":{"name":"(anonymous_16)","decl":{"start":{"line":136,"column":27},"end":{"line":136,"column":28}},"loc":{"start":{"line":136,"column":33},"end":{"line":138,"column":3}},"line":136},"17":{"name":"(anonymous_17)","decl":{"start":{"line":140,"column":37},"end":{"line":140,"column":38}},"loc":{"start":{"line":140,"column":45},"end":{"line":156,"column":3}},"line":140},"18":{"name":"(anonymous_18)","decl":{"start":{"line":152,"column":40},"end":{"line":152,"column":41}},"loc":{"start":{"line":153,"column":10},"end":{"line":153,"column":59}},"line":153},"19":{"name":"(anonymous_19)","decl":{"start":{"line":161,"column":27},"end":{"line":161,"column":28}},"loc":{"start":{"line":162,"column":10},"end":{"line":162,"column":83}},"line":162},"20":{"name":"(anonymous_20)","decl":{"start":{"line":194,"column":22},"end":{"line":194,"column":23}},"loc":{"start":{"line":194,"column":29},"end":{"line":194,"column":58}},"line":194},"21":{"name":"(anonymous_21)","decl":{"start":{"line":202,"column":20},"end":{"line":202,"column":21}},"loc":{"start":{"line":202,"column":27},"end":{"line":202,"column":58}},"line":202},"22":{"name":"(anonymous_22)","decl":{"start":{"line":220,"column":91},"end":{"line":220,"column":92}},"loc":{"start":{"line":221,"column":16},"end":{"line":227,"column":21}},"line":221},"23":{"name":"(anonymous_23)","decl":{"start":{"line":239,"column":32},"end":{"line":239,"column":33}},"loc":{"start":{"line":240,"column":16},"end":{"line":294,"column":21}},"line":240},"24":{"name":"(anonymous_24)","decl":{"start":{"line":273,"column":39},"end":{"line":273,"column":40}},"loc":{"start":{"line":273,"column":45},"end":{"line":273,"column":65}},"line":273},"25":{"name":"(anonymous_25)","decl":{"start":{"line":278,"column":39},"end":{"line":278,"column":40}},"loc":{"start":{"line":278,"column":45},"end":{"line":278,"column":149}},"line":278},"26":{"name":"(anonymous_26)","decl":{"start":{"line":283,"column":39},"end":{"line":283,"column":40}},"loc":{"start":{"line":283,"column":45},"end":{"line":283,"column":243}},"line":283},"27":{"name":"(anonymous_27)","decl":{"start":{"line":313,"column":33},"end":{"line":313,"column":34}},"loc":{"start":{"line":313,"column":39},"end":{"line":313,"column":103}},"line":313},"28":{"name":"(anonymous_28)","decl":{"start":{"line":329,"column":18},"end":{"line":329,"column":19}},"loc":{"start":{"line":329,"column":39},"end":{"line":329,"column":153}},"line":329}},"branchMap":{"0":{"loc":{"start":{"line":36,"column":17},"end":{"line":36,"column":55}},"type":"binary-expr","locations":[{"start":{"line":36,"column":17},"end":{"line":36,"column":28}},{"start":{"line":36,"column":32},"end":{"line":36,"column":55}}],"line":36},"1":{"loc":{"start":{"line":47,"column":13},"end":{"line":47,"column":45}},"type":"binary-expr","locations":[{"start":{"line":47,"column":13},"end":{"line":47,"column":18}},{"start":{"line":47,"column":22},"end":{"line":47,"column":45}}],"line":47},"2":{"loc":{"start":{"line":57,"column":6},"end":{"line":67,"column":7}},"type":"switch","locations":[{"start":{"line":58,"column":8},"end":{"line":60,"column":16}},{"start":{"line":61,"column":8},"end":{"line":63,"column":16}},{"start":{"line":64,"column":8},"end":{"line":66,"column":16}}],"line":57},"3":{"loc":{"start":{"line":82,"column":6},"end":{"line":87,"column":7}},"type":"if","locations":[{"start":{"line":82,"column":6},"end":{"line":87,"column":7}},{"start":{"line":85,"column":13},"end":{"line":87,"column":7}}],"line":82},"4":{"loc":{"start":{"line":86,"column":20},"end":{"line":86,"column":68}},"type":"binary-expr","locations":[{"start":{"line":86,"column":20},"end":{"line":86,"column":41}},{"start":{"line":86,"column":45},"end":{"line":86,"column":68}}],"line":86},"5":{"loc":{"start":{"line":89,"column":18},"end":{"line":89,"column":54}},"type":"binary-expr","locations":[{"start":{"line":89,"column":18},"end":{"line":89,"column":29}},{"start":{"line":89,"column":33},"end":{"line":89,"column":54}}],"line":89},"6":{"loc":{"start":{"line":97,"column":6},"end":{"line":109,"column":7}},"type":"if","locations":[{"start":{"line":97,"column":6},"end":{"line":109,"column":7}},{"start":{"line":107,"column":13},"end":{"line":109,"column":7}}],"line":97},"7":{"loc":{"start":{"line":100,"column":12},"end":{"line":100,"column":80}},"type":"cond-expr","locations":[{"start":{"line":100,"column":34},"end":{"line":100,"column":73}},{"start":{"line":100,"column":76},"end":{"line":100,"column":80}}],"line":100},"8":{"loc":{"start":{"line":105,"column":18},"end":{"line":105,"column":56}},"type":"cond-expr","locations":[{"start":{"line":105,"column":34},"end":{"line":105,"column":43}},{"start":{"line":105,"column":46},"end":{"line":105,"column":56}}],"line":105},"9":{"loc":{"start":{"line":108,"column":20},"end":{"line":108,"column":70}},"type":"binary-expr","locations":[{"start":{"line":108,"column":20},"end":{"line":108,"column":41}},{"start":{"line":108,"column":45},"end":{"line":108,"column":70}}],"line":108},"10":{"loc":{"start":{"line":111,"column":18},"end":{"line":111,"column":60}},"type":"binary-expr","locations":[{"start":{"line":111,"column":18},"end":{"line":111,"column":31}},{"start":{"line":111,"column":35},"end":{"line":111,"column":60}}],"line":111},"11":{"loc":{"start":{"line":119,"column":6},"end":{"line":129,"column":7}},"type":"if","locations":[{"start":{"line":119,"column":6},"end":{"line":129,"column":7}},{"start":{"line":127,"column":13},"end":{"line":129,"column":7}}],"line":119},"12":{"loc":{"start":{"line":122,"column":12},"end":{"line":122,"column":68}},"type":"cond-expr","locations":[{"start":{"line":122,"column":34},"end":{"line":122,"column":61}},{"start":{"line":122,"column":64},"end":{"line":122,"column":68}}],"line":122},"13":{"loc":{"start":{"line":128,"column":17},"end":{"line":128,"column":65}},"type":"binary-expr","locations":[{"start":{"line":128,"column":17},"end":{"line":128,"column":38}},{"start":{"line":128,"column":42},"end":{"line":128,"column":65}}],"line":128},"14":{"loc":{"start":{"line":132,"column":15},"end":{"line":132,"column":55}},"type":"binary-expr","locations":[{"start":{"line":132,"column":15},"end":{"line":132,"column":28}},{"start":{"line":132,"column":32},"end":{"line":132,"column":55}}],"line":132},"15":{"loc":{"start":{"line":142,"column":4},"end":{"line":155,"column":5}},"type":"switch","locations":[{"start":{"line":143,"column":6},"end":{"line":144,"column":65}},{"start":{"line":145,"column":6},"end":{"line":146,"column":62}},{"start":{"line":147,"column":6},"end":{"line":148,"column":61}},{"start":{"line":149,"column":6},"end":{"line":150,"column":71}},{"start":{"line":151,"column":6},"end":{"line":154,"column":10}}],"line":142},"16":{"loc":{"start":{"line":150,"column":15},"end":{"line":150,"column":70}},"type":"cond-expr","locations":[{"start":{"line":150,"column":33},"end":{"line":150,"column":43}},{"start":{"line":150,"column":46},"end":{"line":150,"column":70}}],"line":150},"17":{"loc":{"start":{"line":158,"column":2},"end":{"line":166,"column":3}},"type":"if","locations":[{"start":{"line":158,"column":2},"end":{"line":166,"column":3}},{"start":{},"end":{}}],"line":158},"18":{"loc":{"start":{"line":168,"column":2},"end":{"line":179,"column":3}},"type":"if","locations":[{"start":{"line":168,"column":2},"end":{"line":179,"column":3}},{"start":{},"end":{}}],"line":168},"19":{"loc":{"start":{"line":170,"column":93},"end":{"line":170,"column":124}},"type":"cond-expr","locations":[{"start":{"line":170,"column":107},"end":{"line":170,"column":114}},{"start":{"line":170,"column":117},"end":{"line":170,"column":124}}],"line":170},"20":{"loc":{"start":{"line":182,"column":57},"end":{"line":182,"column":88}},"type":"cond-expr","locations":[{"start":{"line":182,"column":71},"end":{"line":182,"column":78}},{"start":{"line":182,"column":81},"end":{"line":182,"column":88}}],"line":182},"21":{"loc":{"start":{"line":216,"column":10},"end":{"line":216,"column":55}},"type":"cond-expr","locations":[{"start":{"line":216,"column":24},"end":{"line":216,"column":38}},{"start":{"line":216,"column":41},"end":{"line":216,"column":55}}],"line":216},"22":{"loc":{"start":{"line":233,"column":13},"end":{"line":296,"column":13}},"type":"cond-expr","locations":[{"start":{"line":234,"column":14},"end":{"line":237,"column":19}},{"start":{"line":239,"column":14},"end":{"line":295,"column":16}}],"line":233},"23":{"loc":{"start":{"line":259,"column":22},"end":{"line":259,"column":97}},"type":"cond-expr","locations":[{"start":{"line":259,"column":40},"end":{"line":259,"column":65}},{"start":{"line":259,"column":68},"end":{"line":259,"column":97}}],"line":259},"24":{"loc":{"start":{"line":261,"column":23},"end":{"line":261,"column":62}},"type":"cond-expr","locations":[{"start":{"line":261,"column":41},"end":{"line":261,"column":51}},{"start":{"line":261,"column":54},"end":{"line":261,"column":62}}],"line":261},"25":{"loc":{"start":{"line":283,"column":134},"end":{"line":283,"column":172}},"type":"cond-expr","locations":[{"start":{"line":283,"column":152},"end":{"line":283,"column":160}},{"start":{"line":283,"column":163},"end":{"line":283,"column":172}}],"line":283},"26":{"loc":{"start":{"line":283,"column":197},"end":{"line":283,"column":235}},"type":"cond-expr","locations":[{"start":{"line":283,"column":215},"end":{"line":283,"column":223}},{"start":{"line":283,"column":226},"end":{"line":283,"column":235}}],"line":283},"27":{"loc":{"start":{"line":283,"column":259},"end":{"line":283,"column":313}},"type":"cond-expr","locations":[{"start":{"line":283,"column":277},"end":{"line":283,"column":293}},{"start":{"line":283,"column":296},"end":{"line":283,"column":313}}],"line":283},"28":{"loc":{"start":{"line":285,"column":27},"end":{"line":289,"column":27}},"type":"cond-expr","locations":[{"start":{"line":286,"column":28},"end":{"line":286,"column":316}},{"start":{"line":288,"column":28},"end":{"line":288,"column":196}}],"line":285},"29":{"loc":{"start":{"line":302,"column":7},"end":{"line":323,"column":7}},"type":"binary-expr","locations":[{"start":{"line":302,"column":7},"end":{"line":302,"column":30}},{"start":{"line":303,"column":8},"end":{"line":322,"column":14}}],"line":302},"30":{"loc":{"start":{"line":316,"column":112},"end":{"line":316,"column":296}},"type":"cond-expr","locations":[{"start":{"line":316,"column":153},"end":{"line":316,"column":182}},{"start":{"line":316,"column":185},"end":{"line":316,"column":296}}],"line":316},"31":{"loc":{"start":{"line":316,"column":185},"end":{"line":316,"column":296}},"type":"cond-expr","locations":[{"start":{"line":316,"column":227},"end":{"line":316,"column":262}},{"start":{"line":316,"column":265},"end":{"line":316,"column":296}}],"line":316},"32":{"loc":{"start":{"line":326,"column":7},"end":{"line":332,"column":7}},"type":"binary-expr","locations":[{"start":{"line":326,"column":7},"end":{"line":326,"column":18}},{"start":{"line":327,"column":8},"end":{"line":331,"column":10}}],"line":326}},"s":{"0":0,"1":0,"2":0,"3":0,"4":0,"5":0,"6":0,"7":0,"8":0,"9":0,"10":0,"11":0,"12":0,"13":0,"14":0,"15":0,"16":0,"17":0,"18":0,"19":0,"20":0,"21":0,"22":0,"23":0,"24":0,"25":0,"26":0,"27":0,"28":0,"29":0,"30":0,"31":0,"32":0,"33":0,"34":0,"35":0,"36":0,"37":0,"38":0,"39":0,"40":0,"41":0,"42":0,"43":0,"44":0,"45":0,"46":0,"47":0,"48":0,"49":0,"50":0,"51":0,"52":0,"53":0,"54":0,"55":0,"56":0,"57":0,"58":0,"59":0,"60":0,"61":0,"62":0,"63":0,"64":0,"65":0,"66":0,"67":0,"68":0,"69":0,"70":0,"71":0,"72":0,"73":0,"74":0,"75":0,"76":0,"77":0,"78":0,"79":0,"80":0,"81":0,"82":0,"83":0,"84":0,"85":0,"86":0,"87":0,"88":0,"89":0,"90":0,"91":0,"92":0,"93":0,"94":0},"f":{"0":0,"1":0,"2":0,"3":0,"4":0,"5":0,"6":0,"7":0,"8":0,"9":0,"10":0,"11":0,"12":0,"13":0,"14":0,"15":0,"16":0,"17":0,"18":0,"19":0,"20":0,"21":0,"22":0,"23":0,"24":0,"25":0,"26":0,"27":0,"28":0},"b":{"0":[0,0],"1":[0,0],"2":[0,0,0],"3":[0,0],"4":[0,0],"5":[0,0],"6":[0,0],"7":[0,0],"8":[0,0],"9":[0,0],"10":[0,0],"11":[0,0],"12":[0,0],"13":[0,0],"14":[0,0],"15":[0,0,0,0,0],"16":[0,0],"17":[0,0],"18":[0,0],"19":[0,0],"20":[0,0],"21":[0,0],"22":[0,0],"23":[0,0],"24":[0,0],"25":[0,0],"26":[0,0],"27":[0,0],"28":[0,0],"29":[0,0],"30":[0,0],"31":[0,0],"32":[0,0]}}
,"C:\\Users\\USER\\Desktop\\4twin9\\Piweb\\Novastackers\\SustainaFoodFront\\src\\config\\axiosInstance.js": {"path":"C:\\Users\\USER\\Desktop\\4twin9\\Piweb\\Novastackers\\SustainaFoodFront\\src\\config\\axiosInstance.js","statementMap":{"0":{"start":{"line":3,"column":22},"end":{"line":9,"column":2}},"1":{"start":{"line":11,"column":0},"end":{"line":19,"column":5}},"2":{"start":{"line":12,"column":18},"end":{"line":12,"column":47}},"3":{"start":{"line":13,"column":4},"end":{"line":15,"column":5}},"4":{"start":{"line":14,"column":6},"end":{"line":14,"column":55}},"5":{"start":{"line":16,"column":4},"end":{"line":16,"column":18}},"6":{"start":{"line":18,"column":4},"end":{"line":18,"column":33}}},"fnMap":{"0":{"name":"(anonymous_0)","decl":{"start":{"line":11,"column":39},"end":{"line":11,"column":40}},"loc":{"start":{"line":11,"column":51},"end":{"line":17,"column":3}},"line":11},"1":{"name":"(anonymous_1)","decl":{"start":{"line":17,"column":5},"end":{"line":17,"column":6}},"loc":{"start":{"line":17,"column":16},"end":{"line":19,"column":3}},"line":17}},"branchMap":{"0":{"loc":{"start":{"line":13,"column":4},"end":{"line":15,"column":5}},"type":"if","locations":[{"start":{"line":13,"column":4},"end":{"line":15,"column":5}},{"start":{},"end":{}}],"line":13}},"s":{"0":0,"1":0,"2":0,"3":0,"4":0,"5":0,"6":0},"f":{"0":0,"1":0},"b":{"0":[0,0]}}
}
